{
"V:\\ts-code-generator\\dist\\createFunctions.js":{"path":"V:\\ts-code-generator\\dist\\createFunctions.js","s":{"1":1,"2":1,"3":2,"4":1,"5":2,"6":1,"7":1,"8":1,"9":1,"10":1,"11":16,"12":1,"13":1,"14":8,"15":4,"16":8,"17":1,"18":1,"19":1,"20":1,"21":1,"22":3,"23":1,"24":1,"25":1,"26":1,"27":1,"28":1,"29":1,"30":1,"31":2,"32":1,"33":1,"34":1,"35":1,"36":1,"37":1,"38":1,"39":1,"40":5,"41":1,"42":1,"43":1,"44":1,"45":1,"46":1,"47":1,"48":1,"49":32,"50":2,"51":32,"52":1,"53":1,"54":7,"55":1,"56":1,"57":1,"58":1,"59":1,"60":1,"61":1,"62":1,"63":1,"64":1,"65":1,"66":5,"67":1,"68":1,"69":1,"70":1,"71":1,"72":1,"73":1,"74":1,"75":1,"76":1,"77":1,"78":7,"79":1,"80":1,"81":1,"82":1,"83":1,"84":1,"85":1,"86":1,"87":3,"88":1,"89":1,"90":3,"91":1,"92":1,"93":3,"94":1},"b":{"1":[1,1],"2":[4,4],"3":[2,30]},"f":{"1":2,"2":1,"3":16,"4":8,"5":1,"6":3,"7":1,"8":1,"9":2,"10":1,"11":1,"12":5,"13":1,"14":1,"15":32,"16":7,"17":1,"18":1,"19":1,"20":5,"21":1,"22":1,"23":1,"24":7,"25":1,"26":1,"27":3,"28":3,"29":3},"fnMap":{"1":{"name":"createCallSignature","line":3,"loc":{"start":{"line":3,"column":0},"end":{"line":3,"column":40}}},"2":{"name":"createCallSignatureParameter","line":8,"loc":{"start":{"line":8,"column":0},"end":{"line":8,"column":49}}},"3":{"name":"createClass","line":12,"loc":{"start":{"line":12,"column":0},"end":{"line":12,"column":32}}},"4":{"name":"createClassConstructor","line":16,"loc":{"start":{"line":16,"column":0},"end":{"line":16,"column":43}}},"5":{"name":"createClassConstructorParameter","line":21,"loc":{"start":{"line":21,"column":0},"end":{"line":21,"column":52}}},"6":{"name":"createClassMethod","line":25,"loc":{"start":{"line":25,"column":0},"end":{"line":25,"column":38}}},"7":{"name":"createClassMethodParameter","line":29,"loc":{"start":{"line":29,"column":0},"end":{"line":29,"column":47}}},"8":{"name":"createClassProperty","line":33,"loc":{"start":{"line":33,"column":0},"end":{"line":33,"column":40}}},"9":{"name":"createClassStaticMethod","line":37,"loc":{"start":{"line":37,"column":0},"end":{"line":37,"column":44}}},"10":{"name":"createClassStaticMethodParameter","line":41,"loc":{"start":{"line":41,"column":0},"end":{"line":41,"column":53}}},"11":{"name":"createClassStaticProperty","line":45,"loc":{"start":{"line":45,"column":0},"end":{"line":45,"column":46}}},"12":{"name":"createDecorator","line":49,"loc":{"start":{"line":49,"column":0},"end":{"line":49,"column":36}}},"13":{"name":"createEnum","line":53,"loc":{"start":{"line":53,"column":0},"end":{"line":53,"column":31}}},"14":{"name":"createEnumMember","line":57,"loc":{"start":{"line":57,"column":0},"end":{"line":57,"column":37}}},"15":{"name":"createFile","line":61,"loc":{"start":{"line":61,"column":0},"end":{"line":61,"column":31}}},"16":{"name":"createFunction","line":66,"loc":{"start":{"line":66,"column":0},"end":{"line":66,"column":35}}},"17":{"name":"createFunctionParameter","line":70,"loc":{"start":{"line":70,"column":0},"end":{"line":70,"column":44}}},"18":{"name":"createImport","line":74,"loc":{"start":{"line":74,"column":0},"end":{"line":74,"column":33}}},"19":{"name":"createIndexSignature","line":78,"loc":{"start":{"line":78,"column":0},"end":{"line":78,"column":41}}},"20":{"name":"createInterface","line":82,"loc":{"start":{"line":82,"column":0},"end":{"line":82,"column":36}}},"21":{"name":"createInterfaceMethod","line":86,"loc":{"start":{"line":86,"column":0},"end":{"line":86,"column":42}}},"22":{"name":"createInterfaceMethodParameter","line":90,"loc":{"start":{"line":90,"column":0},"end":{"line":90,"column":51}}},"23":{"name":"createInterfaceProperty","line":94,"loc":{"start":{"line":94,"column":0},"end":{"line":94,"column":44}}},"24":{"name":"createNamespace","line":98,"loc":{"start":{"line":98,"column":0},"end":{"line":98,"column":36}}},"25":{"name":"createReExport","line":102,"loc":{"start":{"line":102,"column":0},"end":{"line":102,"column":35}}},"26":{"name":"createTypeAlias","line":106,"loc":{"start":{"line":106,"column":0},"end":{"line":106,"column":36}}},"27":{"name":"createTypeParameter","line":110,"loc":{"start":{"line":110,"column":0},"end":{"line":110,"column":40}}},"28":{"name":"createNamedImportPart","line":114,"loc":{"start":{"line":114,"column":0},"end":{"line":114,"column":42}}},"29":{"name":"createVariable","line":118,"loc":{"start":{"line":118,"column":0},"end":{"line":118,"column":35}}}},"statementMap":{"1":{"start":{"line":2,"column":0},"end":{"line":2,"column":41}},"2":{"start":{"line":3,"column":0},"end":{"line":6,"column":1}},"3":{"start":{"line":4,"column":4},"end":{"line":4,"column":49}},"4":{"start":{"line":4,"column":32},"end":{"line":4,"column":47}},"5":{"start":{"line":5,"column":4},"end":{"line":5,"column":74}},"6":{"start":{"line":7,"column":0},"end":{"line":7,"column":50}},"7":{"start":{"line":8,"column":0},"end":{"line":10,"column":1}},"8":{"start":{"line":9,"column":4},"end":{"line":9,"column":83}},"9":{"start":{"line":11,"column":0},"end":{"line":11,"column":68}},"10":{"start":{"line":12,"column":0},"end":{"line":14,"column":1}},"11":{"start":{"line":13,"column":4},"end":{"line":13,"column":66}},"12":{"start":{"line":15,"column":0},"end":{"line":15,"column":34}},"13":{"start":{"line":16,"column":0},"end":{"line":19,"column":1}},"14":{"start":{"line":17,"column":4},"end":{"line":17,"column":49}},"15":{"start":{"line":17,"column":32},"end":{"line":17,"column":47}},"16":{"start":{"line":18,"column":4},"end":{"line":18,"column":77}},"17":{"start":{"line":20,"column":0},"end":{"line":20,"column":56}},"18":{"start":{"line":21,"column":0},"end":{"line":23,"column":1}},"19":{"start":{"line":22,"column":4},"end":{"line":22,"column":86}},"20":{"start":{"line":24,"column":0},"end":{"line":24,"column":74}},"21":{"start":{"line":25,"column":0},"end":{"line":27,"column":1}},"22":{"start":{"line":26,"column":4},"end":{"line":26,"column":72}},"23":{"start":{"line":28,"column":0},"end":{"line":28,"column":46}},"24":{"start":{"line":29,"column":0},"end":{"line":31,"column":1}},"25":{"start":{"line":30,"column":4},"end":{"line":30,"column":81}},"26":{"start":{"line":32,"column":0},"end":{"line":32,"column":64}},"27":{"start":{"line":33,"column":0},"end":{"line":35,"column":1}},"28":{"start":{"line":34,"column":4},"end":{"line":34,"column":74}},"29":{"start":{"line":36,"column":0},"end":{"line":36,"column":50}},"30":{"start":{"line":37,"column":0},"end":{"line":39,"column":1}},"31":{"start":{"line":38,"column":4},"end":{"line":38,"column":78}},"32":{"start":{"line":40,"column":0},"end":{"line":40,"column":58}},"33":{"start":{"line":41,"column":0},"end":{"line":43,"column":1}},"34":{"start":{"line":42,"column":4},"end":{"line":42,"column":87}},"35":{"start":{"line":44,"column":0},"end":{"line":44,"column":76}},"36":{"start":{"line":45,"column":0},"end":{"line":47,"column":1}},"37":{"start":{"line":46,"column":4},"end":{"line":46,"column":80}},"38":{"start":{"line":48,"column":0},"end":{"line":48,"column":62}},"39":{"start":{"line":49,"column":0},"end":{"line":51,"column":1}},"40":{"start":{"line":50,"column":4},"end":{"line":50,"column":70}},"41":{"start":{"line":52,"column":0},"end":{"line":52,"column":42}},"42":{"start":{"line":53,"column":0},"end":{"line":55,"column":1}},"43":{"start":{"line":54,"column":4},"end":{"line":54,"column":65}},"44":{"start":{"line":56,"column":0},"end":{"line":56,"column":32}},"45":{"start":{"line":57,"column":0},"end":{"line":59,"column":1}},"46":{"start":{"line":58,"column":4},"end":{"line":58,"column":71}},"47":{"start":{"line":60,"column":0},"end":{"line":60,"column":44}},"48":{"start":{"line":61,"column":0},"end":{"line":64,"column":1}},"49":{"start":{"line":62,"column":4},"end":{"line":62,"column":49}},"50":{"start":{"line":62,"column":32},"end":{"line":62,"column":47}},"51":{"start":{"line":63,"column":4},"end":{"line":63,"column":65}},"52":{"start":{"line":65,"column":0},"end":{"line":65,"column":32}},"53":{"start":{"line":66,"column":0},"end":{"line":68,"column":1}},"54":{"start":{"line":67,"column":4},"end":{"line":67,"column":69}},"55":{"start":{"line":69,"column":0},"end":{"line":69,"column":40}},"56":{"start":{"line":70,"column":0},"end":{"line":72,"column":1}},"57":{"start":{"line":71,"column":4},"end":{"line":71,"column":78}},"58":{"start":{"line":73,"column":0},"end":{"line":73,"column":58}},"59":{"start":{"line":74,"column":0},"end":{"line":76,"column":1}},"60":{"start":{"line":75,"column":4},"end":{"line":75,"column":67}},"61":{"start":{"line":77,"column":0},"end":{"line":77,"column":36}},"62":{"start":{"line":78,"column":0},"end":{"line":80,"column":1}},"63":{"start":{"line":79,"column":4},"end":{"line":79,"column":75}},"64":{"start":{"line":81,"column":0},"end":{"line":81,"column":52}},"65":{"start":{"line":82,"column":0},"end":{"line":84,"column":1}},"66":{"start":{"line":83,"column":4},"end":{"line":83,"column":70}},"67":{"start":{"line":85,"column":0},"end":{"line":85,"column":42}},"68":{"start":{"line":86,"column":0},"end":{"line":88,"column":1}},"69":{"start":{"line":87,"column":4},"end":{"line":87,"column":76}},"70":{"start":{"line":89,"column":0},"end":{"line":89,"column":54}},"71":{"start":{"line":90,"column":0},"end":{"line":92,"column":1}},"72":{"start":{"line":91,"column":4},"end":{"line":91,"column":85}},"73":{"start":{"line":93,"column":0},"end":{"line":93,"column":72}},"74":{"start":{"line":94,"column":0},"end":{"line":96,"column":1}},"75":{"start":{"line":95,"column":4},"end":{"line":95,"column":78}},"76":{"start":{"line":97,"column":0},"end":{"line":97,"column":58}},"77":{"start":{"line":98,"column":0},"end":{"line":100,"column":1}},"78":{"start":{"line":99,"column":4},"end":{"line":99,"column":70}},"79":{"start":{"line":101,"column":0},"end":{"line":101,"column":42}},"80":{"start":{"line":102,"column":0},"end":{"line":104,"column":1}},"81":{"start":{"line":103,"column":4},"end":{"line":103,"column":69}},"82":{"start":{"line":105,"column":0},"end":{"line":105,"column":40}},"83":{"start":{"line":106,"column":0},"end":{"line":108,"column":1}},"84":{"start":{"line":107,"column":4},"end":{"line":107,"column":70}},"85":{"start":{"line":109,"column":0},"end":{"line":109,"column":42}},"86":{"start":{"line":110,"column":0},"end":{"line":112,"column":1}},"87":{"start":{"line":111,"column":4},"end":{"line":111,"column":74}},"88":{"start":{"line":113,"column":0},"end":{"line":113,"column":50}},"89":{"start":{"line":114,"column":0},"end":{"line":116,"column":1}},"90":{"start":{"line":115,"column":4},"end":{"line":115,"column":76}},"91":{"start":{"line":117,"column":0},"end":{"line":117,"column":54}},"92":{"start":{"line":118,"column":0},"end":{"line":120,"column":1}},"93":{"start":{"line":119,"column":4},"end":{"line":119,"column":69}},"94":{"start":{"line":121,"column":0},"end":{"line":121,"column":40}}},"branchMap":{"1":{"line":4,"type":"if","locations":[{"start":{"line":4,"column":4},"end":{"line":4,"column":4}},{"start":{"line":4,"column":4},"end":{"line":4,"column":4}}]},"2":{"line":17,"type":"if","locations":[{"start":{"line":17,"column":4},"end":{"line":17,"column":4}},{"start":{"line":17,"column":4},"end":{"line":17,"column":4}}]},"3":{"line":62,"type":"if","locations":[{"start":{"line":62,"column":4},"end":{"line":62,"column":4}},{"start":{"line":62,"column":4},"end":{"line":62,"column":4}}]}},"l":{"2":1,"3":1,"4":2,"5":2,"7":1,"8":1,"9":1,"11":1,"12":1,"13":16,"15":1,"16":1,"17":8,"18":8,"20":1,"21":1,"22":1,"24":1,"25":1,"26":3,"28":1,"29":1,"30":1,"32":1,"33":1,"34":1,"36":1,"37":1,"38":2,"40":1,"41":1,"42":1,"44":1,"45":1,"46":1,"48":1,"49":1,"50":5,"52":1,"53":1,"54":1,"56":1,"57":1,"58":1,"60":1,"61":1,"62":32,"63":32,"65":1,"66":1,"67":7,"69":1,"70":1,"71":1,"73":1,"74":1,"75":1,"77":1,"78":1,"79":1,"81":1,"82":1,"83":5,"85":1,"86":1,"87":1,"89":1,"90":1,"91":1,"93":1,"94":1,"95":1,"97":1,"98":1,"99":7,"101":1,"102":1,"103":1,"105":1,"106":1,"107":1,"109":1,"110":1,"111":3,"113":1,"114":1,"115":3,"117":1,"118":1,"119":3,"121":1}},
"V:\\ts-code-generator\\dist\\factories.js":{"path":"V:\\ts-code-generator\\dist\\factories.js","s":{"1":1,"2":3,"3":3,"4":3,"5":1,"6":1,"7":1},"b":{"1":[3,0]},"f":{"1":3},"fnMap":{"1":{"name":"__export","line":2,"loc":{"start":{"line":2,"column":0},"end":{"line":2,"column":21}}}},"statementMap":{"1":{"start":{"line":2,"column":0},"end":{"line":4,"column":1}},"2":{"start":{"line":3,"column":4},"end":{"line":3,"column":98}},"3":{"start":{"line":3,"column":48},"end":{"line":3,"column":98}},"4":{"start":{"line":3,"column":80},"end":{"line":3,"column":98}},"5":{"start":{"line":5,"column":0},"end":{"line":5,"column":45}},"6":{"start":{"line":6,"column":0},"end":{"line":6,"column":50}},"7":{"start":{"line":7,"column":0},"end":{"line":7,"column":47}}},"branchMap":{"1":{"line":3,"type":"if","locations":[{"start":{"line":3,"column":48},"end":{"line":3,"column":48}},{"start":{"line":3,"column":48},"end":{"line":3,"column":48},"skip":true}]}},"l":{"2":1,"3":3,"5":1,"6":1,"7":1}},
"V:\\ts-code-generator\\dist\\factories\\MainFactory.js":{"path":"V:\\ts-code-generator\\dist\\factories\\MainFactory.js","s":{"1":1,"2":1,"3":1,"4":1,"5":1,"6":21,"7":1,"8":21,"9":1,"10":1},"b":{},"f":{"1":1,"2":0,"3":21,"4":21},"fnMap":{"1":{"name":"(anonymous_1)","line":4,"loc":{"start":{"line":4,"column":19},"end":{"line":4,"column":31}}},"2":{"name":"MainFactory","line":5,"loc":{"start":{"line":5,"column":31},"end":{"line":5,"column":54}},"skip":true},"3":{"name":"(anonymous_3)","line":8,"loc":{"start":{"line":8,"column":31},"end":{"line":8,"column":55}}},"4":{"name":"(anonymous_4)","line":12,"loc":{"start":{"line":12,"column":37},"end":{"line":12,"column":55}}}},"statementMap":{"1":{"start":{"line":2,"column":0},"end":{"line":2,"column":55}},"2":{"start":{"line":3,"column":0},"end":{"line":3,"column":49}},"3":{"start":{"line":4,"column":0},"end":{"line":16,"column":5}},"4":{"start":{"line":5,"column":31},"end":{"line":6,"column":5},"skip":true},"5":{"start":{"line":8,"column":4},"end":{"line":10,"column":6}},"6":{"start":{"line":9,"column":8},"end":{"line":9,"column":61}},"7":{"start":{"line":12,"column":4},"end":{"line":14,"column":6}},"8":{"start":{"line":13,"column":8},"end":{"line":13,"column":57}},"9":{"start":{"line":15,"column":4},"end":{"line":15,"column":23}},"10":{"start":{"line":17,"column":0},"end":{"line":17,"column":34}}},"branchMap":{},"l":{"2":1,"3":1,"4":1,"5":1,"8":1,"9":21,"12":1,"13":21,"15":1,"17":1}},
"V:\\ts-code-generator\\dist\\factories\\WriterFactory.js":{"path":"V:\\ts-code-generator\\dist\\factories\\WriterFactory.js","s":{"1":1,"2":41,"3":41,"4":0,"5":41,"6":41,"7":41,"8":41,"9":1,"10":1,"11":1,"12":1,"13":21,"14":1,"15":21,"16":1,"17":19,"18":1,"19":11,"20":1,"21":11,"22":1,"23":11,"24":1,"25":9,"26":1,"27":9,"28":1,"29":11,"30":1,"31":11,"32":1,"33":16,"34":1,"35":19,"36":1,"37":12,"38":1,"39":12,"40":1,"41":19,"42":1,"43":16,"44":1,"45":9,"46":1,"47":11,"48":1,"49":11,"50":1,"51":7,"52":1,"53":11,"54":1,"55":8,"56":1,"57":9,"58":1,"59":9,"60":1,"61":7,"62":1,"63":8,"64":1,"65":8,"66":1,"67":2,"68":1,"69":11,"70":1,"71":11,"72":1,"73":11,"74":1,"75":9,"76":1,"77":8,"78":1,"79":11,"80":1,"81":9,"82":1,"83":16,"84":1,"85":11,"86":1,"87":11,"88":1,"89":16,"90":1,"91":14,"92":1,"93":14,"94":1,"95":9,"96":9,"97":9,"98":9,"99":9,"100":1,"101":1,"102":1,"103":1,"104":1,"105":1,"106":1,"107":1,"108":1,"109":1,"110":1,"111":1,"112":1,"113":1,"114":1,"115":1,"116":1,"117":1,"118":1,"119":1,"120":1,"121":1,"122":1,"123":1,"124":1,"125":1,"126":1,"127":1,"128":1,"129":1,"130":1,"131":1,"132":1,"133":1,"134":1,"135":1,"136":1,"137":1,"138":1,"139":1,"140":1,"141":1,"142":1},"b":{"1":[1,1,1],"2":[0,41],"3":[41,0],"4":[0,41],"5":[41,0],"6":[41,0],"7":[41,41],"8":[0,41],"9":[41,0],"10":[41,41,41]},"f":{"1":41,"2":1,"3":21,"4":21,"5":19,"6":11,"7":11,"8":11,"9":9,"10":9,"11":11,"12":11,"13":16,"14":19,"15":12,"16":12,"17":19,"18":16,"19":9,"20":11,"21":11,"22":7,"23":11,"24":8,"25":9,"26":9,"27":7,"28":8,"29":8,"30":2,"31":11,"32":11,"33":11,"34":9,"35":8,"36":11,"37":9,"38":16,"39":11,"40":11,"41":16,"42":14,"43":14,"44":9},"fnMap":{"1":{"name":"(anonymous_1)","line":2,"loc":{"start":{"line":2,"column":46},"end":{"line":2,"column":87}}},"2":{"name":"(anonymous_2)","line":10,"loc":{"start":{"line":10,"column":21},"end":{"line":10,"column":33}}},"3":{"name":"WriterFactory","line":11,"loc":{"start":{"line":11,"column":4},"end":{"line":11,"column":35}}},"4":{"name":"(anonymous_4)","line":14,"loc":{"start":{"line":14,"column":54},"end":{"line":14,"column":66}}},"5":{"name":"(anonymous_5)","line":17,"loc":{"start":{"line":17,"column":51},"end":{"line":17,"column":63}}},"6":{"name":"(anonymous_6)","line":20,"loc":{"start":{"line":20,"column":49},"end":{"line":20,"column":61}}},"7":{"name":"(anonymous_7)","line":23,"loc":{"start":{"line":23,"column":53},"end":{"line":23,"column":65}}},"8":{"name":"(anonymous_8)","line":26,"loc":{"start":{"line":26,"column":70},"end":{"line":26,"column":82}}},"9":{"name":"(anonymous_9)","line":29,"loc":{"start":{"line":29,"column":56},"end":{"line":29,"column":68}}},"10":{"name":"(anonymous_10)","line":32,"loc":{"start":{"line":32,"column":45},"end":{"line":32,"column":57}}},"11":{"name":"(anonymous_11)","line":35,"loc":{"start":{"line":35,"column":49},"end":{"line":35,"column":61}}},"12":{"name":"(anonymous_12)","line":38,"loc":{"start":{"line":38,"column":50},"end":{"line":38,"column":62}}},"13":{"name":"(anonymous_13)","line":41,"loc":{"start":{"line":41,"column":59},"end":{"line":41,"column":71}}},"14":{"name":"(anonymous_14)","line":44,"loc":{"start":{"line":44,"column":55},"end":{"line":44,"column":67}}},"15":{"name":"(anonymous_15)","line":47,"loc":{"start":{"line":47,"column":44},"end":{"line":47,"column":56}}},"16":{"name":"(anonymous_16)","line":50,"loc":{"start":{"line":50,"column":50},"end":{"line":50,"column":62}}},"17":{"name":"(anonymous_17)","line":53,"loc":{"start":{"line":53,"column":50},"end":{"line":53,"column":62}}},"18":{"name":"(anonymous_18)","line":56,"loc":{"start":{"line":56,"column":50},"end":{"line":56,"column":62}}},"19":{"name":"(anonymous_19)","line":59,"loc":{"start":{"line":59,"column":63},"end":{"line":59,"column":75}}},"20":{"name":"(anonymous_20)","line":62,"loc":{"start":{"line":62,"column":52},"end":{"line":62,"column":64}}},"21":{"name":"(anonymous_21)","line":65,"loc":{"start":{"line":65,"column":58},"end":{"line":65,"column":70}}},"22":{"name":"(anonymous_22)","line":68,"loc":{"start":{"line":68,"column":44},"end":{"line":68,"column":56}}},"23":{"name":"(anonymous_23)","line":71,"loc":{"start":{"line":71,"column":48},"end":{"line":71,"column":60}}},"24":{"name":"(anonymous_24)","line":74,"loc":{"start":{"line":74,"column":46},"end":{"line":74,"column":58}}},"25":{"name":"(anonymous_25)","line":77,"loc":{"start":{"line":77,"column":54},"end":{"line":77,"column":66}}},"26":{"name":"(anonymous_26)","line":80,"loc":{"start":{"line":80,"column":49},"end":{"line":80,"column":61}}},"27":{"name":"(anonymous_27)","line":83,"loc":{"start":{"line":83,"column":47},"end":{"line":83,"column":59}}},"28":{"name":"(anonymous_28)","line":86,"loc":{"start":{"line":86,"column":55},"end":{"line":86,"column":67}}},"29":{"name":"(anonymous_29)","line":89,"loc":{"start":{"line":89,"column":56},"end":{"line":89,"column":68}}},"30":{"name":"(anonymous_30)","line":92,"loc":{"start":{"line":92,"column":49},"end":{"line":92,"column":61}}},"31":{"name":"(anonymous_31)","line":95,"loc":{"start":{"line":95,"column":50},"end":{"line":95,"column":62}}},"32":{"name":"(anonymous_32)","line":98,"loc":{"start":{"line":98,"column":49},"end":{"line":98,"column":61}}},"33":{"name":"(anonymous_33)","line":101,"loc":{"start":{"line":101,"column":66},"end":{"line":101,"column":78}}},"34":{"name":"(anonymous_34)","line":104,"loc":{"start":{"line":104,"column":48},"end":{"line":104,"column":60}}},"35":{"name":"(anonymous_35)","line":107,"loc":{"start":{"line":107,"column":48},"end":{"line":107,"column":60}}},"36":{"name":"(anonymous_36)","line":110,"loc":{"start":{"line":110,"column":45},"end":{"line":110,"column":57}}},"37":{"name":"(anonymous_37)","line":113,"loc":{"start":{"line":113,"column":49},"end":{"line":113,"column":61}}},"38":{"name":"(anonymous_38)","line":116,"loc":{"start":{"line":116,"column":65},"end":{"line":116,"column":77}}},"39":{"name":"(anonymous_39)","line":119,"loc":{"start":{"line":119,"column":53},"end":{"line":119,"column":65}}},"40":{"name":"(anonymous_40)","line":122,"loc":{"start":{"line":122,"column":54},"end":{"line":122,"column":66}}},"41":{"name":"(anonymous_41)","line":125,"loc":{"start":{"line":125,"column":44},"end":{"line":125,"column":56}}},"42":{"name":"(anonymous_42)","line":128,"loc":{"start":{"line":128,"column":59},"end":{"line":128,"column":71}}},"43":{"name":"(anonymous_43)","line":131,"loc":{"start":{"line":131,"column":48},"end":{"line":131,"column":60}}},"44":{"name":"(anonymous_44)","line":134,"loc":{"start":{"line":134,"column":66},"end":{"line":134,"column":78}}}},"statementMap":{"1":{"start":{"line":2,"column":0},"end":{"line":7,"column":2}},"2":{"start":{"line":3,"column":4},"end":{"line":3,"column":129}},"3":{"start":{"line":4,"column":4},"end":{"line":5,"column":150}},"4":{"start":{"line":4,"column":79},"end":{"line":4,"column":131}},"5":{"start":{"line":5,"column":9},"end":{"line":5,"column":150}},"6":{"start":{"line":5,"column":58},"end":{"line":5,"column":150}},"7":{"start":{"line":5,"column":81},"end":{"line":5,"column":150}},"8":{"start":{"line":6,"column":4},"end":{"line":6,"column":66}},"9":{"start":{"line":8,"column":0},"end":{"line":8,"column":38}},"10":{"start":{"line":9,"column":0},"end":{"line":9,"column":36}},"11":{"start":{"line":10,"column":0},"end":{"line":265,"column":5}},"12":{"start":{"line":11,"column":4},"end":{"line":13,"column":5}},"13":{"start":{"line":12,"column":8},"end":{"line":12,"column":29}},"14":{"start":{"line":14,"column":4},"end":{"line":16,"column":6}},"15":{"start":{"line":15,"column":8},"end":{"line":15,"column":61}},"16":{"start":{"line":17,"column":4},"end":{"line":19,"column":6}},"17":{"start":{"line":18,"column":8},"end":{"line":18,"column":58}},"18":{"start":{"line":20,"column":4},"end":{"line":22,"column":6}},"19":{"start":{"line":21,"column":8},"end":{"line":21,"column":56}},"20":{"start":{"line":23,"column":4},"end":{"line":25,"column":6}},"21":{"start":{"line":24,"column":8},"end":{"line":24,"column":174}},"22":{"start":{"line":26,"column":4},"end":{"line":28,"column":6}},"23":{"start":{"line":27,"column":8},"end":{"line":27,"column":77}},"24":{"start":{"line":29,"column":4},"end":{"line":31,"column":6}},"25":{"start":{"line":30,"column":8},"end":{"line":30,"column":209}},"26":{"start":{"line":32,"column":4},"end":{"line":34,"column":6}},"27":{"start":{"line":33,"column":8},"end":{"line":33,"column":391}},"28":{"start":{"line":35,"column":4},"end":{"line":37,"column":6}},"29":{"start":{"line":36,"column":8},"end":{"line":36,"column":88}},"30":{"start":{"line":38,"column":4},"end":{"line":40,"column":6}},"31":{"start":{"line":39,"column":8},"end":{"line":39,"column":84}},"32":{"start":{"line":41,"column":4},"end":{"line":43,"column":6}},"33":{"start":{"line":42,"column":8},"end":{"line":42,"column":94}},"34":{"start":{"line":44,"column":4},"end":{"line":46,"column":6}},"35":{"start":{"line":45,"column":8},"end":{"line":45,"column":62}},"36":{"start":{"line":47,"column":4},"end":{"line":49,"column":6}},"37":{"start":{"line":48,"column":8},"end":{"line":48,"column":201}},"38":{"start":{"line":50,"column":4},"end":{"line":52,"column":6}},"39":{"start":{"line":51,"column":8},"end":{"line":51,"column":122}},"40":{"start":{"line":53,"column":4},"end":{"line":55,"column":6}},"41":{"start":{"line":54,"column":8},"end":{"line":54,"column":57}},"42":{"start":{"line":56,"column":4},"end":{"line":58,"column":6}},"43":{"start":{"line":57,"column":8},"end":{"line":57,"column":57}},"44":{"start":{"line":59,"column":4},"end":{"line":61,"column":6}},"45":{"start":{"line":60,"column":8},"end":{"line":60,"column":70}},"46":{"start":{"line":62,"column":4},"end":{"line":64,"column":6}},"47":{"start":{"line":63,"column":8},"end":{"line":63,"column":59}},"48":{"start":{"line":65,"column":4},"end":{"line":67,"column":6}},"49":{"start":{"line":66,"column":8},"end":{"line":66,"column":117}},"50":{"start":{"line":68,"column":4},"end":{"line":70,"column":6}},"51":{"start":{"line":69,"column":8},"end":{"line":69,"column":158}},"52":{"start":{"line":71,"column":4},"end":{"line":73,"column":6}},"53":{"start":{"line":72,"column":8},"end":{"line":72,"column":412}},"54":{"start":{"line":74,"column":4},"end":{"line":76,"column":6}},"55":{"start":{"line":75,"column":8},"end":{"line":75,"column":85}},"56":{"start":{"line":77,"column":4},"end":{"line":79,"column":6}},"57":{"start":{"line":78,"column":8},"end":{"line":78,"column":115}},"58":{"start":{"line":80,"column":4},"end":{"line":82,"column":6}},"59":{"start":{"line":81,"column":8},"end":{"line":81,"column":366}},"60":{"start":{"line":83,"column":4},"end":{"line":85,"column":6}},"61":{"start":{"line":84,"column":8},"end":{"line":84,"column":72}},"62":{"start":{"line":86,"column":4},"end":{"line":88,"column":6}},"63":{"start":{"line":87,"column":8},"end":{"line":87,"column":94}},"64":{"start":{"line":89,"column":4},"end":{"line":91,"column":6}},"65":{"start":{"line":90,"column":8},"end":{"line":90,"column":96}},"66":{"start":{"line":92,"column":4},"end":{"line":94,"column":6}},"67":{"start":{"line":93,"column":8},"end":{"line":93,"column":74}},"68":{"start":{"line":95,"column":4},"end":{"line":97,"column":6}},"69":{"start":{"line":96,"column":8},"end":{"line":96,"column":150}},"70":{"start":{"line":98,"column":4},"end":{"line":100,"column":6}},"71":{"start":{"line":99,"column":8},"end":{"line":99,"column":207}},"72":{"start":{"line":101,"column":4},"end":{"line":103,"column":6}},"73":{"start":{"line":102,"column":8},"end":{"line":102,"column":164}},"74":{"start":{"line":104,"column":4},"end":{"line":106,"column":6}},"75":{"start":{"line":105,"column":8},"end":{"line":105,"column":236}},"76":{"start":{"line":107,"column":4},"end":{"line":109,"column":6}},"77":{"start":{"line":108,"column":8},"end":{"line":108,"column":121}},"78":{"start":{"line":110,"column":4},"end":{"line":112,"column":6}},"79":{"start":{"line":111,"column":8},"end":{"line":111,"column":52}},"80":{"start":{"line":113,"column":4},"end":{"line":115,"column":6}},"81":{"start":{"line":114,"column":8},"end":{"line":114,"column":232}},"82":{"start":{"line":116,"column":4},"end":{"line":118,"column":6}},"83":{"start":{"line":117,"column":8},"end":{"line":117,"column":131}},"84":{"start":{"line":119,"column":4},"end":{"line":121,"column":6}},"85":{"start":{"line":120,"column":8},"end":{"line":120,"column":114}},"86":{"start":{"line":122,"column":4},"end":{"line":124,"column":6}},"87":{"start":{"line":123,"column":8},"end":{"line":123,"column":92}},"88":{"start":{"line":125,"column":4},"end":{"line":127,"column":6}},"89":{"start":{"line":126,"column":8},"end":{"line":126,"column":51}},"90":{"start":{"line":128,"column":4},"end":{"line":130,"column":6}},"91":{"start":{"line":129,"column":8},"end":{"line":129,"column":70}},"92":{"start":{"line":131,"column":4},"end":{"line":133,"column":6}},"93":{"start":{"line":132,"column":8},"end":{"line":132,"column":257}},"94":{"start":{"line":134,"column":4},"end":{"line":140,"column":6}},"95":{"start":{"line":135,"column":8},"end":{"line":135,"column":218}},"96":{"start":{"line":136,"column":8},"end":{"line":136,"column":193}},"97":{"start":{"line":137,"column":8},"end":{"line":137,"column":50}},"98":{"start":{"line":138,"column":8},"end":{"line":138,"column":50}},"99":{"start":{"line":139,"column":8},"end":{"line":139,"column":82}},"100":{"start":{"line":141,"column":4},"end":{"line":143,"column":65}},"101":{"start":{"line":144,"column":4},"end":{"line":146,"column":62}},"102":{"start":{"line":147,"column":4},"end":{"line":149,"column":60}},"103":{"start":{"line":150,"column":4},"end":{"line":152,"column":64}},"104":{"start":{"line":153,"column":4},"end":{"line":155,"column":81}},"105":{"start":{"line":156,"column":4},"end":{"line":158,"column":67}},"106":{"start":{"line":159,"column":4},"end":{"line":161,"column":56}},"107":{"start":{"line":162,"column":4},"end":{"line":164,"column":60}},"108":{"start":{"line":165,"column":4},"end":{"line":167,"column":61}},"109":{"start":{"line":168,"column":4},"end":{"line":170,"column":70}},"110":{"start":{"line":171,"column":4},"end":{"line":173,"column":66}},"111":{"start":{"line":174,"column":4},"end":{"line":176,"column":55}},"112":{"start":{"line":177,"column":4},"end":{"line":179,"column":61}},"113":{"start":{"line":180,"column":4},"end":{"line":182,"column":61}},"114":{"start":{"line":183,"column":4},"end":{"line":185,"column":61}},"115":{"start":{"line":186,"column":4},"end":{"line":188,"column":74}},"116":{"start":{"line":189,"column":4},"end":{"line":191,"column":63}},"117":{"start":{"line":192,"column":4},"end":{"line":194,"column":69}},"118":{"start":{"line":195,"column":4},"end":{"line":197,"column":55}},"119":{"start":{"line":198,"column":4},"end":{"line":200,"column":59}},"120":{"start":{"line":201,"column":4},"end":{"line":203,"column":57}},"121":{"start":{"line":204,"column":4},"end":{"line":206,"column":65}},"122":{"start":{"line":207,"column":4},"end":{"line":209,"column":60}},"123":{"start":{"line":210,"column":4},"end":{"line":212,"column":58}},"124":{"start":{"line":213,"column":4},"end":{"line":215,"column":66}},"125":{"start":{"line":216,"column":4},"end":{"line":218,"column":67}},"126":{"start":{"line":219,"column":4},"end":{"line":221,"column":60}},"127":{"start":{"line":222,"column":4},"end":{"line":224,"column":61}},"128":{"start":{"line":225,"column":4},"end":{"line":227,"column":60}},"129":{"start":{"line":228,"column":4},"end":{"line":230,"column":77}},"130":{"start":{"line":231,"column":4},"end":{"line":233,"column":59}},"131":{"start":{"line":234,"column":4},"end":{"line":236,"column":59}},"132":{"start":{"line":237,"column":4},"end":{"line":239,"column":56}},"133":{"start":{"line":240,"column":4},"end":{"line":242,"column":60}},"134":{"start":{"line":243,"column":4},"end":{"line":245,"column":76}},"135":{"start":{"line":246,"column":4},"end":{"line":248,"column":64}},"136":{"start":{"line":249,"column":4},"end":{"line":251,"column":65}},"137":{"start":{"line":252,"column":4},"end":{"line":254,"column":55}},"138":{"start":{"line":255,"column":4},"end":{"line":257,"column":70}},"139":{"start":{"line":258,"column":4},"end":{"line":260,"column":59}},"140":{"start":{"line":261,"column":4},"end":{"line":263,"column":77}},"141":{"start":{"line":264,"column":4},"end":{"line":264,"column":25}},"142":{"start":{"line":266,"column":0},"end":{"line":266,"column":38}}},"branchMap":{"1":{"line":2,"type":"binary-expr","locations":[{"start":{"line":2,"column":18},"end":{"line":2,"column":22}},{"start":{"line":2,"column":26},"end":{"line":2,"column":41}},{"start":{"line":2,"column":46},"end":{"line":7,"column":1}}]},"2":{"line":3,"type":"cond-expr","locations":[{"start":{"line":3,"column":42},"end":{"line":3,"column":48}},{"start":{"line":3,"column":51},"end":{"line":3,"column":125}}]},"3":{"line":3,"type":"cond-expr","locations":[{"start":{"line":3,"column":67},"end":{"line":3,"column":118}},{"start":{"line":3,"column":121},"end":{"line":3,"column":125}}]},"4":{"line":4,"type":"if","locations":[{"start":{"line":4,"column":4},"end":{"line":4,"column":4}},{"start":{"line":4,"column":4},"end":{"line":4,"column":4}}]},"5":{"line":4,"type":"binary-expr","locations":[{"start":{"line":4,"column":8},"end":{"line":4,"column":35}},{"start":{"line":4,"column":39},"end":{"line":4,"column":77}}]},"6":{"line":5,"type":"if","locations":[{"start":{"line":5,"column":58},"end":{"line":5,"column":58}},{"start":{"line":5,"column":58},"end":{"line":5,"column":58}}]},"7":{"line":5,"type":"binary-expr","locations":[{"start":{"line":5,"column":86},"end":{"line":5,"column":143}},{"start":{"line":5,"column":148},"end":{"line":5,"column":149}}]},"8":{"line":5,"type":"cond-expr","locations":[{"start":{"line":5,"column":94},"end":{"line":5,"column":98}},{"start":{"line":5,"column":101},"end":{"line":5,"column":143}}]},"9":{"line":5,"type":"cond-expr","locations":[{"start":{"line":5,"column":109},"end":{"line":5,"column":126}},{"start":{"line":5,"column":129},"end":{"line":5,"column":143}}]},"10":{"line":6,"type":"binary-expr","locations":[{"start":{"line":6,"column":11},"end":{"line":6,"column":16}},{"start":{"line":6,"column":20},"end":{"line":6,"column":21}},{"start":{"line":6,"column":25},"end":{"line":6,"column":62}}]}},"l":{"2":1,"3":41,"4":41,"5":41,"6":41,"8":1,"9":1,"10":1,"11":1,"12":21,"14":1,"15":21,"17":1,"18":19,"20":1,"21":11,"23":1,"24":11,"26":1,"27":11,"29":1,"30":9,"32":1,"33":9,"35":1,"36":11,"38":1,"39":11,"41":1,"42":16,"44":1,"45":19,"47":1,"48":12,"50":1,"51":12,"53":1,"54":19,"56":1,"57":16,"59":1,"60":9,"62":1,"63":11,"65":1,"66":11,"68":1,"69":7,"71":1,"72":11,"74":1,"75":8,"77":1,"78":9,"80":1,"81":9,"83":1,"84":7,"86":1,"87":8,"89":1,"90":8,"92":1,"93":2,"95":1,"96":11,"98":1,"99":11,"101":1,"102":11,"104":1,"105":9,"107":1,"108":8,"110":1,"111":11,"113":1,"114":9,"116":1,"117":16,"119":1,"120":11,"122":1,"123":11,"125":1,"126":16,"128":1,"129":14,"131":1,"132":14,"134":1,"135":9,"136":9,"137":9,"138":9,"139":9,"141":1,"144":1,"147":1,"150":1,"153":1,"156":1,"159":1,"162":1,"165":1,"168":1,"171":1,"174":1,"177":1,"180":1,"183":1,"186":1,"189":1,"192":1,"195":1,"198":1,"201":1,"204":1,"207":1,"210":1,"213":1,"216":1,"219":1,"222":1,"225":1,"228":1,"231":1,"234":1,"237":1,"240":1,"243":1,"246":1,"249":1,"252":1,"255":1,"258":1,"261":1,"264":1,"266":1}},
"V:\\ts-code-generator\\dist\\writers.js":{"path":"V:\\ts-code-generator\\dist\\writers.js","s":{"1":1,"2":40,"3":40,"4":40,"5":1,"6":1,"7":1,"8":1,"9":1,"10":1,"11":1,"12":1,"13":1,"14":1,"15":1,"16":1,"17":1,"18":1,"19":1,"20":1,"21":1,"22":1,"23":1,"24":1,"25":1,"26":1,"27":1,"28":1,"29":1,"30":1,"31":1,"32":1,"33":1,"34":1,"35":1,"36":1,"37":1,"38":1,"39":1,"40":1,"41":1,"42":1,"43":1,"44":1},"b":{"1":[40,0]},"f":{"1":40},"fnMap":{"1":{"name":"__export","line":2,"loc":{"start":{"line":2,"column":0},"end":{"line":2,"column":21}}}},"statementMap":{"1":{"start":{"line":2,"column":0},"end":{"line":4,"column":1}},"2":{"start":{"line":3,"column":4},"end":{"line":3,"column":98}},"3":{"start":{"line":3,"column":48},"end":{"line":3,"column":98}},"4":{"start":{"line":3,"column":80},"end":{"line":3,"column":98}},"5":{"start":{"line":5,"column":0},"end":{"line":5,"column":42}},"6":{"start":{"line":6,"column":0},"end":{"line":6,"column":48}},"7":{"start":{"line":7,"column":0},"end":{"line":7,"column":48}},"8":{"start":{"line":8,"column":0},"end":{"line":8,"column":52}},"9":{"start":{"line":9,"column":0},"end":{"line":9,"column":51}},"10":{"start":{"line":10,"column":0},"end":{"line":10,"column":47}},"11":{"start":{"line":11,"column":0},"end":{"line":11,"column":48}},"12":{"start":{"line":12,"column":0},"end":{"line":12,"column":53}},"13":{"start":{"line":13,"column":0},"end":{"line":13,"column":49}},"14":{"start":{"line":14,"column":0},"end":{"line":14,"column":42}},"15":{"start":{"line":15,"column":0},"end":{"line":15,"column":47}},"16":{"start":{"line":16,"column":0},"end":{"line":16,"column":54}},"17":{"start":{"line":17,"column":0},"end":{"line":17,"column":68}},"18":{"start":{"line":18,"column":0},"end":{"line":18,"column":48}},"19":{"start":{"line":19,"column":0},"end":{"line":19,"column":63}},"20":{"start":{"line":20,"column":0},"end":{"line":20,"column":61}},"21":{"start":{"line":21,"column":0},"end":{"line":21,"column":46}},"22":{"start":{"line":22,"column":0},"end":{"line":22,"column":43}},"23":{"start":{"line":23,"column":0},"end":{"line":23,"column":51}},"24":{"start":{"line":24,"column":0},"end":{"line":24,"column":52}},"25":{"start":{"line":25,"column":0},"end":{"line":25,"column":47}},"26":{"start":{"line":26,"column":0},"end":{"line":26,"column":53}},"27":{"start":{"line":27,"column":0},"end":{"line":27,"column":54}},"28":{"start":{"line":28,"column":0},"end":{"line":28,"column":46}},"29":{"start":{"line":29,"column":0},"end":{"line":29,"column":47}},"30":{"start":{"line":30,"column":0},"end":{"line":30,"column":48}},"31":{"start":{"line":31,"column":0},"end":{"line":31,"column":57}},"32":{"start":{"line":32,"column":0},"end":{"line":32,"column":64}},"33":{"start":{"line":33,"column":0},"end":{"line":33,"column":52}},"34":{"start":{"line":34,"column":0},"end":{"line":34,"column":61}},"35":{"start":{"line":35,"column":0},"end":{"line":35,"column":44}},"36":{"start":{"line":36,"column":0},"end":{"line":36,"column":46}},"37":{"start":{"line":37,"column":0},"end":{"line":37,"column":50}},"38":{"start":{"line":38,"column":0},"end":{"line":38,"column":56}},"39":{"start":{"line":39,"column":0},"end":{"line":39,"column":46}},"40":{"start":{"line":40,"column":0},"end":{"line":40,"column":47}},"41":{"start":{"line":41,"column":0},"end":{"line":41,"column":43}},"42":{"start":{"line":42,"column":0},"end":{"line":42,"column":42}},"43":{"start":{"line":43,"column":0},"end":{"line":43,"column":45}},"44":{"start":{"line":44,"column":0},"end":{"line":44,"column":47}}},"branchMap":{"1":{"line":3,"type":"if","locations":[{"start":{"line":3,"column":48},"end":{"line":3,"column":48}},{"start":{"line":3,"column":48},"end":{"line":3,"column":48},"skip":true}]}},"l":{"2":1,"3":40,"5":1,"6":1,"7":1,"8":1,"9":1,"10":1,"11":1,"12":1,"13":1,"14":1,"15":1,"16":1,"17":1,"18":1,"19":1,"20":1,"21":1,"22":1,"23":1,"24":1,"25":1,"26":1,"27":1,"28":1,"29":1,"30":1,"31":1,"32":1,"33":1,"34":1,"35":1,"36":1,"37":1,"38":1,"39":1,"40":1,"41":1,"42":1,"43":1,"44":1}},
"V:\\ts-code-generator\\dist\\writers\\EnumWriter.js":{"path":"V:\\ts-code-generator\\dist\\writers\\EnumWriter.js","s":{"1":1,"2":1,"3":16,"4":16,"5":16,"6":16,"7":16,"8":16,"9":1,"10":11,"11":11,"12":11,"13":11,"14":11,"15":11,"16":11,"17":11,"18":1,"19":11,"20":11,"21":5,"22":5,"23":2,"24":1,"25":1},"b":{"1":[2,3]},"f":{"1":1,"2":16,"3":11,"4":11,"5":11,"6":11,"7":5},"fnMap":{"1":{"name":"(anonymous_1)","line":2,"loc":{"start":{"line":2,"column":18},"end":{"line":2,"column":30}}},"2":{"name":"EnumWriter","line":3,"loc":{"start":{"line":3,"column":4},"end":{"line":3,"column":132}}},"3":{"name":"(anonymous_3)","line":11,"loc":{"start":{"line":11,"column":33},"end":{"line":11,"column":55}}},"4":{"name":"(anonymous_4)","line":13,"loc":{"start":{"line":13,"column":49},"end":{"line":13,"column":61}}},"5":{"name":"(anonymous_5)","line":18,"loc":{"start":{"line":18,"column":57},"end":{"line":18,"column":69}}},"6":{"name":"(anonymous_6)","line":23,"loc":{"start":{"line":23,"column":40},"end":{"line":23,"column":59}}},"7":{"name":"(anonymous_7)","line":25,"loc":{"start":{"line":25,"column":24},"end":{"line":25,"column":45}}}},"statementMap":{"1":{"start":{"line":2,"column":0},"end":{"line":32,"column":5}},"2":{"start":{"line":3,"column":4},"end":{"line":10,"column":5}},"3":{"start":{"line":4,"column":8},"end":{"line":4,"column":29}},"4":{"start":{"line":5,"column":8},"end":{"line":5,"column":57}},"5":{"start":{"line":6,"column":8},"end":{"line":6,"column":59}},"6":{"start":{"line":7,"column":8},"end":{"line":7,"column":49}},"7":{"start":{"line":8,"column":8},"end":{"line":8,"column":51}},"8":{"start":{"line":9,"column":8},"end":{"line":9,"column":49}},"9":{"start":{"line":11,"column":4},"end":{"line":22,"column":6}},"10":{"start":{"line":12,"column":8},"end":{"line":12,"column":25}},"11":{"start":{"line":13,"column":8},"end":{"line":21,"column":11}},"12":{"start":{"line":14,"column":12},"end":{"line":14,"column":51}},"13":{"start":{"line":15,"column":12},"end":{"line":15,"column":66}},"14":{"start":{"line":16,"column":12},"end":{"line":16,"column":61}},"15":{"start":{"line":17,"column":12},"end":{"line":17,"column":65}},"16":{"start":{"line":18,"column":12},"end":{"line":20,"column":15}},"17":{"start":{"line":19,"column":16},"end":{"line":19,"column":48}},"18":{"start":{"line":23,"column":4},"end":{"line":30,"column":6}},"19":{"start":{"line":24,"column":8},"end":{"line":24,"column":25}},"20":{"start":{"line":25,"column":8},"end":{"line":29,"column":11}},"21":{"start":{"line":26,"column":12},"end":{"line":26,"column":49}},"22":{"start":{"line":27,"column":12},"end":{"line":28,"column":50}},"23":{"start":{"line":28,"column":16},"end":{"line":28,"column":50}},"24":{"start":{"line":31,"column":4},"end":{"line":31,"column":22}},"25":{"start":{"line":33,"column":0},"end":{"line":33,"column":32}}},"branchMap":{"1":{"line":27,"type":"if","locations":[{"start":{"line":27,"column":12},"end":{"line":27,"column":12}},{"start":{"line":27,"column":12},"end":{"line":27,"column":12}}]}},"l":{"2":1,"3":1,"4":16,"5":16,"6":16,"7":16,"8":16,"9":16,"11":1,"12":11,"13":11,"14":11,"15":11,"16":11,"17":11,"18":11,"19":11,"23":1,"24":11,"25":11,"26":5,"27":5,"28":2,"31":1,"33":1}},
"V:\\ts-code-generator\\dist\\writers\\EnumMemberWriter.js":{"path":"V:\\ts-code-generator\\dist\\writers\\EnumMemberWriter.js","s":{"1":1,"2":1,"3":13,"4":13,"5":13,"6":1,"7":3,"8":3,"9":3,"10":3,"11":1,"12":1},"b":{},"f":{"1":1,"2":13,"3":3,"4":3},"fnMap":{"1":{"name":"(anonymous_1)","line":2,"loc":{"start":{"line":2,"column":24},"end":{"line":2,"column":36}}},"2":{"name":"EnumMemberWriter","line":3,"loc":{"start":{"line":3,"column":4},"end":{"line":3,"column":83}}},"3":{"name":"(anonymous_3)","line":8,"loc":{"start":{"line":8,"column":39},"end":{"line":8,"column":57}}},"4":{"name":"(anonymous_4)","line":10,"loc":{"start":{"line":10,"column":52},"end":{"line":10,"column":64}}}},"statementMap":{"1":{"start":{"line":2,"column":0},"end":{"line":16,"column":5}},"2":{"start":{"line":3,"column":4},"end":{"line":7,"column":5}},"3":{"start":{"line":4,"column":8},"end":{"line":4,"column":29}},"4":{"start":{"line":5,"column":8},"end":{"line":5,"column":57}},"5":{"start":{"line":6,"column":8},"end":{"line":6,"column":59}},"6":{"start":{"line":8,"column":4},"end":{"line":14,"column":6}},"7":{"start":{"line":9,"column":8},"end":{"line":9,"column":25}},"8":{"start":{"line":10,"column":8},"end":{"line":13,"column":11}},"9":{"start":{"line":11,"column":12},"end":{"line":11,"column":54}},"10":{"start":{"line":12,"column":12},"end":{"line":12,"column":67}},"11":{"start":{"line":15,"column":4},"end":{"line":15,"column":28}},"12":{"start":{"line":17,"column":0},"end":{"line":17,"column":44}}},"branchMap":{},"l":{"2":1,"3":1,"4":13,"5":13,"6":13,"8":1,"9":3,"10":3,"11":3,"12":3,"15":1,"17":1}},
"V:\\ts-code-generator\\dist\\writers\\ExportableWriter.js":{"path":"V:\\ts-code-generator\\dist\\writers\\ExportableWriter.js","s":{"1":1,"2":1,"3":1,"4":1,"5":28,"6":1,"7":49,"8":36,"9":13,"10":13,"11":5,"12":8,"13":13,"14":1,"15":1},"b":{"1":[36,13],"2":[49,42,36],"3":[5,8],"4":[13,10]},"f":{"1":1,"2":28,"3":49},"fnMap":{"1":{"name":"(anonymous_1)","line":4,"loc":{"start":{"line":4,"column":24},"end":{"line":4,"column":36}}},"2":{"name":"ExportableWriter","line":5,"loc":{"start":{"line":5,"column":4},"end":{"line":5,"column":38}}},"3":{"name":"(anonymous_3)","line":8,"loc":{"start":{"line":8,"column":52},"end":{"line":8,"column":74}}}},"statementMap":{"1":{"start":{"line":2,"column":0},"end":{"line":2,"column":48}},"2":{"start":{"line":3,"column":0},"end":{"line":3,"column":46}},"3":{"start":{"line":4,"column":0},"end":{"line":19,"column":5}},"4":{"start":{"line":5,"column":4},"end":{"line":7,"column":5}},"5":{"start":{"line":6,"column":8},"end":{"line":6,"column":29}},"6":{"start":{"line":8,"column":4},"end":{"line":17,"column":6}},"7":{"start":{"line":9,"column":8},"end":{"line":10,"column":19}},"8":{"start":{"line":10,"column":12},"end":{"line":10,"column":19}},"9":{"start":{"line":11,"column":8},"end":{"line":11,"column":32}},"10":{"start":{"line":12,"column":8},"end":{"line":15,"column":41}},"11":{"start":{"line":13,"column":12},"end":{"line":13,"column":85}},"12":{"start":{"line":15,"column":12},"end":{"line":15,"column":41}},"13":{"start":{"line":16,"column":8},"end":{"line":16,"column":61}},"14":{"start":{"line":18,"column":4},"end":{"line":18,"column":28}},"15":{"start":{"line":20,"column":0},"end":{"line":20,"column":44}}},"branchMap":{"1":{"line":9,"type":"if","locations":[{"start":{"line":9,"column":8},"end":{"line":9,"column":8}},{"start":{"line":9,"column":8},"end":{"line":9,"column":8}}]},"2":{"line":9,"type":"binary-expr","locations":[{"start":{"line":9,"column":12},"end":{"line":9,"column":36}},{"start":{"line":9,"column":41},"end":{"line":9,"column":66}},{"start":{"line":9,"column":70},"end":{"line":9,"column":85}}]},"3":{"line":12,"type":"if","locations":[{"start":{"line":12,"column":8},"end":{"line":12,"column":8}},{"start":{"line":12,"column":8},"end":{"line":12,"column":8}}]},"4":{"line":12,"type":"binary-expr","locations":[{"start":{"line":12,"column":12},"end":{"line":12,"column":60}},{"start":{"line":12,"column":64},"end":{"line":12,"column":112}}]}},"l":{"2":1,"3":1,"4":1,"5":1,"6":28,"8":1,"9":49,"10":36,"11":13,"12":13,"13":5,"15":8,"16":13,"18":1,"20":1}},
"V:\\ts-code-generator\\dist\\definitions.js":{"path":"V:\\ts-code-generator\\dist\\definitions.js","s":{"1":1,"2":11,"3":75,"4":75,"5":1,"6":1,"7":1,"8":1,"9":1,"10":1,"11":1,"12":1,"13":1,"14":1,"15":1,"16":1,"17":1,"18":1,"19":1,"20":1,"21":1,"22":1,"23":1,"24":1},"b":{"1":[75,0]},"f":{"1":11},"fnMap":{"1":{"name":"__export","line":2,"loc":{"start":{"line":2,"column":0},"end":{"line":2,"column":21}}}},"statementMap":{"1":{"start":{"line":2,"column":0},"end":{"line":4,"column":1}},"2":{"start":{"line":3,"column":4},"end":{"line":3,"column":98}},"3":{"start":{"line":3,"column":48},"end":{"line":3,"column":98}},"4":{"start":{"line":3,"column":80},"end":{"line":3,"column":98}},"5":{"start":{"line":5,"column":0},"end":{"line":5,"column":40}},"6":{"start":{"line":6,"column":0},"end":{"line":6,"column":43}},"7":{"start":{"line":7,"column":0},"end":{"line":7,"column":46}},"8":{"start":{"line":8,"column":0},"end":{"line":8,"column":44}},"9":{"start":{"line":9,"column":0},"end":{"line":9,"column":41}},"10":{"start":{"line":10,"column":0},"end":{"line":10,"column":45}},"11":{"start":{"line":11,"column":0},"end":{"line":11,"column":40}},"12":{"start":{"line":12,"column":0},"end":{"line":12,"column":45}},"13":{"start":{"line":13,"column":0},"end":{"line":13,"column":40}},"14":{"start":{"line":14,"column":0},"end":{"line":14,"column":44}},"15":{"start":{"line":15,"column":0},"end":{"line":15,"column":52}},"16":{"start":{"line":16,"column":0},"end":{"line":16,"column":43}},"17":{"start":{"line":17,"column":0},"end":{"line":17,"column":51}},"18":{"start":{"line":18,"column":0},"end":{"line":18,"column":53}},"19":{"start":{"line":19,"column":0},"end":{"line":19,"column":45}},"20":{"start":{"line":20,"column":0},"end":{"line":20,"column":43}},"21":{"start":{"line":21,"column":0},"end":{"line":21,"column":53}},"22":{"start":{"line":22,"column":0},"end":{"line":22,"column":51}},"23":{"start":{"line":23,"column":0},"end":{"line":23,"column":49}},"24":{"start":{"line":25,"column":0},"end":{"line":33,"column":3}}},"branchMap":{"1":{"line":3,"type":"if","locations":[{"start":{"line":3,"column":48},"end":{"line":3,"column":48}},{"start":{"line":3,"column":48},"end":{"line":3,"column":48},"skip":true}]}},"l":{"2":1,"3":75,"5":1,"6":1,"7":1,"8":1,"9":1,"10":1,"11":1,"12":1,"13":1,"14":1,"15":1,"16":1,"17":1,"18":1,"19":1,"20":1,"21":1,"22":1,"23":1,"25":1}},
"V:\\ts-code-generator\\dist\\definitions\\base.js":{"path":"V:\\ts-code-generator\\dist\\definitions\\base.js","s":{"1":1,"2":25,"3":25,"4":25,"5":1,"6":1,"7":1,"8":1,"9":1,"10":1,"11":1,"12":1,"13":1,"14":1,"15":1,"16":1,"17":1,"18":1,"19":1,"20":1,"21":1,"22":1,"23":1,"24":1,"25":1,"26":1,"27":1,"28":1,"29":1},"b":{"1":[25,0]},"f":{"1":25},"fnMap":{"1":{"name":"__export","line":2,"loc":{"start":{"line":2,"column":0},"end":{"line":2,"column":21}}}},"statementMap":{"1":{"start":{"line":2,"column":0},"end":{"line":4,"column":1}},"2":{"start":{"line":3,"column":4},"end":{"line":3,"column":98}},"3":{"start":{"line":3,"column":48},"end":{"line":3,"column":98}},"4":{"start":{"line":3,"column":80},"end":{"line":3,"column":98}},"5":{"start":{"line":5,"column":0},"end":{"line":5,"column":43}},"6":{"start":{"line":6,"column":0},"end":{"line":6,"column":60}},"7":{"start":{"line":7,"column":0},"end":{"line":7,"column":44}},"8":{"start":{"line":8,"column":0},"end":{"line":8,"column":54}},"9":{"start":{"line":9,"column":0},"end":{"line":9,"column":48}},"10":{"start":{"line":10,"column":0},"end":{"line":10,"column":47}},"11":{"start":{"line":11,"column":0},"end":{"line":11,"column":51}},"12":{"start":{"line":12,"column":0},"end":{"line":12,"column":50}},"13":{"start":{"line":13,"column":0},"end":{"line":13,"column":48}},"14":{"start":{"line":14,"column":0},"end":{"line":14,"column":54}},"15":{"start":{"line":15,"column":0},"end":{"line":15,"column":48}},"16":{"start":{"line":16,"column":0},"end":{"line":16,"column":44}},"17":{"start":{"line":17,"column":0},"end":{"line":17,"column":58}},"18":{"start":{"line":18,"column":0},"end":{"line":18,"column":50}},"19":{"start":{"line":19,"column":0},"end":{"line":19,"column":49}},"20":{"start":{"line":20,"column":0},"end":{"line":20,"column":51}},"21":{"start":{"line":21,"column":0},"end":{"line":21,"column":54}},"22":{"start":{"line":22,"column":0},"end":{"line":22,"column":57}},"23":{"start":{"line":23,"column":0},"end":{"line":23,"column":51}},"24":{"start":{"line":24,"column":0},"end":{"line":24,"column":52}},"25":{"start":{"line":25,"column":0},"end":{"line":25,"column":50}},"26":{"start":{"line":26,"column":0},"end":{"line":26,"column":51}},"27":{"start":{"line":27,"column":0},"end":{"line":27,"column":50}},"28":{"start":{"line":28,"column":0},"end":{"line":28,"column":46}},"29":{"start":{"line":29,"column":0},"end":{"line":29,"column":57}}},"branchMap":{"1":{"line":3,"type":"if","locations":[{"start":{"line":3,"column":48},"end":{"line":3,"column":48}},{"start":{"line":3,"column":48},"end":{"line":3,"column":48},"skip":true}]}},"l":{"2":1,"3":25,"5":1,"6":1,"7":1,"8":1,"9":1,"10":1,"11":1,"12":1,"13":1,"14":1,"15":1,"16":1,"17":1,"18":1,"19":1,"20":1,"21":1,"22":1,"23":1,"24":1,"25":1,"26":1,"27":1,"28":1,"29":1}},
"V:\\ts-code-generator\\dist\\definitions\\base\\BaseDefinition.js":{"path":"V:\\ts-code-generator\\dist\\definitions\\base\\BaseDefinition.js","s":{"1":1,"2":3292,"3":3292,"4":0,"5":0,"6":1,"7":1,"8":992,"9":992,"10":992,"11":3292,"12":992,"13":1,"14":1,"15":1},"b":{"1":[0,3292],"2":[992,435]},"f":{"1":3292,"2":0,"3":1,"4":992,"5":3292},"fnMap":{"1":{"name":"runMixin","line":2,"loc":{"start":{"line":2,"column":0},"end":{"line":2,"column":35}}},"2":{"name":"(anonymous_2)","line":5,"loc":{"start":{"line":5,"column":29},"end":{"line":5,"column":42}}},"3":{"name":"(anonymous_3)","line":7,"loc":{"start":{"line":7,"column":22},"end":{"line":7,"column":34}}},"4":{"name":"BaseDefinition","line":8,"loc":{"start":{"line":8,"column":4},"end":{"line":8,"column":30}}},"5":{"name":"(anonymous_5)","line":11,"loc":{"start":{"line":11,"column":23},"end":{"line":11,"column":40}}}},"statementMap":{"1":{"start":{"line":2,"column":0},"end":{"line":6,"column":1}},"2":{"start":{"line":3,"column":4},"end":{"line":3,"column":25}},"3":{"start":{"line":4,"column":4},"end":{"line":5,"column":77}},"4":{"start":{"line":5,"column":8},"end":{"line":5,"column":77}},"5":{"start":{"line":5,"column":44},"end":{"line":5,"column":73}},"6":{"start":{"line":7,"column":0},"end":{"line":22,"column":5}},"7":{"start":{"line":8,"column":4},"end":{"line":18,"column":5}},"8":{"start":{"line":9,"column":8},"end":{"line":9,"column":25}},"9":{"start":{"line":10,"column":8},"end":{"line":10,"column":54}},"10":{"start":{"line":11,"column":8},"end":{"line":11,"column":76}},"11":{"start":{"line":11,"column":42},"end":{"line":11,"column":72}},"12":{"start":{"line":12,"column":8},"end":{"line":17,"column":11}},"13":{"start":{"line":20,"column":4},"end":{"line":20,"column":33}},"14":{"start":{"line":21,"column":4},"end":{"line":21,"column":26}},"15":{"start":{"line":23,"column":0},"end":{"line":23,"column":40}}},"branchMap":{"1":{"line":4,"type":"if","locations":[{"start":{"line":4,"column":4},"end":{"line":4,"column":4}},{"start":{"line":4,"column":4},"end":{"line":4,"column":4}}]},"2":{"line":10,"type":"binary-expr","locations":[{"start":{"line":10,"column":21},"end":{"line":10,"column":47}},{"start":{"line":10,"column":51},"end":{"line":10,"column":53}}]}},"l":{"2":1,"3":3292,"4":3292,"5":0,"7":1,"8":1,"9":992,"10":992,"11":3292,"12":992,"20":1,"21":1,"23":1}},
"V:\\ts-code-generator\\dist\\definitions\\base\\FunctionBodyWriteableDefinition.js":{"path":"V:\\ts-code-generator\\dist\\definitions\\base\\FunctionBodyWriteableDefinition.js","s":{"1":1,"2":1,"3":1,"4":1},"b":{},"f":{"1":1,"2":81},"fnMap":{"1":{"name":"(anonymous_1)","line":2,"loc":{"start":{"line":2,"column":39},"end":{"line":2,"column":51}}},"2":{"name":"FunctionBodyWriteableDefinition","line":3,"loc":{"start":{"line":3,"column":31},"end":{"line":3,"column":74}},"skip":true}},"statementMap":{"1":{"start":{"line":2,"column":0},"end":{"line":6,"column":5}},"2":{"start":{"line":3,"column":31},"end":{"line":4,"column":5},"skip":true},"3":{"start":{"line":5,"column":4},"end":{"line":5,"column":43}},"4":{"start":{"line":7,"column":0},"end":{"line":7,"column":74}}},"branchMap":{},"l":{"2":1,"3":1,"5":1,"7":1}},
"V:\\ts-code-generator\\dist\\definitions\\base\\NamedDefinition.js":{"path":"V:\\ts-code-generator\\dist\\definitions\\base\\NamedDefinition.js","s":{"1":1,"2":1,"3":1,"4":1},"b":{},"f":{"1":1,"2":405},"fnMap":{"1":{"name":"(anonymous_1)","line":2,"loc":{"start":{"line":2,"column":23},"end":{"line":2,"column":35}}},"2":{"name":"NamedDefinition","line":3,"loc":{"start":{"line":3,"column":31},"end":{"line":3,"column":58}},"skip":true}},"statementMap":{"1":{"start":{"line":2,"column":0},"end":{"line":6,"column":5}},"2":{"start":{"line":3,"column":31},"end":{"line":4,"column":5},"skip":true},"3":{"start":{"line":5,"column":4},"end":{"line":5,"column":27}},"4":{"start":{"line":7,"column":0},"end":{"line":7,"column":42}}},"branchMap":{},"l":{"2":1,"3":1,"5":1,"7":1}},
"V:\\ts-code-generator\\dist\\definitions\\base\\OptionallyNamedDefinition.js":{"path":"V:\\ts-code-generator\\dist\\definitions\\base\\OptionallyNamedDefinition.js","s":{"1":1,"2":1,"3":1,"4":1},"b":{},"f":{"1":1,"2":62},"fnMap":{"1":{"name":"(anonymous_1)","line":2,"loc":{"start":{"line":2,"column":33},"end":{"line":2,"column":45}}},"2":{"name":"OptionallyNamedDefinition","line":3,"loc":{"start":{"line":3,"column":31},"end":{"line":3,"column":68}},"skip":true}},"statementMap":{"1":{"start":{"line":2,"column":0},"end":{"line":6,"column":5}},"2":{"start":{"line":3,"column":31},"end":{"line":4,"column":5},"skip":true},"3":{"start":{"line":5,"column":4},"end":{"line":5,"column":37}},"4":{"start":{"line":7,"column":0},"end":{"line":7,"column":62}}},"branchMap":{},"l":{"2":1,"3":1,"5":1,"7":1}},
"V:\\ts-code-generator\\dist\\definitions\\base\\OrderableDefinition.js":{"path":"V:\\ts-code-generator\\dist\\definitions\\base\\OrderableDefinition.js","s":{"1":1,"2":1,"3":1,"4":1},"b":{},"f":{"1":1,"2":261},"fnMap":{"1":{"name":"(anonymous_1)","line":2,"loc":{"start":{"line":2,"column":27},"end":{"line":2,"column":39}}},"2":{"name":"OrderableDefinition","line":3,"loc":{"start":{"line":3,"column":31},"end":{"line":3,"column":62}},"skip":true}},"statementMap":{"1":{"start":{"line":2,"column":0},"end":{"line":6,"column":5}},"2":{"start":{"line":3,"column":31},"end":{"line":4,"column":5},"skip":true},"3":{"start":{"line":5,"column":4},"end":{"line":5,"column":31}},"4":{"start":{"line":7,"column":0},"end":{"line":7,"column":50}}},"branchMap":{},"l":{"2":1,"3":1,"5":1,"7":1}},
"V:\\ts-code-generator\\dist\\definitions\\base\\OptionalDefinition.js":{"path":"V:\\ts-code-generator\\dist\\definitions\\base\\OptionalDefinition.js","s":{"1":1,"2":1,"3":1,"4":1},"b":{},"f":{"1":1,"2":111},"fnMap":{"1":{"name":"(anonymous_1)","line":2,"loc":{"start":{"line":2,"column":26},"end":{"line":2,"column":38}}},"2":{"name":"OptionalDefinition","line":3,"loc":{"start":{"line":3,"column":31},"end":{"line":3,"column":61}},"skip":true}},"statementMap":{"1":{"start":{"line":2,"column":0},"end":{"line":6,"column":5}},"2":{"start":{"line":3,"column":31},"end":{"line":4,"column":5},"skip":true},"3":{"start":{"line":5,"column":4},"end":{"line":5,"column":30}},"4":{"start":{"line":7,"column":0},"end":{"line":7,"column":48}}},"branchMap":{},"l":{"2":1,"3":1,"5":1,"7":1}},
"V:\\ts-code-generator\\dist\\definitions\\base\\AbstractableDefinition.js":{"path":"V:\\ts-code-generator\\dist\\definitions\\base\\AbstractableDefinition.js","s":{"1":1,"2":1,"3":1,"4":1},"b":{},"f":{"1":1,"2":94},"fnMap":{"1":{"name":"(anonymous_1)","line":2,"loc":{"start":{"line":2,"column":30},"end":{"line":2,"column":42}}},"2":{"name":"AbstractableDefinition","line":3,"loc":{"start":{"line":3,"column":31},"end":{"line":3,"column":65}},"skip":true}},"statementMap":{"1":{"start":{"line":2,"column":0},"end":{"line":6,"column":5}},"2":{"start":{"line":3,"column":31},"end":{"line":4,"column":5},"skip":true},"3":{"start":{"line":5,"column":4},"end":{"line":5,"column":34}},"4":{"start":{"line":7,"column":0},"end":{"line":7,"column":56}}},"branchMap":{},"l":{"2":1,"3":1,"5":1,"7":1}},
"V:\\ts-code-generator\\dist\\definitions\\base\\AmbientableDefinition.js":{"path":"V:\\ts-code-generator\\dist\\definitions\\base\\AmbientableDefinition.js","s":{"1":1,"2":1,"3":1,"4":1},"b":{},"f":{"1":1,"2":263},"fnMap":{"1":{"name":"(anonymous_1)","line":2,"loc":{"start":{"line":2,"column":29},"end":{"line":2,"column":41}}},"2":{"name":"AmbientableDefinition","line":3,"loc":{"start":{"line":3,"column":31},"end":{"line":3,"column":64}},"skip":true}},"statementMap":{"1":{"start":{"line":2,"column":0},"end":{"line":6,"column":5}},"2":{"start":{"line":3,"column":31},"end":{"line":4,"column":5},"skip":true},"3":{"start":{"line":5,"column":4},"end":{"line":5,"column":33}},"4":{"start":{"line":7,"column":0},"end":{"line":7,"column":54}}},"branchMap":{},"l":{"2":1,"3":1,"5":1,"7":1}},
"V:\\ts-code-generator\\dist\\definitions\\base\\AsyncableDefinition.js":{"path":"V:\\ts-code-generator\\dist\\definitions\\base\\AsyncableDefinition.js","s":{"1":1,"2":1,"3":1,"4":1},"b":{},"f":{"1":1,"2":71},"fnMap":{"1":{"name":"(anonymous_1)","line":2,"loc":{"start":{"line":2,"column":27},"end":{"line":2,"column":39}}},"2":{"name":"AsyncableDefinition","line":3,"loc":{"start":{"line":3,"column":31},"end":{"line":3,"column":62}},"skip":true}},"statementMap":{"1":{"start":{"line":2,"column":0},"end":{"line":6,"column":5}},"2":{"start":{"line":3,"column":31},"end":{"line":4,"column":5},"skip":true},"3":{"start":{"line":5,"column":4},"end":{"line":5,"column":31}},"4":{"start":{"line":7,"column":0},"end":{"line":7,"column":50}}},"branchMap":{},"l":{"2":1,"3":1,"5":1,"7":1}},
"V:\\ts-code-generator\\dist\\definitions\\base\\DocumentationedDefinition.js":{"path":"V:\\ts-code-generator\\dist\\definitions\\base\\DocumentationedDefinition.js","s":{"1":1,"2":1,"3":1,"4":1},"b":{},"f":{"1":1,"2":390},"fnMap":{"1":{"name":"(anonymous_1)","line":2,"loc":{"start":{"line":2,"column":33},"end":{"line":2,"column":45}}},"2":{"name":"DocumentationedDefinition","line":3,"loc":{"start":{"line":3,"column":31},"end":{"line":3,"column":68}},"skip":true}},"statementMap":{"1":{"start":{"line":2,"column":0},"end":{"line":6,"column":5}},"2":{"start":{"line":3,"column":31},"end":{"line":4,"column":5},"skip":true},"3":{"start":{"line":5,"column":4},"end":{"line":5,"column":37}},"4":{"start":{"line":7,"column":0},"end":{"line":7,"column":62}}},"branchMap":{},"l":{"2":1,"3":1,"5":1,"7":1}},
"V:\\ts-code-generator\\dist\\definitions\\base\\ThisTypedDefinition.js":{"path":"V:\\ts-code-generator\\dist\\definitions\\base\\ThisTypedDefinition.js","s":{"1":1,"2":1,"3":1,"4":79,"5":1,"6":8,"7":6,"8":8,"9":8,"10":1,"11":1},"b":{"1":[6,2]},"f":{"1":1,"2":79,"3":8},"fnMap":{"1":{"name":"(anonymous_1)","line":3,"loc":{"start":{"line":3,"column":27},"end":{"line":3,"column":39}}},"2":{"name":"ThisTypedDefinition","line":4,"loc":{"start":{"line":4,"column":4},"end":{"line":4,"column":35}}},"3":{"name":"(anonymous_3)","line":7,"loc":{"start":{"line":7,"column":48},"end":{"line":7,"column":91}}}},"statementMap":{"1":{"start":{"line":2,"column":0},"end":{"line":2,"column":39}},"2":{"start":{"line":3,"column":0},"end":{"line":13,"column":5}},"3":{"start":{"line":4,"column":4},"end":{"line":6,"column":5}},"4":{"start":{"line":5,"column":8},"end":{"line":5,"column":29}},"5":{"start":{"line":7,"column":4},"end":{"line":11,"column":6}},"6":{"start":{"line":8,"column":8},"end":{"line":8,"column":61}},"7":{"start":{"line":8,"column":40},"end":{"line":8,"column":59}},"8":{"start":{"line":9,"column":8},"end":{"line":9,"column":119}},"9":{"start":{"line":10,"column":8},"end":{"line":10,"column":20}},"10":{"start":{"line":12,"column":4},"end":{"line":12,"column":31}},"11":{"start":{"line":14,"column":0},"end":{"line":14,"column":50}}},"branchMap":{"1":{"line":8,"type":"if","locations":[{"start":{"line":8,"column":8},"end":{"line":8,"column":8}},{"start":{"line":8,"column":8},"end":{"line":8,"column":8}}]}},"l":{"2":1,"3":1,"4":1,"5":79,"7":1,"8":8,"9":8,"10":8,"12":1,"14":1}},
"V:\\ts-code-generator\\dist\\utils.js":{"path":"V:\\ts-code-generator\\dist\\utils.js","s":{"1":1,"2":11,"3":11,"4":11,"5":1,"6":1,"7":1,"8":1,"9":1,"10":1,"11":1,"12":1,"13":1,"14":1,"15":1},"b":{"1":[11,0]},"f":{"1":11},"fnMap":{"1":{"name":"__export","line":2,"loc":{"start":{"line":2,"column":0},"end":{"line":2,"column":21}}}},"statementMap":{"1":{"start":{"line":2,"column":0},"end":{"line":4,"column":1}},"2":{"start":{"line":3,"column":4},"end":{"line":3,"column":98}},"3":{"start":{"line":3,"column":48},"end":{"line":3,"column":98}},"4":{"start":{"line":3,"column":80},"end":{"line":3,"column":98}},"5":{"start":{"line":5,"column":0},"end":{"line":5,"column":41}},"6":{"start":{"line":6,"column":0},"end":{"line":6,"column":40}},"7":{"start":{"line":7,"column":0},"end":{"line":7,"column":40}},"8":{"start":{"line":8,"column":0},"end":{"line":8,"column":45}},"9":{"start":{"line":9,"column":0},"end":{"line":9,"column":39}},"10":{"start":{"line":10,"column":0},"end":{"line":10,"column":36}},"11":{"start":{"line":11,"column":0},"end":{"line":11,"column":38}},"12":{"start":{"line":12,"column":0},"end":{"line":12,"column":42}},"13":{"start":{"line":13,"column":0},"end":{"line":13,"column":43}},"14":{"start":{"line":14,"column":0},"end":{"line":14,"column":41}},"15":{"start":{"line":15,"column":0},"end":{"line":15,"column":49}}},"branchMap":{"1":{"line":3,"type":"if","locations":[{"start":{"line":3,"column":48},"end":{"line":3,"column":48}},{"start":{"line":3,"column":48},"end":{"line":3,"column":48},"skip":true}]}},"l":{"2":1,"3":11,"5":1,"6":1,"7":1,"8":1,"9":1,"10":1,"11":1,"12":1,"13":1,"14":1,"15":1}},
"V:\\ts-code-generator\\dist\\utils\\applyMixins.js":{"path":"V:\\ts-code-generator\\dist\\utils\\applyMixins.js","s":{"1":1,"2":26,"3":92,"4":171,"5":78,"6":78,"7":26,"8":26,"9":26,"10":1},"b":{"1":[78,93],"2":[171,79],"3":[26,17]},"f":{"1":26,"2":92,"3":171},"fnMap":{"1":{"name":"applyMixins","line":2,"loc":{"start":{"line":2,"column":0},"end":{"line":2,"column":59}}},"2":{"name":"(anonymous_2)","line":3,"loc":{"start":{"line":3,"column":22},"end":{"line":3,"column":42}}},"3":{"name":"(anonymous_3)","line":4,"loc":{"start":{"line":4,"column":63},"end":{"line":4,"column":79}}}},"statementMap":{"1":{"start":{"line":2,"column":0},"end":{"line":14,"column":1}},"2":{"start":{"line":3,"column":4},"end":{"line":10,"column":7}},"3":{"start":{"line":4,"column":8},"end":{"line":9,"column":11}},"4":{"start":{"line":5,"column":12},"end":{"line":8,"column":13}},"5":{"start":{"line":6,"column":16},"end":{"line":6,"column":91}},"6":{"start":{"line":7,"column":16},"end":{"line":7,"column":79}},"7":{"start":{"line":11,"column":4},"end":{"line":11,"column":35}},"8":{"start":{"line":12,"column":4},"end":{"line":12,"column":74}},"9":{"start":{"line":13,"column":4},"end":{"line":13,"column":11}},"10":{"start":{"line":15,"column":0},"end":{"line":15,"column":34}}},"branchMap":{"1":{"line":5,"type":"if","locations":[{"start":{"line":5,"column":12},"end":{"line":5,"column":12}},{"start":{"line":5,"column":12},"end":{"line":5,"column":12}}]},"2":{"line":5,"type":"binary-expr","locations":[{"start":{"line":5,"column":16},"end":{"line":5,"column":38}},{"start":{"line":5,"column":42},"end":{"line":5,"column":77}}]},"3":{"line":12,"type":"binary-expr","locations":[{"start":{"line":12,"column":46},"end":{"line":12,"column":65}},{"start":{"line":12,"column":69},"end":{"line":12,"column":71}}]}},"l":{"2":1,"3":26,"4":92,"5":171,"6":78,"7":78,"11":26,"12":26,"13":26,"15":1}},
"V:\\ts-code-generator\\dist\\utils\\decorators.js":{"path":"V:\\ts-code-generator\\dist\\utils\\decorators.js","s":{"1":1,"2":1,"3":1,"4":1,"5":1},"b":{"1":[1,0]},"f":{"1":1},"fnMap":{"1":{"name":"__export","line":2,"loc":{"start":{"line":2,"column":0},"end":{"line":2,"column":21}}}},"statementMap":{"1":{"start":{"line":2,"column":0},"end":{"line":4,"column":1}},"2":{"start":{"line":3,"column":4},"end":{"line":3,"column":98}},"3":{"start":{"line":3,"column":48},"end":{"line":3,"column":98}},"4":{"start":{"line":3,"column":80},"end":{"line":3,"column":98}},"5":{"start":{"line":5,"column":0},"end":{"line":5,"column":42}}},"branchMap":{"1":{"line":3,"type":"if","locations":[{"start":{"line":3,"column":48},"end":{"line":3,"column":48}},{"start":{"line":3,"column":48},"end":{"line":3,"column":48},"skip":true}]}},"l":{"2":1,"3":1,"5":1}},
"V:\\ts-code-generator\\dist\\utils\\decorators\\Memoize.js":{"path":"V:\\ts-code-generator\\dist\\utils\\decorators\\Memoize.js","s":{"1":1,"2":44,"3":42,"4":2,"5":1,"6":1,"7":1,"8":1,"9":1,"10":43,"11":1,"12":1136,"13":1136,"14":1136,"15":1,"16":1135,"17":663,"18":472,"19":472,"20":1135,"21":43},"b":{"1":[42,2],"2":[1,1],"3":[1,1135],"4":[663,472]},"f":{"1":44,"2":43,"3":1136},"fnMap":{"1":{"name":"Memoize","line":2,"loc":{"start":{"line":2,"column":0},"end":{"line":2,"column":51}}},"2":{"name":"getNewFunction","line":12,"loc":{"start":{"line":12,"column":0},"end":{"line":12,"column":42}}},"3":{"name":"decorator","line":14,"loc":{"start":{"line":14,"column":4},"end":{"line":14,"column":25}}}},"statementMap":{"1":{"start":{"line":2,"column":0},"end":{"line":9,"column":1}},"2":{"start":{"line":3,"column":4},"end":{"line":8,"column":85}},"3":{"start":{"line":4,"column":8},"end":{"line":4,"column":60}},"4":{"start":{"line":5,"column":9},"end":{"line":8,"column":85}},"5":{"start":{"line":6,"column":8},"end":{"line":6,"column":56}},"6":{"start":{"line":8,"column":8},"end":{"line":8,"column":85}},"7":{"start":{"line":10,"column":0},"end":{"line":10,"column":26}},"8":{"start":{"line":11,"column":0},"end":{"line":11,"column":16}},"9":{"start":{"line":12,"column":0},"end":{"line":33,"column":1}},"10":{"start":{"line":13,"column":4},"end":{"line":13,"column":31}},"11":{"start":{"line":14,"column":4},"end":{"line":31,"column":5}},"12":{"start":{"line":15,"column":8},"end":{"line":15,"column":56}},"13":{"start":{"line":16,"column":8},"end":{"line":16,"column":26}},"14":{"start":{"line":17,"column":8},"end":{"line":18,"column":95}},"15":{"start":{"line":18,"column":12},"end":{"line":18,"column":95}},"16":{"start":{"line":19,"column":8},"end":{"line":29,"column":9}},"17":{"start":{"line":20,"column":12},"end":{"line":20,"column":43}},"18":{"start":{"line":22,"column":12},"end":{"line":22,"column":68}},"19":{"start":{"line":23,"column":12},"end":{"line":28,"column":15}},"20":{"start":{"line":30,"column":8},"end":{"line":30,"column":29}},"21":{"start":{"line":32,"column":4},"end":{"line":32,"column":21}}},"branchMap":{"1":{"line":3,"type":"if","locations":[{"start":{"line":3,"column":4},"end":{"line":3,"column":4}},{"start":{"line":3,"column":4},"end":{"line":3,"column":4}}]},"2":{"line":5,"type":"if","locations":[{"start":{"line":5,"column":9},"end":{"line":5,"column":9}},{"start":{"line":5,"column":9},"end":{"line":5,"column":9}}]},"3":{"line":17,"type":"if","locations":[{"start":{"line":17,"column":8},"end":{"line":17,"column":8}},{"start":{"line":17,"column":8},"end":{"line":17,"column":8}}]},"4":{"line":19,"type":"if","locations":[{"start":{"line":19,"column":8},"end":{"line":19,"column":8}},{"start":{"line":19,"column":8},"end":{"line":19,"column":8}}]}},"l":{"2":1,"3":44,"4":42,"5":2,"6":1,"8":1,"10":1,"11":1,"12":1,"13":43,"14":1,"15":1136,"16":1136,"17":1136,"18":1,"19":1135,"20":663,"22":472,"23":472,"30":1135,"32":43}},
"V:\\ts-code-generator\\dist\\utils\\ArrayUtils.js":{"path":"V:\\ts-code-generator\\dist\\utils\\ArrayUtils.js","s":{"1":1,"2":1,"3":1,"4":19,"5":1,"6":3,"7":6,"8":1,"9":2,"10":1,"11":1,"12":6,"13":1,"14":1},"b":{"1":[19,6],"2":[1,5]},"f":{"1":1,"2":0,"3":19,"4":3,"5":1,"6":6},"fnMap":{"1":{"name":"(anonymous_1)","line":2,"loc":{"start":{"line":2,"column":18},"end":{"line":2,"column":30}}},"2":{"name":"ArrayUtils","line":3,"loc":{"start":{"line":3,"column":31},"end":{"line":3,"column":53}},"skip":true},"3":{"name":"(anonymous_3)","line":5,"loc":{"start":{"line":5,"column":31},"end":{"line":5,"column":44}}},"4":{"name":"(anonymous_4)","line":8,"loc":{"start":{"line":8,"column":32},"end":{"line":8,"column":54}}},"5":{"name":"(anonymous_5)","line":16,"loc":{"start":{"line":16,"column":32},"end":{"line":16,"column":45}}},"6":{"name":"(anonymous_6)","line":17,"loc":{"start":{"line":17,"column":24},"end":{"line":17,"column":47}}}},"statementMap":{"1":{"start":{"line":2,"column":0},"end":{"line":20,"column":5}},"2":{"start":{"line":3,"column":31},"end":{"line":4,"column":5},"skip":true},"3":{"start":{"line":5,"column":4},"end":{"line":7,"column":6}},"4":{"start":{"line":6,"column":8},"end":{"line":6,"column":55}},"5":{"start":{"line":8,"column":4},"end":{"line":15,"column":6}},"6":{"start":{"line":9,"column":8},"end":{"line":13,"column":9}},"7":{"start":{"line":10,"column":12},"end":{"line":12,"column":13}},"8":{"start":{"line":11,"column":16},"end":{"line":11,"column":28}},"9":{"start":{"line":14,"column":8},"end":{"line":14,"column":20}},"10":{"start":{"line":16,"column":4},"end":{"line":18,"column":6}},"11":{"start":{"line":17,"column":8},"end":{"line":17,"column":86}},"12":{"start":{"line":17,"column":49},"end":{"line":17,"column":82}},"13":{"start":{"line":19,"column":4},"end":{"line":19,"column":22}},"14":{"start":{"line":21,"column":0},"end":{"line":21,"column":32}}},"branchMap":{"1":{"line":6,"type":"binary-expr","locations":[{"start":{"line":6,"column":15},"end":{"line":6,"column":36}},{"start":{"line":6,"column":40},"end":{"line":6,"column":54}}]},"2":{"line":10,"type":"if","locations":[{"start":{"line":10,"column":12},"end":{"line":10,"column":12}},{"start":{"line":10,"column":12},"end":{"line":10,"column":12}}]}},"l":{"2":1,"3":1,"5":1,"6":19,"8":1,"9":3,"10":6,"11":1,"14":2,"16":1,"17":6,"19":1,"21":1}},
"V:\\ts-code-generator\\dist\\utils\\DefinitionUtils.js":{"path":"V:\\ts-code-generator\\dist\\utils\\DefinitionUtils.js","s":{"1":1,"2":1,"3":1,"4":1,"5":63,"6":63,"7":63,"8":39,"9":24,"10":3,"11":21,"12":63,"13":1,"14":56,"15":56,"16":81,"17":56,"18":1,"19":7,"20":7,"21":7,"22":1,"23":54,"24":54,"25":1,"26":69,"27":69,"28":119,"29":61,"30":61,"31":69,"32":1,"33":54,"34":54,"35":18,"36":36,"37":54,"38":1,"39":1},"b":{"1":[39,24],"2":[3,21],"3":[7,7],"4":[61,58],"5":[18,36]},"f":{"1":1,"2":0,"3":63,"4":56,"5":81,"6":7,"7":54,"8":69,"9":54,"10":36},"fnMap":{"1":{"name":"(anonymous_1)","line":3,"loc":{"start":{"line":3,"column":23},"end":{"line":3,"column":35}}},"2":{"name":"DefinitionUtils","line":4,"loc":{"start":{"line":4,"column":31},"end":{"line":4,"column":58}},"skip":true},"3":{"name":"(anonymous_3)","line":6,"loc":{"start":{"line":6,"column":60},"end":{"line":6,"column":103}}},"4":{"name":"(anonymous_4)","line":20,"loc":{"start":{"line":20,"column":43},"end":{"line":20,"column":58}}},"5":{"name":"(anonymous_5)","line":22,"loc":{"start":{"line":22,"column":33},"end":{"line":22,"column":46}}},"6":{"name":"(anonymous_6)","line":25,"loc":{"start":{"line":25,"column":39},"end":{"line":25,"column":54}}},"7":{"name":"(anonymous_7)","line":30,"loc":{"start":{"line":30,"column":56},"end":{"line":30,"column":84}}},"8":{"name":"(anonymous_8)","line":34,"loc":{"start":{"line":34,"column":50},"end":{"line":34,"column":72}}},"9":{"name":"(anonymous_9)","line":44,"loc":{"start":{"line":44,"column":44},"end":{"line":44,"column":66}}},"10":{"name":"(anonymous_10)","line":47,"loc":{"start":{"line":47,"column":19},"end":{"line":47,"column":32}}}},"statementMap":{"1":{"start":{"line":2,"column":0},"end":{"line":2,"column":44}},"2":{"start":{"line":3,"column":0},"end":{"line":52,"column":5}},"3":{"start":{"line":4,"column":31},"end":{"line":5,"column":5},"skip":true},"4":{"start":{"line":6,"column":4},"end":{"line":19,"column":6}},"5":{"start":{"line":7,"column":8},"end":{"line":7,"column":66}},"6":{"start":{"line":8,"column":8},"end":{"line":8,"column":16}},"7":{"start":{"line":9,"column":8},"end":{"line":17,"column":9}},"8":{"start":{"line":10,"column":12},"end":{"line":10,"column":69}},"9":{"start":{"line":12,"column":13},"end":{"line":17,"column":9}},"10":{"start":{"line":13,"column":12},"end":{"line":13,"column":58}},"11":{"start":{"line":16,"column":12},"end":{"line":16,"column":106}},"12":{"start":{"line":18,"column":8},"end":{"line":18,"column":19}},"13":{"start":{"line":20,"column":4},"end":{"line":24,"column":6}},"14":{"start":{"line":21,"column":8},"end":{"line":21,"column":26}},"15":{"start":{"line":22,"column":8},"end":{"line":22,"column":98}},"16":{"start":{"line":22,"column":48},"end":{"line":22,"column":94}},"17":{"start":{"line":23,"column":8},"end":{"line":23,"column":28}},"18":{"start":{"line":25,"column":4},"end":{"line":29,"column":6}},"19":{"start":{"line":26,"column":8},"end":{"line":26,"column":40}},"20":{"start":{"line":27,"column":8},"end":{"line":27,"column":42}},"21":{"start":{"line":28,"column":8},"end":{"line":28,"column":102}},"22":{"start":{"line":30,"column":4},"end":{"line":33,"column":6}},"23":{"start":{"line":31,"column":8},"end":{"line":31,"column":69}},"24":{"start":{"line":32,"column":8},"end":{"line":32,"column":71}},"25":{"start":{"line":34,"column":4},"end":{"line":43,"column":6}},"26":{"start":{"line":35,"column":8},"end":{"line":35,"column":23}},"27":{"start":{"line":36,"column":8},"end":{"line":41,"column":9}},"28":{"start":{"line":37,"column":12},"end":{"line":40,"column":13}},"29":{"start":{"line":38,"column":16},"end":{"line":38,"column":30}},"30":{"start":{"line":39,"column":16},"end":{"line":39,"column":22}},"31":{"start":{"line":42,"column":8},"end":{"line":42,"column":19}},"32":{"start":{"line":44,"column":4},"end":{"line":50,"column":6}},"33":{"start":{"line":45,"column":8},"end":{"line":45,"column":30}},"34":{"start":{"line":46,"column":8},"end":{"line":48,"column":9}},"35":{"start":{"line":47,"column":12},"end":{"line":47,"column":66}},"36":{"start":{"line":47,"column":34},"end":{"line":47,"column":63}},"37":{"start":{"line":49,"column":8},"end":{"line":49,"column":20}},"38":{"start":{"line":51,"column":4},"end":{"line":51,"column":27}},"39":{"start":{"line":53,"column":0},"end":{"line":53,"column":42}}},"branchMap":{"1":{"line":9,"type":"if","locations":[{"start":{"line":9,"column":8},"end":{"line":9,"column":8}},{"start":{"line":9,"column":8},"end":{"line":9,"column":8}}]},"2":{"line":12,"type":"if","locations":[{"start":{"line":12,"column":13},"end":{"line":12,"column":13}},{"start":{"line":12,"column":13},"end":{"line":12,"column":13}}]},"3":{"line":27,"type":"binary-expr","locations":[{"start":{"line":27,"column":23},"end":{"line":27,"column":35}},{"start":{"line":27,"column":39},"end":{"line":27,"column":41}}]},"4":{"line":37,"type":"if","locations":[{"start":{"line":37,"column":12},"end":{"line":37,"column":12}},{"start":{"line":37,"column":12},"end":{"line":37,"column":12}}]},"5":{"line":46,"type":"if","locations":[{"start":{"line":46,"column":8},"end":{"line":46,"column":8}},{"start":{"line":46,"column":8},"end":{"line":46,"column":8}}]}},"l":{"2":1,"3":1,"4":1,"6":1,"7":63,"8":63,"9":63,"10":39,"12":24,"13":3,"16":21,"18":63,"20":1,"21":56,"22":81,"23":56,"25":1,"26":7,"27":7,"28":7,"30":1,"31":54,"32":54,"34":1,"35":69,"36":69,"37":119,"38":61,"39":61,"42":69,"44":1,"45":54,"46":54,"47":36,"49":54,"51":1,"53":1}},
"V:\\ts-code-generator\\dist\\utils\\FileUtils.js":{"path":"V:\\ts-code-generator\\dist\\utils\\FileUtils.js","s":{"1":1,"2":1,"3":1,"4":39,"5":1,"6":12,"7":12,"8":24,"9":12,"10":12,"11":12,"12":1,"13":11,"14":16,"15":5,"16":6,"17":1,"18":1},"b":{"1":[24,8],"2":[1,11],"3":[5,11]},"f":{"1":1,"2":0,"3":39,"4":12,"5":24},"fnMap":{"1":{"name":"(anonymous_1)","line":2,"loc":{"start":{"line":2,"column":17},"end":{"line":2,"column":29}}},"2":{"name":"FileUtils","line":3,"loc":{"start":{"line":3,"column":31},"end":{"line":3,"column":52}},"skip":true},"3":{"name":"(anonymous_3)","line":5,"loc":{"start":{"line":5,"column":35},"end":{"line":5,"column":55}}},"4":{"name":"(anonymous_4)","line":8,"loc":{"start":{"line":8,"column":32},"end":{"line":8,"column":66}}},"5":{"name":"(anonymous_5)","line":10,"loc":{"start":{"line":10,"column":27},"end":{"line":10,"column":40}}}},"statementMap":{"1":{"start":{"line":2,"column":0},"end":{"line":24,"column":5}},"2":{"start":{"line":3,"column":31},"end":{"line":4,"column":5},"skip":true},"3":{"start":{"line":5,"column":4},"end":{"line":7,"column":6}},"4":{"start":{"line":6,"column":8},"end":{"line":6,"column":44}},"5":{"start":{"line":8,"column":4},"end":{"line":22,"column":6}},"6":{"start":{"line":9,"column":8},"end":{"line":9,"column":25}},"7":{"start":{"line":10,"column":8},"end":{"line":10,"column":116}},"8":{"start":{"line":10,"column":42},"end":{"line":10,"column":113}},"9":{"start":{"line":11,"column":8},"end":{"line":11,"column":51}},"10":{"start":{"line":12,"column":8},"end":{"line":12,"column":53}},"11":{"start":{"line":13,"column":8},"end":{"line":15,"column":9}},"12":{"start":{"line":14,"column":12},"end":{"line":14,"column":25}},"13":{"start":{"line":16,"column":8},"end":{"line":20,"column":9}},"14":{"start":{"line":17,"column":12},"end":{"line":19,"column":13}},"15":{"start":{"line":18,"column":16},"end":{"line":18,"column":29}},"16":{"start":{"line":21,"column":8},"end":{"line":21,"column":38}},"17":{"start":{"line":23,"column":4},"end":{"line":23,"column":21}},"18":{"start":{"line":25,"column":0},"end":{"line":25,"column":30}}},"branchMap":{"1":{"line":10,"type":"binary-expr","locations":[{"start":{"line":10,"column":74},"end":{"line":10,"column":75}},{"start":{"line":10,"column":79},"end":{"line":10,"column":81}}]},"2":{"line":13,"type":"if","locations":[{"start":{"line":13,"column":8},"end":{"line":13,"column":8}},{"start":{"line":13,"column":8},"end":{"line":13,"column":8}}]},"3":{"line":17,"type":"if","locations":[{"start":{"line":17,"column":12},"end":{"line":17,"column":12}},{"start":{"line":17,"column":12},"end":{"line":17,"column":12}}]}},"l":{"2":1,"3":1,"5":1,"6":39,"8":1,"9":12,"10":24,"11":12,"12":12,"13":12,"14":1,"16":11,"17":16,"18":5,"21":6,"23":1,"25":1}},
[...]
t":{"line":13,"column":8},"end":{"line":13,"column":382}},"15":{"start":{"line":14,"column":8},"end":{"line":14,"column":31}},"16":{"start":{"line":15,"column":8},"end":{"line":15,"column":35}},"17":{"start":{"line":17,"column":4},"end":{"line":20,"column":6}},"18":{"start":{"line":18,"column":8},"end":{"line":18,"column":25}},"19":{"start":{"line":19,"column":8},"end":{"line":19,"column":114}},"20":{"start":{"line":19,"column":70},"end":{"line":19,"column":110}},"21":{"start":{"line":21,"column":4},"end":{"line":31,"column":6}},"22":{"start":{"line":22,"column":8},"end":{"line":22,"column":25}},"23":{"start":{"line":23,"column":8},"end":{"line":23,"column":62}},"24":{"start":{"line":24,"column":8},"end":{"line":24,"column":146}},"25":{"start":{"line":24,"column":98},"end":{"line":24,"column":141}},"26":{"start":{"line":25,"column":8},"end":{"line":25,"column":154}},"27":{"start":{"line":25,"column":104},"end":{"line":25,"column":149}},"28":{"start":{"line":26,"column":8},"end":{"line":26,"column":156}},"29":{"start":{"line":26,"column":110},"end":{"line":26,"column":151}},"30":{"start":{"line":27,"column":8},"end":{"line":27,"column":161}},"31":{"start":{"line":27,"column":114},"end":{"line":27,"column":156}},"32":{"start":{"line":28,"column":8},"end":{"line":28,"column":158}},"33":{"start":{"line":28,"column":112},"end":{"line":28,"column":153}},"34":{"start":{"line":29,"column":8},"end":{"line":29,"column":25}},"35":{"start":{"line":30,"column":8},"end":{"line":30,"column":31}},"36":{"start":{"line":32,"column":4},"end":{"line":32,"column":36}},"37":{"start":{"line":34,"column":0},"end":{"line":34,"column":60}}},"branchMap":{"1":{"line":2,"type":"binary-expr","locations":[{"start":{"line":2,"column":17},"end":{"line":2,"column":21}},{"start":{"line":2,"column":25},"end":{"line":2,"column":39}},{"start":{"line":2,"column":70},"end":{"line":6,"column":1},"skip":true}]},"2":{"line":3,"type":"if","locations":[{"start":{"line":3,"column":21},"end":{"line":3,"column":21},"skip":true},{"start":{"line":3,"column":21},"end":{"line":3,"column":21},"skip":true}]},"3":{"line":5,"type":"cond-expr","locations":[{"start":{"line":5,"column":31},"end":{"line":5,"column":47},"skip":true},{"start":{"line":5,"column":51},"end":{"line":5,"column":87},"skip":true}]},"4":{"line":19,"type":"binary-expr","locations":[{"start":{"line":19,"column":16},"end":{"line":19,"column":43}},{"start":{"line":19,"column":47},"end":{"line":19,"column":49}}]},"5":{"line":24,"type":"binary-expr","locations":[{"start":{"line":24,"column":49},"end":{"line":24,"column":71}},{"start":{"line":24,"column":75},"end":{"line":24,"column":77}}]},"6":{"line":25,"type":"binary-expr","locations":[{"start":{"line":25,"column":52},"end":{"line":25,"column":77}},{"start":{"line":25,"column":81},"end":{"line":25,"column":83}}]},"7":{"line":26,"type":"binary-expr","locations":[{"start":{"line":26,"column":55},"end":{"line":26,"column":83}},{"start":{"line":26,"column":87},"end":{"line":26,"column":89}}]},"8":{"line":27,"type":"binary-expr","locations":[{"start":{"line":27,"column":57},"end":{"line":27,"column":87}},{"start":{"line":27,"column":91},"end":{"line":27,"column":93}}]},"9":{"line":28,"type":"binary-expr","locations":[{"start":{"line":28,"column":56},"end":{"line":28,"column":85}},{"start":{"line":28,"column":89},"end":{"line":28,"column":91}}]}},"l":{"2":1,"3":1,"4":1,"5":1,"7":1,"8":1,"9":1,"10":1,"11":1,"12":1,"13":20,"14":20,"15":20,"17":1,"18":20,"19":20,"21":1,"22":20,"23":20,"24":20,"25":20,"26":20,"27":20,"28":20,"29":20,"30":0,"32":1,"34":1}},
"V:\\ts-code-generator\\dist\\binders\\structure\\interface\\StructureInterfaceMethodBinder.js":{"path":"V:\\ts-code-generator\\dist\\binders\\structure\\interface\\StructureInterfaceMethodBinder.js","s":{"1":1,"2":1,"3":0,"4":0,"5":1,"6":1,"7":1,"8":1,"9":1,"10":1,"11":1,"12":1,"13":1,"14":1,"15":8,"16":1,"17":1},"b":{"1":[1,1,1],"2":[0,0],"3":[0,1]},"f":{"1":1,"2":1,"3":1,"4":8},"fnMap":{"1":{"name":"(anonymous_1)","line":2,"loc":{"start":{"line":2,"column":70},"end":{"line":2,"column":86}},"skip":true},"2":{"name":"__","line":4,"loc":{"start":{"line":4,"column":4},"end":{"line":4,"column":18}},"skip":true},"3":{"name":"(anonymous_3)","line":11,"loc":{"start":{"line":11,"column":38},"end":{"line":11,"column":56}}},"4":{"name":"StructureInterfaceMethodBinder","line":13,"loc":{"start":{"line":13,"column":4},"end":{"line":13,"column":64}}}},"statementMap":{"1":{"start":{"line":2,"column":0},"end":{"line":6,"column":2}},"2":{"start":{"line":3,"column":4},"end":{"line":3,"column":58},"skip":true},"3":{"start":{"line":3,"column":21},"end":{"line":3,"column":58},"skip":true},"4":{"start":{"line":3,"column":46},"end":{"line":3,"column":58},"skip":true},"5":{"start":{"line":4,"column":4},"end":{"line":4,"column":43},"skip":true},"6":{"start":{"line":4,"column":20},"end":{"line":4,"column":41},"skip":true},"7":{"start":{"line":5,"column":4},"end":{"line":5,"column":89},"skip":true},"8":{"start":{"line":7,"column":0},"end":{"line":7,"column":54}},"9":{"start":{"line":8,"column":0},"end":{"line":8,"column":37}},"10":{"start":{"line":9,"column":0},"end":{"line":9,"column":34}},"11":{"start":{"line":10,"column":0},"end":{"line":10,"column":101}},"12":{"start":{"line":11,"column":0},"end":{"line":17,"column":33}},"13":{"start":{"line":12,"column":4},"end":{"line":12,"column":54}},"14":{"start":{"line":13,"column":4},"end":{"line":15,"column":5}},"15":{"start":{"line":14,"column":8},"end":{"line":14,"column":219}},"16":{"start":{"line":16,"column":4},"end":{"line":16,"column":42}},"17":{"start":{"line":18,"column":0},"end":{"line":18,"column":72}}},"branchMap":{"1":{"line":2,"type":"binary-expr","locations":[{"start":{"line":2,"column":17},"end":{"line":2,"column":21}},{"start":{"line":2,"column":25},"end":{"line":2,"column":39}},{"start":{"line":2,"column":70},"end":{"line":6,"column":1},"skip":true}]},"2":{"line":3,"type":"if","locations":[{"start":{"line":3,"column":21},"end":{"line":3,"column":21},"skip":true},{"start":{"line":3,"column":21},"end":{"line":3,"column":21},"skip":true}]},"3":{"line":5,"type":"cond-expr","locations":[{"start":{"line":5,"column":31},"end":{"line":5,"column":47},"skip":true},{"start":{"line":5,"column":51},"end":{"line":5,"column":87},"skip":true}]}},"l":{"2":1,"3":1,"4":1,"5":1,"7":1,"8":1,"9":1,"10":1,"11":1,"12":1,"13":1,"14":8,"16":1,"18":1}},
"V:\\ts-code-generator\\dist\\binders\\structure\\interface\\StructureInterfaceMethodParameterBinder.js":{"path":"V:\\ts-code-generator\\dist\\binders\\structure\\interface\\StructureInterfaceMethodParameterBinder.js","s":{"1":1,"2":1,"3":0,"4":0,"5":1,"6":1,"7":1,"8":1,"9":1,"10":1,"11":1,"12":1,"13":4,"14":1,"15":1},"b":{"1":[1,1,1],"2":[0,0],"3":[0,1]},"f":{"1":1,"2":1,"3":1,"4":4},"fnMap":{"1":{"name":"(anonymous_1)","line":2,"loc":{"start":{"line":2,"column":70},"end":{"line":2,"column":86}},"skip":true},"2":{"name":"__","line":4,"loc":{"start":{"line":4,"column":4},"end":{"line":4,"column":18}},"skip":true},"3":{"name":"(anonymous_3)","line":9,"loc":{"start":{"line":9,"column":47},"end":{"line":9,"column":65}}},"4":{"name":"StructureInterfaceMethodParameterBinder","line":11,"loc":{"start":{"line":11,"column":4},"end":{"line":11,"column":73}}}},"statementMap":{"1":{"start":{"line":2,"column":0},"end":{"line":6,"column":2}},"2":{"start":{"line":3,"column":4},"end":{"line":3,"column":58},"skip":true},"3":{"start":{"line":3,"column":21},"end":{"line":3,"column":58},"skip":true},"4":{"start":{"line":3,"column":46},"end":{"line":3,"column":58},"skip":true},"5":{"start":{"line":4,"column":4},"end":{"line":4,"column":43},"skip":true},"6":{"start":{"line":4,"column":20},"end":{"line":4,"column":41},"skip":true},"7":{"start":{"line":5,"column":4},"end":{"line":5,"column":89},"skip":true},"8":{"start":{"line":7,"column":0},"end":{"line":7,"column":37}},"9":{"start":{"line":8,"column":0},"end":{"line":8,"column":34}},"10":{"start":{"line":9,"column":0},"end":{"line":15,"column":42}},"11":{"start":{"line":10,"column":4},"end":{"line":10,"column":63}},"12":{"start":{"line":11,"column":4},"end":{"line":13,"column":5}},"13":{"start":{"line":12,"column":8},"end":{"line":12,"column":87}},"14":{"start":{"line":14,"column":4},"end":{"line":14,"column":51}},"15":{"start":{"line":16,"column":0},"end":{"line":16,"column":90}}},"branchMap":{"1":{"line":2,"type":"binary-expr","locations":[{"start":{"line":2,"column":17},"end":{"line":2,"column":21}},{"start":{"line":2,"column":25},"end":{"line":2,"column":39}},{"start":{"line":2,"column":70},"end":{"line":6,"column":1},"skip":true}]},"2":{"line":3,"type":"if","locations":[{"start":{"line":3,"column":21},"end":{"line":3,"column":21},"skip":true},{"start":{"line":3,"column":21},"end":{"line":3,"column":21},"skip":true}]},"3":{"line":5,"type":"cond-expr","locations":[{"start":{"line":5,"column":31},"end":{"line":5,"column":47},"skip":true},{"start":{"line":5,"column":51},"end":{"line":5,"column":87},"skip":true}]}},"l":{"2":1,"3":1,"4":1,"5":1,"7":1,"8":1,"9":1,"10":1,"11":1,"12":4,"14":1,"16":1}},
"V:\\ts-code-generator\\dist\\binders\\structure\\interface\\StructureInterfacePropertyBinder.js":{"path":"V:\\ts-code-generator\\dist\\binders\\structure\\interface\\StructureInterfacePropertyBinder.js","s":{"1":1,"2":1,"3":0,"4":0,"5":1,"6":1,"7":1,"8":1,"9":1,"10":1,"11":1,"12":1,"13":8,"14":1,"15":1},"b":{"1":[1,1,1],"2":[0,0],"3":[0,1]},"f":{"1":1,"2":1,"3":1,"4":8},"fnMap":{"1":{"name":"(anonymous_1)","line":2,"loc":{"start":{"line":2,"column":70},"end":{"line":2,"column":86}},"skip":true},"2":{"name":"__","line":4,"loc":{"start":{"line":4,"column":4},"end":{"line":4,"column":18}},"skip":true},"3":{"name":"(anonymous_3)","line":9,"loc":{"start":{"line":9,"column":40},"end":{"line":9,"column":58}}},"4":{"name":"StructureInterfacePropertyBinder","line":11,"loc":{"start":{"line":11,"column":4},"end":{"line":11,"column":66}}}},"statementMap":{"1":{"start":{"line":2,"column":0},"end":{"line":6,"column":2}},"2":{"start":{"line":3,"column":4},"end":{"line":3,"column":58},"skip":true},"3":{"start":{"line":3,"column":21},"end":{"line":3,"column":58},"skip":true},"4":{"start":{"line":3,"column":46},"end":{"line":3,"column":58},"skip":true},"5":{"start":{"line":4,"column":4},"end":{"line":4,"column":43},"skip":true},"6":{"start":{"line":4,"column":20},"end":{"line":4,"column":41},"skip":true},"7":{"start":{"line":5,"column":4},"end":{"line":5,"column":89},"skip":true},"8":{"start":{"line":7,"column":0},"end":{"line":7,"column":37}},"9":{"start":{"line":8,"column":0},"end":{"line":8,"column":34}},"10":{"start":{"line":9,"column":0},"end":{"line":15,"column":35}},"11":{"start":{"line":10,"column":4},"end":{"line":10,"column":56}},"12":{"start":{"line":11,"column":4},"end":{"line":13,"column":5}},"13":{"start":{"line":12,"column":8},"end":{"line":12,"column":140}},"14":{"start":{"line":14,"column":4},"end":{"line":14,"column":44}},"15":{"start":{"line":16,"column":0},"end":{"line":16,"column":76}}},"branchMap":{"1":{"line":2,"type":"binary-expr","locations":[{"start":{"line":2,"column":17},"end":{"line":2,"column":21}},{"start":{"line":2,"column":25},"end":{"line":2,"column":39}},{"start":{"line":2,"column":70},"end":{"line":6,"column":1},"skip":true}]},"2":{"line":3,"type":"if","locations":[{"start":{"line":3,"column":21},"end":{"line":3,"column":21},"skip":true},{"start":{"line":3,"column":21},"end":{"line":3,"column":21},"skip":true}]},"3":{"line":5,"type":"cond-expr","locations":[{"start":{"line":5,"column":31},"end":{"line":5,"column":47},"skip":true},{"start":{"line":5,"column":51},"end":{"line":5,"column":87},"skip":true}]}},"l":{"2":1,"3":1,"4":1,"5":1,"7":1,"8":1,"9":1,"10":1,"11":1,"12":8,"14":1,"16":1}},
"V:\\ts-code-generator\\dist\\binders\\structure\\namespace.js":{"path":"V:\\ts-code-generator\\dist\\binders\\structure\\namespace.js","s":{"1":1,"2":1,"3":1,"4":1,"5":1},"b":{"1":[1,0]},"f":{"1":1},"fnMap":{"1":{"name":"__export","line":2,"loc":{"start":{"line":2,"column":0},"end":{"line":2,"column":21}}}},"statementMap":{"1":{"start":{"line":2,"column":0},"end":{"line":4,"column":1}},"2":{"start":{"line":3,"column":4},"end":{"line":3,"column":98}},"3":{"start":{"line":3,"column":48},"end":{"line":3,"column":98}},"4":{"start":{"line":3,"column":80},"end":{"line":3,"column":98}},"5":{"start":{"line":5,"column":0},"end":{"line":5,"column":58}}},"branchMap":{"1":{"line":3,"type":"if","locations":[{"start":{"line":3,"column":48},"end":{"line":3,"column":48}},{"start":{"line":3,"column":48},"end":{"line":3,"column":48},"skip":true}]}},"l":{"2":1,"3":1,"5":1}},
"V:\\ts-code-generator\\dist\\binders\\structure\\namespace\\StructureNamespaceBinder.js":{"path":"V:\\ts-code-generator\\dist\\binders\\structure\\namespace\\StructureNamespaceBinder.js","s":{"1":1,"2":1,"3":0,"4":0,"5":1,"6":1,"7":1,"8":1,"9":1,"10":1,"11":1,"12":1,"13":1,"14":31,"15":31,"16":1,"17":31,"18":1,"19":1},"b":{"1":[1,1,1],"2":[0,0],"3":[0,1],"4":[31,29]},"f":{"1":1,"2":1,"3":1,"4":31,"5":31},"fnMap":{"1":{"name":"(anonymous_1)","line":2,"loc":{"start":{"line":2,"column":70},"end":{"line":2,"column":86}},"skip":true},"2":{"name":"__","line":4,"loc":{"start":{"line":4,"column":4},"end":{"line":4,"column":18}},"skip":true},"3":{"name":"(anonymous_3)","line":10,"loc":{"start":{"line":10,"column":32},"end":{"line":10,"column":50}}},"4":{"name":"StructureNamespaceBinder","line":12,"loc":{"start":{"line":12,"column":4},"end":{"line":12,"column":58}}},"5":{"name":"(anonymous_5)","line":16,"loc":{"start":{"line":16,"column":69},"end":{"line":16,"column":81}}}},"statementMap":{"1":{"start":{"line":2,"column":0},"end":{"line":6,"column":2}},"2":{"start":{"line":3,"column":4},"end":{"line":3,"column":58},"skip":true},"3":{"start":{"line":3,"column":21},"end":{"line":3,"column":58},"skip":true},"4":{"start":{"line":3,"column":46},"end":{"line":3,"column":58},"skip":true},"5":{"start":{"line":4,"column":4},"end":{"line":4,"column":43},"skip":true},"6":{"start":{"line":4,"column":20},"end":{"line":4,"column":41},"skip":true},"7":{"start":{"line":5,"column":4},"end":{"line":5,"column":89},"skip":true},"8":{"start":{"line":7,"column":0},"end":{"line":7,"column":54}},"9":{"start":{"line":8,"column":0},"end":{"line":8,"column":37}},"10":{"start":{"line":9,"column":0},"end":{"line":9,"column":34}},"11":{"start":{"line":10,"column":0},"end":{"line":20,"column":27}},"12":{"start":{"line":11,"column":4},"end":{"line":11,"column":48}},"13":{"start":{"line":12,"column":4},"end":{"line":15,"column":5}},"14":{"start":{"line":13,"column":8},"end":{"line":13,"column":331}},"15":{"start":{"line":14,"column":8},"end":{"line":14,"column":35}},"16":{"start":{"line":16,"column":4},"end":{"line":18,"column":6}},"17":{"start":{"line":17,"column":8},"end":{"line":17,"column":98}},"18":{"start":{"line":19,"column":4},"end":{"line":19,"column":36}},"19":{"start":{"line":21,"column":0},"end":{"line":21,"column":60}}},"branchMap":{"1":{"line":2,"type":"binary-expr","locations":[{"start":{"line":2,"column":17},"end":{"line":2,"column":21}},{"start":{"line":2,"column":25},"end":{"line":2,"column":39}},{"start":{"line":2,"column":70},"end":{"line":6,"column":1},"skip":true}]},"2":{"line":3,"type":"if","locations":[{"start":{"line":3,"column":21},"end":{"line":3,"column":21},"skip":true},{"start":{"line":3,"column":21},"end":{"line":3,"column":21},"skip":true}]},"3":{"line":5,"type":"cond-expr","locations":[{"start":{"line":5,"column":31},"end":{"line":5,"column":47},"skip":true},{"start":{"line":5,"column":51},"end":{"line":5,"column":87},"skip":true}]},"4":{"line":17,"type":"binary-expr","locations":[{"start":{"line":17,"column":15},"end":{"line":17,"column":45}},{"start":{"line":17,"column":49},"end":{"line":17,"column":97}}]}},"l":{"2":1,"3":1,"4":1,"5":1,"7":1,"8":1,"9":1,"10":1,"11":1,"12":1,"13":31,"14":31,"16":1,"17":31,"19":1,"21":1}},
"V:\\ts-code-generator\\dist\\binders\\structure\\variable.js":{"path":"V:\\ts-code-generator\\dist\\binders\\structure\\variable.js","s":{"1":1,"2":1,"3":1,"4":1,"5":1},"b":{"1":[1,0]},"f":{"1":1},"fnMap":{"1":{"name":"__export","line":2,"loc":{"start":{"line":2,"column":0},"end":{"line":2,"column":21}}}},"statementMap":{"1":{"start":{"line":2,"column":0},"end":{"line":4,"column":1}},"2":{"start":{"line":3,"column":4},"end":{"line":3,"column":98}},"3":{"start":{"line":3,"column":48},"end":{"line":3,"column":98}},"4":{"start":{"line":3,"column":80},"end":{"line":3,"column":98}},"5":{"start":{"line":5,"column":0},"end":{"line":5,"column":56}}},"branchMap":{"1":{"line":3,"type":"if","locations":[{"start":{"line":3,"column":48},"end":{"line":3,"column":48}},{"start":{"line":3,"column":48},"end":{"line":3,"column":48},"skip":true}]}},"l":{"2":1,"3":1,"5":1}},
"V:\\ts-code-generator\\dist\\binders\\structure\\variable\\StructureVariableBinder.js":{"path":"V:\\ts-code-generator\\dist\\binders\\structure\\variable\\StructureVariableBinder.js","s":{"1":1,"2":1,"3":0,"4":0,"5":1,"6":1,"7":1,"8":1,"9":1,"10":1,"11":1,"12":1,"13":1,"14":24,"15":24,"16":1,"17":24,"18":1,"19":1},"b":{"1":[1,1,1],"2":[0,0],"3":[0,1],"4":[24,18]},"f":{"1":1,"2":1,"3":1,"4":24,"5":24},"fnMap":{"1":{"name":"(anonymous_1)","line":2,"loc":{"start":{"line":2,"column":70},"end":{"line":2,"column":86}},"skip":true},"2":{"name":"__","line":4,"loc":{"start":{"line":4,"column":4},"end":{"line":4,"column":18}},"skip":true},"3":{"name":"(anonymous_3)","line":10,"loc":{"start":{"line":10,"column":31},"end":{"line":10,"column":49}}},"4":{"name":"StructureVariableBinder","line":12,"loc":{"start":{"line":12,"column":4},"end":{"line":12,"column":57}}},"5":{"name":"(anonymous_5)","line":16,"loc":{"start":{"line":16,"column":59},"end":{"line":16,"column":71}}}},"statementMap":{"1":{"start":{"line":2,"column":0},"end":{"line":6,"column":2}},"2":{"start":{"line":3,"column":4},"end":{"line":3,"column":58},"skip":true},"3":{"start":{"line":3,"column":21},"end":{"line":3,"column":58},"skip":true},"4":{"start":{"line":3,"column":46},"end":{"line":3,"column":58},"skip":true},"5":{"start":{"line":4,"column":4},"end":{"line":4,"column":43},"skip":true},"6":{"start":{"line":4,"column":20},"end":{"line":4,"column":41},"skip":true},"7":{"start":{"line":5,"column":4},"end":{"line":5,"column":89},"skip":true},"8":{"start":{"line":7,"column":0},"end":{"line":7,"column":54}},"9":{"start":{"line":8,"column":0},"end":{"line":8,"column":37}},"10":{"start":{"line":9,"column":0},"end":{"line":9,"column":34}},"11":{"start":{"line":10,"column":0},"end":{"line":20,"column":26}},"12":{"start":{"line":11,"column":4},"end":{"line":11,"column":47}},"13":{"start":{"line":12,"column":4},"end":{"line":15,"column":5}},"14":{"start":{"line":13,"column":8},"end":{"line":13,"column":387}},"15":{"start":{"line":14,"column":8},"end":{"line":14,"column":35}},"16":{"start":{"line":16,"column":4},"end":{"line":18,"column":6}},"17":{"start":{"line":17,"column":8},"end":{"line":17,"column":91}},"18":{"start":{"line":19,"column":4},"end":{"line":19,"column":35}},"19":{"start":{"line":21,"column":0},"end":{"line":21,"column":58}}},"branchMap":{"1":{"line":2,"type":"binary-expr","locations":[{"start":{"line":2,"column":17},"end":{"line":2,"column":21}},{"start":{"line":2,"column":25},"end":{"line":2,"column":39}},{"start":{"line":2,"column":70},"end":{"line":6,"column":1},"skip":true}]},"2":{"line":3,"type":"if","locations":[{"start":{"line":3,"column":21},"end":{"line":3,"column":21},"skip":true},{"start":{"line":3,"column":21},"end":{"line":3,"column":21},"skip":true}]},"3":{"line":5,"type":"cond-expr","locations":[{"start":{"line":5,"column":31},"end":{"line":5,"column":47},"skip":true},{"start":{"line":5,"column":51},"end":{"line":5,"column":87},"skip":true}]},"4":{"line":17,"type":"binary-expr","locations":[{"start":{"line":17,"column":15},"end":{"line":17,"column":45}},{"start":{"line":17,"column":49},"end":{"line":17,"column":90}}]}},"l":{"2":1,"3":1,"4":1,"5":1,"7":1,"8":1,"9":1,"10":1,"11":1,"12":1,"13":24,"14":24,"16":1,"17":24,"19":1,"21":1}}}
