TN:
SF:V:\ts-code-generator\dist\createFunctions.js
FN:3,createCallSignature
FN:8,createCallSignatureParameter
FN:12,createClass
FN:16,createClassConstructor
FN:21,createClassConstructorParameter
FN:25,createClassMethod
FN:29,createClassMethodParameter
FN:33,createClassProperty
FN:37,createClassStaticMethod
FN:41,createClassStaticMethodParameter
FN:45,createClassStaticProperty
FN:49,createDecorator
FN:53,createEnum
FN:57,createEnumMember
FN:61,createFile
FN:66,createFunction
FN:70,createFunctionParameter
FN:74,createImport
FN:78,createIndexSignature
FN:82,createInterface
FN:86,createInterfaceMethod
FN:90,createInterfaceMethodParameter
FN:94,createInterfaceProperty
FN:98,createNamespace
FN:102,createReExport
FN:106,createTypeAlias
FN:110,createTypeParameter
FN:114,createNamedImportPart
FN:118,createVariable
FNF:29
FNH:29
FNDA:2,createCallSignature
FNDA:1,createCallSignatureParameter
FNDA:16,createClass
FNDA:8,createClassConstructor
FNDA:1,createClassConstructorParameter
FNDA:3,createClassMethod
FNDA:1,createClassMethodParameter
FNDA:1,createClassProperty
FNDA:2,createClassStaticMethod
FNDA:1,createClassStaticMethodParameter
FNDA:1,createClassStaticProperty
FNDA:5,createDecorator
FNDA:1,createEnum
FNDA:1,createEnumMember
FNDA:32,createFile
FNDA:7,createFunction
FNDA:1,createFunctionParameter
FNDA:1,createImport
FNDA:1,createIndexSignature
FNDA:5,createInterface
FNDA:1,createInterfaceMethod
FNDA:1,createInterfaceMethodParameter
FNDA:1,createInterfaceProperty
FNDA:7,createNamespace
FNDA:1,createReExport
FNDA:1,createTypeAlias
FNDA:3,createTypeParameter
FNDA:3,createNamedImportPart
FNDA:3,createVariable
DA:2,1
DA:3,1
DA:4,2
DA:5,2
DA:7,1
DA:8,1
DA:9,1
DA:11,1
DA:12,1
DA:13,16
DA:15,1
DA:16,1
DA:17,8
DA:18,8
DA:20,1
DA:21,1
DA:22,1
DA:24,1
DA:25,1
DA:26,3
DA:28,1
DA:29,1
DA:30,1
DA:32,1
DA:33,1
DA:34,1
DA:36,1
DA:37,1
DA:38,2
DA:40,1
DA:41,1
DA:42,1
DA:44,1
DA:45,1
DA:46,1
DA:48,1
DA:49,1
DA:50,5
DA:52,1
DA:53,1
DA:54,1
DA:56,1
DA:57,1
DA:58,1
DA:60,1
DA:61,1
DA:62,32
DA:63,32
DA:65,1
DA:66,1
DA:67,7
DA:69,1
DA:70,1
DA:71,1
DA:73,1
DA:74,1
DA:75,1
DA:77,1
DA:78,1
DA:79,1
DA:81,1
DA:82,1
DA:83,5
DA:85,1
DA:86,1
DA:87,1
DA:89,1
DA:90,1
DA:91,1
DA:93,1
DA:94,1
DA:95,1
DA:97,1
DA:98,1
DA:99,7
DA:101,1
DA:102,1
DA:103,1
DA:105,1
DA:106,1
DA:107,1
DA:109,1
DA:110,1
DA:111,3
DA:113,1
DA:114,1
DA:115,3
DA:117,1
DA:118,1
DA:119,3
DA:121,1
LF:91
LH:91
BRDA:4,1,0,1
BRDA:4,1,1,1
BRDA:17,2,0,4
BRDA:17,2,1,4
BRDA:62,3,0,2
BRDA:62,3,1,30
BRF:6
BRH:6
end_of_record
TN:
SF:V:\ts-code-generator\dist\factories.js
FN:2,__export
FNF:1
FNH:1
FNDA:3,__export
DA:2,1
DA:3,3
DA:5,1
DA:6,1
DA:7,1
LF:5
LH:5
BRDA:3,1,0,3
BRDA:3,1,1,0
BRF:2
BRH:2
end_of_record
TN:
SF:V:\ts-code-generator\dist\factories\MainFactory.js
FN:4,(anonymous_1)
FN:5,MainFactory
FN:8,(anonymous_3)
FN:12,(anonymous_4)
FNF:4
FNH:4
FNDA:1,(anonymous_1)
FNDA:0,MainFactory
FNDA:21,(anonymous_3)
FNDA:21,(anonymous_4)
DA:2,1
DA:3,1
DA:4,1
DA:5,1
DA:8,1
DA:9,21
DA:12,1
DA:13,21
DA:15,1
DA:17,1
LF:10
LH:10
BRF:0
BRH:0
end_of_record
TN:
SF:V:\ts-code-generator\dist\factories\WriterFactory.js
FN:2,(anonymous_1)
FN:10,(anonymous_2)
FN:11,WriterFactory
FN:14,(anonymous_4)
FN:17,(anonymous_5)
FN:20,(anonymous_6)
FN:23,(anonymous_7)
FN:26,(anonymous_8)
FN:29,(anonymous_9)
FN:32,(anonymous_10)
FN:35,(anonymous_11)
FN:38,(anonymous_12)
FN:41,(anonymous_13)
FN:44,(anonymous_14)
FN:47,(anonymous_15)
FN:50,(anonymous_16)
FN:53,(anonymous_17)
FN:56,(anonymous_18)
FN:59,(anonymous_19)
FN:62,(anonymous_20)
FN:65,(anonymous_21)
FN:68,(anonymous_22)
FN:71,(anonymous_23)
FN:74,(anonymous_24)
FN:77,(anonymous_25)
FN:80,(anonymous_26)
FN:83,(anonymous_27)
FN:86,(anonymous_28)
FN:89,(anonymous_29)
FN:92,(anonymous_30)
FN:95,(anonymous_31)
FN:98,(anonymous_32)
FN:101,(anonymous_33)
FN:104,(anonymous_34)
FN:107,(anonymous_35)
FN:110,(anonymous_36)
FN:113,(anonymous_37)
FN:116,(anonymous_38)
FN:119,(anonymous_39)
FN:122,(anonymous_40)
FN:125,(anonymous_41)
FN:128,(anonymous_42)
FN:131,(anonymous_43)
FN:134,(anonymous_44)
FNF:44
FNH:44
FNDA:41,(anonymous_1)
FNDA:1,(anonymous_2)
FNDA:21,WriterFactory
FNDA:21,(anonymous_4)
FNDA:19,(anonymous_5)
FNDA:11,(anonymous_6)
FNDA:11,(anonymous_7)
FNDA:11,(anonymous_8)
FNDA:9,(anonymous_9)
FNDA:9,(anonymous_10)
FNDA:11,(anonymous_11)
FNDA:11,(anonymous_12)
FNDA:16,(anonymous_13)
FNDA:19,(anonymous_14)
FNDA:12,(anonymous_15)
FNDA:12,(anonymous_16)
FNDA:19,(anonymous_17)
FNDA:16,(anonymous_18)
FNDA:9,(anonymous_19)
FNDA:11,(anonymous_20)
FNDA:11,(anonymous_21)
FNDA:7,(anonymous_22)
FNDA:11,(anonymous_23)
FNDA:8,(anonymous_24)
FNDA:9,(anonymous_25)
FNDA:9,(anonymous_26)
FNDA:7,(anonymous_27)
FNDA:8,(anonymous_28)
FNDA:8,(anonymous_29)
FNDA:2,(anonymous_30)
FNDA:11,(anonymous_31)
FNDA:11,(anonymous_32)
FNDA:11,(anonymous_33)
FNDA:9,(anonymous_34)
FNDA:8,(anonymous_35)
FNDA:11,(anonymous_36)
FNDA:9,(anonymous_37)
FNDA:16,(anonymous_38)
FNDA:11,(anonymous_39)
FNDA:11,(anonymous_40)
FNDA:16,(anonymous_41)
FNDA:14,(anonymous_42)
FNDA:14,(anonymous_43)
FNDA:9,(anonymous_44)
DA:2,1
DA:3,41
DA:4,41
DA:5,41
DA:6,41
DA:8,1
DA:9,1
DA:10,1
DA:11,1
DA:12,21
DA:14,1
DA:15,21
DA:17,1
DA:18,19
DA:20,1
DA:21,11
DA:23,1
DA:24,11
DA:26,1
DA:27,11
DA:29,1
DA:30,9
DA:32,1
DA:33,9
DA:35,1
DA:36,11
DA:38,1
DA:39,11
DA:41,1
DA:42,16
DA:44,1
DA:45,19
DA:47,1
DA:48,12
DA:50,1
DA:51,12
DA:53,1
DA:54,19
DA:56,1
DA:57,16
DA:59,1
DA:60,9
DA:62,1
DA:63,11
DA:65,1
DA:66,11
DA:68,1
DA:69,7
DA:71,1
DA:72,11
DA:74,1
DA:75,8
DA:77,1
DA:78,9
DA:80,1
DA:81,9
DA:83,1
DA:84,7
DA:86,1
DA:87,8
DA:89,1
DA:90,8
DA:92,1
DA:93,2
DA:95,1
DA:96,11
DA:98,1
DA:99,11
DA:101,1
DA:102,11
DA:104,1
DA:105,9
DA:107,1
DA:108,8
DA:110,1
DA:111,11
DA:113,1
DA:114,9
DA:116,1
DA:117,16
DA:119,1
DA:120,11
DA:122,1
DA:123,11
DA:125,1
DA:126,16
DA:128,1
DA:129,14
DA:131,1
DA:132,14
DA:134,1
DA:135,9
DA:136,9
DA:137,9
DA:138,9
DA:139,9
DA:141,1
DA:144,1
DA:147,1
DA:150,1
DA:153,1
DA:156,1
DA:159,1
DA:162,1
DA:165,1
DA:168,1
DA:171,1
DA:174,1
DA:177,1
DA:180,1
DA:183,1
DA:186,1
DA:189,1
DA:192,1
DA:195,1
DA:198,1
DA:201,1
DA:204,1
DA:207,1
DA:210,1
DA:213,1
DA:216,1
DA:219,1
DA:222,1
DA:225,1
DA:228,1
DA:231,1
DA:234,1
DA:237,1
DA:240,1
DA:243,1
DA:246,1
DA:249,1
DA:252,1
DA:255,1
DA:258,1
DA:261,1
DA:264,1
DA:266,1
LF:139
LH:139
BRDA:2,1,0,1
BRDA:2,1,1,1
BRDA:2,1,2,1
BRDA:3,2,0,0
BRDA:3,2,1,41
BRDA:3,3,0,41
BRDA:3,3,1,0
BRDA:4,4,0,0
BRDA:4,4,1,41
BRDA:4,5,0,41
BRDA:4,5,1,0
BRDA:5,6,0,41
BRDA:5,6,1,0
BRDA:5,7,0,41
BRDA:5,7,1,41
BRDA:5,8,0,0
BRDA:5,8,1,41
BRDA:5,9,0,41
BRDA:5,9,1,0
BRDA:6,10,0,41
BRDA:6,10,1,41
BRDA:6,10,2,41
BRF:22
BRH:15
end_of_record
TN:
SF:V:\ts-code-generator\dist\writers.js
FN:2,__export
FNF:1
FNH:1
FNDA:40,__export
DA:2,1
DA:3,40
DA:5,1
DA:6,1
DA:7,1
DA:8,1
DA:9,1
DA:10,1
DA:11,1
DA:12,1
DA:13,1
DA:14,1
DA:15,1
DA:16,1
DA:17,1
DA:18,1
DA:19,1
DA:20,1
DA:21,1
DA:22,1
DA:23,1
DA:24,1
DA:25,1
DA:26,1
DA:27,1
DA:28,1
DA:29,1
DA:30,1
DA:31,1
DA:32,1
DA:33,1
DA:34,1
DA:35,1
DA:36,1
DA:37,1
DA:38,1
DA:39,1
DA:40,1
DA:41,1
DA:42,1
DA:43,1
DA:44,1
LF:42
LH:42
BRDA:3,1,0,40
BRDA:3,1,1,0
BRF:2
BRH:2
end_of_record
TN:
SF:V:\ts-code-generator\dist\writers\EnumWriter.js
FN:2,(anonymous_1)
FN:3,EnumWriter
FN:11,(anonymous_3)
FN:13,(anonymous_4)
FN:18,(anonymous_5)
FN:23,(anonymous_6)
FN:25,(anonymous_7)
FNF:7
FNH:7
FNDA:1,(anonymous_1)
FNDA:16,EnumWriter
FNDA:11,(anonymous_3)
FNDA:11,(anonymous_4)
FNDA:11,(anonymous_5)
FNDA:11,(anonymous_6)
FNDA:5,(anonymous_7)
DA:2,1
DA:3,1
DA:4,16
DA:5,16
DA:6,16
DA:7,16
DA:8,16
DA:9,16
DA:11,1
DA:12,11
DA:13,11
DA:14,11
DA:15,11
DA:16,11
DA:17,11
DA:18,11
DA:19,11
DA:23,1
DA:24,11
DA:25,11
DA:26,5
DA:27,5
DA:28,2
DA:31,1
DA:33,1
LF:25
LH:25
BRDA:27,1,0,2
BRDA:27,1,1,3
BRF:2
BRH:2
end_of_record
TN:
SF:V:\ts-code-generator\dist\writers\EnumMemberWriter.js
FN:2,(anonymous_1)
FN:3,EnumMemberWriter
FN:8,(anonymous_3)
FN:10,(anonymous_4)
FNF:4
FNH:4
FNDA:1,(anonymous_1)
FNDA:13,EnumMemberWriter
FNDA:3,(anonymous_3)
FNDA:3,(anonymous_4)
DA:2,1
DA:3,1
DA:4,13
DA:5,13
DA:6,13
DA:8,1
DA:9,3
DA:10,3
DA:11,3
DA:12,3
DA:15,1
DA:17,1
LF:12
LH:12
BRF:0
BRH:0
end_of_record
TN:
SF:V:\ts-code-generator\dist\writers\ExportableWriter.js
FN:4,(anonymous_1)
FN:5,ExportableWriter
FN:8,(anonymous_3)
FNF:3
FNH:3
FNDA:1,(anonymous_1)
FNDA:28,ExportableWriter
FNDA:49,(anonymous_3)
DA:2,1
DA:3,1
DA:4,1
DA:5,1
DA:6,28
DA:8,1
DA:9,49
DA:10,36
DA:11,13
DA:12,13
DA:13,5
DA:15,8
DA:16,13
DA:18,1
DA:20,1
LF:15
LH:15
BRDA:9,1,0,36
BRDA:9,1,1,13
BRDA:9,2,0,49
BRDA:9,2,1,42
BRDA:9,2,2,36
BRDA:12,3,0,5
BRDA:12,3,1,8
BRDA:12,4,0,13
BRDA:12,4,1,10
BRF:9
BRH:9
end_of_record
TN:
SF:V:\ts-code-generator\dist\definitions.js
FN:2,__export
FNF:1
FNH:1
FNDA:11,__export
DA:2,1
DA:3,75
DA:5,1
DA:6,1
DA:7,1
DA:8,1
DA:9,1
DA:10,1
DA:11,1
DA:12,1
DA:13,1
DA:14,1
DA:15,1
DA:16,1
DA:17,1
DA:18,1
DA:19,1
DA:20,1
DA:21,1
DA:22,1
DA:23,1
DA:25,1
LF:22
LH:22
BRDA:3,1,0,75
BRDA:3,1,1,0
BRF:2
BRH:2
end_of_record
TN:
SF:V:\ts-code-generator\dist\definitions\base.js
FN:2,__export
FNF:1
FNH:1
FNDA:25,__export
DA:2,1
DA:3,25
DA:5,1
DA:6,1
DA:7,1
DA:8,1
DA:9,1
DA:10,1
DA:11,1
DA:12,1
DA:13,1
DA:14,1
DA:15,1
DA:16,1
DA:17,1
DA:18,1
DA:19,1
DA:20,1
DA:21,1
DA:22,1
DA:23,1
DA:24,1
DA:25,1
DA:26,1
DA:27,1
DA:28,1
DA:29,1
LF:27
LH:27
BRDA:3,1,0,25
BRDA:3,1,1,0
BRF:2
BRH:2
end_of_record
TN:
SF:V:\ts-code-generator\dist\definitions\base\BaseDefinition.js
FN:2,runMixin
FN:5,(anonymous_2)
FN:7,(anonymous_3)
FN:8,BaseDefinition
FN:11,(anonymous_5)
FNF:5
FNH:4
FNDA:3292,runMixin
FNDA:0,(anonymous_2)
FNDA:1,(anonymous_3)
FNDA:992,BaseDefinition
FNDA:3292,(anonymous_5)
DA:2,1
DA:3,3292
DA:4,3292
DA:5,0
DA:7,1
DA:8,1
DA:9,992
DA:10,992
DA:11,3292
DA:12,992
DA:20,1
DA:21,1
DA:23,1
LF:13
LH:12
BRDA:4,1,0,0
BRDA:4,1,1,3292
BRDA:10,2,0,992
BRDA:10,2,1,435
BRF:4
BRH:3
end_of_record
TN:
SF:V:\ts-code-generator\dist\definitions\base\FunctionBodyWriteableDefinition.js
FN:2,(anonymous_1)
FN:3,FunctionBodyWriteableDefinition
FNF:2
FNH:2
FNDA:1,(anonymous_1)
FNDA:81,FunctionBodyWriteableDefinition
DA:2,1
DA:3,1
DA:5,1
DA:7,1
LF:4
LH:4
BRF:0
BRH:0
end_of_record
TN:
SF:V:\ts-code-generator\dist\definitions\base\NamedDefinition.js
FN:2,(anonymous_1)
FN:3,NamedDefinition
FNF:2
FNH:2
FNDA:1,(anonymous_1)
FNDA:405,NamedDefinition
DA:2,1
DA:3,1
DA:5,1
DA:7,1
LF:4
LH:4
BRF:0
BRH:0
end_of_record
TN:
SF:V:\ts-code-generator\dist\definitions\base\OptionallyNamedDefinition.js
FN:2,(anonymous_1)
FN:3,OptionallyNamedDefinition
FNF:2
FNH:2
FNDA:1,(anonymous_1)
FNDA:62,OptionallyNamedDefinition
DA:2,1
DA:3,1
DA:5,1
DA:7,1
LF:4
LH:4
BRF:0
BRH:0
end_of_record
TN:
SF:V:\ts-code-generator\dist\definitions\base\OrderableDefinition.js
FN:2,(anonymous_1)
FN:3,OrderableDefinition
FNF:2
FNH:2
FNDA:1,(anonymous_1)
FNDA:261,OrderableDefinition
DA:2,1
DA:3,1
DA:5,1
DA:7,1
LF:4
LH:4
BRF:0
BRH:0
end_of_record
TN:
SF:V:\ts-code-generator\dist\definitions\base\OptionalDefinition.js
FN:2,(anonymous_1)
FN:3,OptionalDefinition
FNF:2
FNH:2
FNDA:1,(anonymous_1)
FNDA:111,OptionalDefinition
DA:2,1
DA:3,1
DA:5,1
DA:7,1
LF:4
LH:4
BRF:0
BRH:0
end_of_record
TN:
SF:V:\ts-code-generator\dist\definitions\base\AbstractableDefinition.js
FN:2,(anonymous_1)
FN:3,AbstractableDefinition
FNF:2
FNH:2
FNDA:1,(anonymous_1)
FNDA:94,AbstractableDefinition
DA:2,1
DA:3,1
DA:5,1
DA:7,1
LF:4
LH:4
BRF:0
BRH:0
end_of_record
TN:
SF:V:\ts-code-generator\dist\definitions\base\AmbientableDefinition.js
FN:2,(anonymous_1)
FN:3,AmbientableDefinition
FNF:2
FNH:2
FNDA:1,(anonymous_1)
FNDA:263,AmbientableDefinition
DA:2,1
DA:3,1
DA:5,1
DA:7,1
LF:4
LH:4
BRF:0
BRH:0
end_of_record
TN:
SF:V:\ts-code-generator\dist\definitions\base\AsyncableDefinition.js
FN:2,(anonymous_1)
FN:3,AsyncableDefinition
FNF:2
FNH:2
FNDA:1,(anonymous_1)
FNDA:71,AsyncableDefinition
DA:2,1
DA:3,1
DA:5,1
DA:7,1
LF:4
LH:4
BRF:0
BRH:0
end_of_record
TN:
SF:V:\ts-code-generator\dist\definitions\base\DocumentationedDefinition.js
FN:2,(anonymous_1)
FN:3,DocumentationedDefinition
FNF:2
FNH:2
FNDA:1,(anonymous_1)
FNDA:390,DocumentationedDefinition
DA:2,1
DA:3,1
DA:5,1
DA:7,1
LF:4
LH:4
BRF:0
BRH:0
end_of_record
TN:
SF:V:\ts-code-generator\dist\definitions\base\ThisTypedDefinition.js
FN:3,(anonymous_1)
FN:4,ThisTypedDefinition
FN:7,(anonymous_3)
FNF:3
FNH:3
FNDA:1,(anonymous_1)
FNDA:79,ThisTypedDefinition
FNDA:8,(anonymous_3)
DA:2,1
DA:3,1
DA:4,1
DA:5,79
DA:7,1
DA:8,8
DA:9,8
DA:10,8
DA:12,1
DA:14,1
LF:10
LH:10
BRDA:8,1,0,6
BRDA:8,1,1,2
BRF:2
BRH:2
end_of_record
TN:
SF:V:\ts-code-generator\dist\utils.js
FN:2,__export
FNF:1
FNH:1
FNDA:11,__export
DA:2,1
DA:3,11
DA:5,1
DA:6,1
DA:7,1
DA:8,1
DA:9,1
DA:10,1
DA:11,1
DA:12,1
DA:13,1
DA:14,1
DA:15,1
LF:13
LH:13
BRDA:3,1,0,11
BRDA:3,1,1,0
BRF:2
BRH:2
end_of_record
TN:
SF:V:\ts-code-generator\dist\utils\applyMixins.js
FN:2,applyMixins
FN:3,(anonymous_2)
FN:4,(anonymous_3)
FNF:3
FNH:3
FNDA:26,applyMixins
FNDA:92,(anonymous_2)
FNDA:171,(anonymous_3)
DA:2,1
DA:3,26
DA:4,92
DA:5,171
DA:6,78
DA:7,78
DA:11,26
DA:12,26
DA:13,26
DA:15,1
LF:10
LH:10
BRDA:5,1,0,78
BRDA:5,1,1,93
BRDA:5,2,0,171
BRDA:5,2,1,79
BRDA:12,3,0,26
BRDA:12,3,1,17
BRF:6
BRH:6
end_of_record
TN:
SF:V:\ts-code-generator\dist\utils\decorators.js
FN:2,__export
FNF:1
FNH:1
FNDA:1,__export
DA:2,1
DA:3,1
DA:5,1
LF:3
LH:3
BRDA:3,1,0,1
BRDA:3,1,1,0
BRF:2
BRH:2
end_of_record
TN:
SF:V:\ts-code-generator\dist\utils\decorators\Memoize.js
FN:2,Memoize
FN:12,getNewFunction
FN:14,decorator
FNF:3
FNH:3
FNDA:44,Memoize
FNDA:43,getNewFunction
FNDA:1136,decorator
DA:2,1
DA:3,44
DA:4,42
DA:5,2
DA:6,1
DA:8,1
DA:10,1
DA:11,1
DA:12,1
DA:13,43
DA:14,1
DA:15,1136
DA:16,1136
DA:17,1136
DA:18,1
DA:19,1135
DA:20,663
DA:22,472
DA:23,472
DA:30,1135
DA:32,43
LF:21
LH:21
BRDA:3,1,0,42
BRDA:3,1,1,2
BRDA:5,2,0,1
BRDA:5,2,1,1
BRDA:17,3,0,1
BRDA:17,3,1,1135
BRDA:19,4,0,663
BRDA:19,4,1,472
BRF:8
BRH:8
end_of_record
TN:
SF:V:\ts-code-generator\dist\utils\ArrayUtils.js
FN:2,(anonymous_1)
FN:3,ArrayUtils
FN:5,(anonymous_3)
FN:8,(anonymous_4)
FN:16,(anonymous_5)
FN:17,(anonymous_6)
FNF:6
FNH:6
FNDA:1,(anonymous_1)
FNDA:0,ArrayUtils
FNDA:19,(anonymous_3)
FNDA:3,(anonymous_4)
FNDA:1,(anonymous_5)
FNDA:6,(anonymous_6)
DA:2,1
DA:3,1
DA:5,1
DA:6,19
DA:8,1
DA:9,3
DA:10,6
DA:11,1
DA:14,2
DA:16,1
DA:17,6
DA:19,1
DA:21,1
LF:13
LH:13
BRDA:6,1,0,19
BRDA:6,1,1,6
BRDA:10,2,0,1
BRDA:10,2,1,5
BRF:4
BRH:4
end_of_record
TN:
SF:V:\ts-code-generator\dist\utils\DefinitionUtils.js
FN:3,(anonymous_1)
FN:4,DefinitionUtils
FN:6,(anonymous_3)
FN:20,(anonymous_4)
FN:22,(anonymous_5)
FN:25,(anonymous_6)
FN:30,(anonymous_7)
FN:34,(anonymous_8)
FN:44,(anonymous_9)
FN:47,(anonymous_10)
FNF:10
FNH:10
FNDA:1,(anonymous_1)
FNDA:0,DefinitionUtils
FNDA:63,(anonymous_3)
FNDA:56,(anonymous_4)
FNDA:81,(anonymous_5)
FNDA:7,(anonymous_6)
FNDA:54,(anonymous_7)
FNDA:69,(anonymous_8)
FNDA:54,(anonymous_9)
FNDA:36,(anonymous_10)
DA:2,1
DA:3,1
DA:4,1
DA:6,1
DA:7,63
DA:8,63
DA:9,63
DA:10,39
DA:12,24
DA:13,3
DA:16,21
DA:18,63
DA:20,1
DA:21,56
DA:22,81
DA:23,56
DA:25,1
DA:26,7
DA:27,7
DA:28,7
DA:30,1
DA:31,54
DA:32,54
DA:34,1
DA:35,69
DA:36,69
DA:37,119
DA:38,61
DA:39,61
DA:42,69
DA:44,1
DA:45,54
DA:46,54
DA:47,36
DA:49,54
DA:51,1
DA:53,1
LF:37
LH:37
BRDA:9,1,0,39
BRDA:9,1,1,24
BRDA:12,2,0,3
BRDA:12,2,1,21
BRDA:27,3,0,7
BRDA:27,3,1,7
BRDA:37,4,0,61
BRDA:37,4,1,58
BRDA:46,5,0,18
BRDA:46,5,1,36
BRF:10
BRH:10
end_of_record
TN:
SF:V:\ts-code-generator\dist\utils\FileUtils.js
FN:2,(anonymous_1)
FN:3,FileUtils
FN:5,(anonymous_3)
FN:8,(anonymous_4)
FN:10,(anonymous_5)
FNF:5
FNH:5
FNDA:1,(anonymous_1)
FNDA:0,FileUtils
FNDA:39,(anonymous_3)
FNDA:12,(anonymous_4)
FNDA:24,(anonymous_5)
DA:2,1
DA:3,1
DA:5,1
DA:6,39
DA:8,1
DA:9,12
DA:10,24
DA:11,12
DA:12,12
DA:13,12
DA:14,1
DA:16,11
DA:17,16
DA:18,5
DA:21,6
DA:23,1
DA:25,1
LF:17
LH:17
BRDA:10,1,0,24
BRDA:10,1,1,8
BRDA:13,2,0,1
BRDA:13,2,1,11
BRDA:17,3,0,5
BRDA:17,3,1,11
BRF:6
BRH:6
end_of_record
TN:
SF:V:\ts-code-generator\dist\utils\Logger.js
FN:2,(anonymous_1)
FN:3,Logger
FN:5,(anonymous_3)
FN:8,(anonymous_4)
FN:11,(anonymous_5)
FN:14,(anonymous_6)
FN:17,(anonymous_7)
FN:20,(anonymous_8)
FN:23,(anonymous_9)
FN:26,(anonymous_10)
FN:29,(anonymous_11)
FN:32,(anonymous_12)
FN:35,(anonymous_13)
FNF:13
FNH:13
FNDA:1,(anonymous_1)
FNDA:0,Logger
FNDA:2,(anonymous_3)
FNDA:10,(anonymous_4)
FNDA:3,(anonymous_5)
FNDA:15,(anonymous_6)
FNDA:3,(anonymous_7)
FNDA:3,(anonymous_8)
FNDA:2,(anonymous_9)
FNDA:8,(anonymous_10)
FNDA:7,(anonymous_11)
FNDA:5,(anonymous_12)
FNDA:20,(anonymous_13)
DA:2,1
DA:3,1
DA:5,1
DA:6,2
DA:8,1
DA:9,10
DA:11,1
DA:12,3
DA:14,1
DA:15,15
DA:17,1
DA:18,3
DA:20,1
DA:21,3
DA:23,1
DA:24,2
DA:26,1
DA:27,8
DA:29,1
DA:30,7
DA:32,1
DA:33,5
DA:35,1
DA:36,20
DA:37,11
DA:39,1
DA:40,1
DA:41,1
DA:42,1
DA:43,1
DA:45,1
LF:31
LH:31
BRDA:36,1,0,11
BRDA:36,1,1,9
BRF:2
BRH:2
end_of_record
TN:
SF:V:\ts-code-generator\dist\utils\logError.js
FN:3,logError
FN:7,getWarningMessage
FN:10,getLine
FN:13,getSymbolMessage
FN:21,getInnerErrorMessage
FNF:5
FNH:5
FNDA:2,logError
FNDA:2,getWarningMessage
FNDA:4,getLine
FNDA:2,getSymbolMessage
FNDA:2,getInnerErrorMessage
DA:2,1
DA:3,1
DA:4,2
DA:6,1
DA:7,1
DA:8,2
DA:10,1
DA:11,4
DA:13,1
DA:14,2
DA:15,1
DA:18,1
DA:21,1
DA:22,2
LF:14
LH:14
BRDA:14,1,0,1
BRDA:14,1,1,1
BRF:2
BRH:2
end_of_record
TN:
SF:V:\ts-code-generator\dist\utils\objectAssign.js
FN:2,objectAssign
FN:4,(anonymous_2)
FNF:2
FNH:2
FNDA:33,objectAssign
FNDA:33,(anonymous_2)
DA:2,1
DA:3,33
DA:4,33
DA:5,33
DA:7,33
DA:9,1
LF:6
LH:6
BRF:0
BRH:0
end_of_record
TN:
SF:V:\ts-code-generator\dist\utils\StringHashSet.js
FN:2,(anonymous_1)
FN:3,StringHashSet
FN:6,(anonymous_3)
FN:9,(anonymous_4)
FNF:4
FNH:4
FNDA:1,(anonymous_1)
FNDA:2,StringHashSet
FNDA:3,(anonymous_3)
FNDA:2,(anonymous_4)
DA:2,1
DA:3,1
DA:4,2
DA:6,1
DA:7,3
DA:9,1
DA:10,2
DA:12,1
DA:14,1
LF:9
LH:9
BRF:0
BRH:0
end_of_record
TN:
SF:V:\ts-code-generator\dist\utils\StringUtils.js
FN:2,(anonymous_1)
FN:3,StringUtils
FN:5,(anonymous_3)
FN:11,(anonymous_4)
FNF:4
FNH:4
FNDA:1,(anonymous_1)
FNDA:0,StringUtils
FNDA:3,(anonymous_3)
FNDA:78,(anonymous_4)
DA:2,1
DA:3,1
DA:5,1
DA:6,3
DA:7,2
DA:9,3
DA:11,1
DA:12,78
DA:14,1
DA:16,1
LF:10
LH:10
BRDA:6,1,0,2
BRDA:6,1,1,1
BRDA:12,2,0,78
BRDA:12,2,1,58
BRF:4
BRH:4
end_of_record
TN:
SF:V:\ts-code-generator\dist\utils\structureValidators.js
FN:4,validateImportStructure
FNF:1
FNH:1
FNDA:8,validateImportStructure
DA:2,1
DA:3,1
DA:4,1
DA:5,8
DA:6,8
DA:7,8
DA:8,1
DA:10,1
LF:8
LH:8
BRDA:7,1,0,1
BRDA:7,1,1,7
BRDA:7,2,0,8
BRDA:7,2,1,4
BRF:4
BRH:4
end_of_record
TN:
SF:V:\ts-code-generator\dist\definitions\base\TypedDefinition.js
FN:3,(anonymous_1)
FN:4,TypedDefinition
FN:6,(anonymous_3)
FNF:3
FNH:3
FNDA:1,(anonymous_1)
FNDA:159,TypedDefinition
FNDA:25,(anonymous_3)
DA:2,1
DA:3,1
DA:4,1
DA:6,1
DA:7,25
DA:8,25
DA:9,25
DA:11,1
DA:13,1
LF:9
LH:9
BRDA:7,1,0,23
BRDA:7,1,1,2
BRF:2
BRH:2
end_of_record
TN:
SF:V:\ts-code-generator\dist\definitions\base\DefaultExpressionedDefinition.js
FN:3,(anonymous_1)
FN:4,DefaultExpressionedDefinition
FN:6,(anonymous_3)
FNF:3
FNH:3
FNDA:1,(anonymous_1)
FNDA:134,DefaultExpressionedDefinition
FNDA:3,(anonymous_3)
DA:2,1
DA:3,1
DA:4,1
DA:6,1
DA:7,3
DA:8,3
DA:10,1
DA:12,1
LF:8
LH:8
BRF:0
BRH:0
end_of_record
TN:
SF:V:\ts-code-generator\dist\definitions\base\DecoratableDefinition.js
FN:4,(anonymous_1)
FN:5,DecoratableDefinition
FN:8,(anonymous_3)
FN:13,(anonymous_4)
FNF:4
FNH:4
FNDA:1,(anonymous_1)
FNDA:143,DecoratableDefinition
FNDA:8,(anonymous_3)
FNDA:2,(anonymous_4)
DA:2,1
DA:3,1
DA:4,1
DA:5,1
DA:6,143
DA:8,1
DA:9,8
DA:10,8
DA:11,8
DA:13,1
DA:14,2
DA:16,1
DA:18,1
LF:13
LH:13
BRF:0
BRH:0
end_of_record
TN:
SF:V:\ts-code-generator\dist\definitions\base\ExportableDefinition.js
FN:2,(anonymous_1)
FN:3,ExportableDefinition
FNF:2
FNH:2
FNDA:1,(anonymous_1)
FNDA:266,ExportableDefinition
DA:2,1
DA:3,1
DA:5,1
DA:7,1
LF:4
LH:4
BRF:0
BRH:0
end_of_record
TN:
SF:V:\ts-code-generator\dist\definitions\base\BasePropertyDefinition.js
FN:2,(anonymous_1)
FN:4,__
FN:13,(anonymous_3)
FN:15,BasePropertyDefinition
FNF:4
FNH:4
FNDA:1,(anonymous_1)
FNDA:1,__
FNDA:1,(anonymous_3)
FNDA:49,BasePropertyDefinition
DA:2,1
DA:3,1
DA:4,1
DA:5,1
DA:7,1
DA:8,1
DA:9,1
DA:10,1
DA:11,1
DA:12,1
DA:13,1
DA:14,1
DA:15,1
DA:16,49
DA:18,1
DA:20,1
DA:21,1
LF:17
LH:17
BRDA:2,1,0,1
BRDA:2,1,1,1
BRDA:2,1,2,1
BRDA:3,2,0,1
BRDA:3,2,1,0
BRDA:5,3,0,0
BRDA:5,3,1,1
BRF:7
BRH:7
end_of_record
TN:
SF:V:\ts-code-generator\dist\definitions\base\ReadonlyableDefinition.js
FN:2,(anonymous_1)
FN:3,ReadonlyableDefinition
FNF:2
FNH:2
FNDA:1,(anonymous_1)
FNDA:70,ReadonlyableDefinition
DA:2,1
DA:3,1
DA:5,1
DA:7,1
LF:4
LH:4
BRF:0
BRH:0
end_of_record
TN:
SF:V:\ts-code-generator\dist\definitions\base\TypeParameteredDefinition.js
FN:4,(anonymous_1)
FN:5,TypeParameteredDefinition
FN:8,(anonymous_3)
FN:13,(anonymous_4)
FNF:4
FNH:4
FNDA:1,(anonymous_1)
FNDA:219,TypeParameteredDefinition
FNDA:6,(anonymous_3)
FNDA:2,(anonymous_4)
DA:2,1
DA:3,1
DA:4,1
DA:5,1
DA:6,219
DA:8,1
DA:9,6
DA:10,6
DA:11,6
DA:13,1
DA:14,2
DA:16,1
DA:18,1
LF:13
LH:13
BRF:0
BRH:0
end_of_record
TN:
SF:V:\ts-code-generator\dist\definitions\base\BaseObjectPropertyDefinition.js
FN:2,(anonymous_1)
FN:4,__
FN:10,(anonymous_3)
FN:12,BaseObjectPropertyDefinition
FNF:4
FNH:4
FNDA:1,(anonymous_1)
FNDA:1,__
FNDA:1,(anonymous_3)
FNDA:40,BaseObjectPropertyDefinition
DA:2,1
DA:3,2
DA:4,1
DA:5,1
DA:7,1
DA:8,1
DA:9,1
DA:10,1
DA:11,1
DA:12,1
DA:13,40
DA:15,1
DA:17,1
DA:18,1
LF:14
LH:14
BRDA:2,1,0,1
BRDA:2,1,1,1
BRDA:2,1,2,1
BRDA:3,2,0,2
BRDA:3,2,1,0
BRDA:5,3,0,0
BRDA:5,3,1,1
BRF:7
BRH:7
end_of_record
TN:
SF:V:\ts-code-generator\dist\definitions\base\BaseFunctionDefinition.js
FN:2,(anonymous_1)
FN:4,__
FN:17,(anonymous_3)
FN:19,BaseFunctionDefinition
FN:22,(anonymous_5)
FNF:5
FNH:5
FNDA:1,(anonymous_1)
FNDA:1,__
FNDA:1,(anonymous_3)
FNDA:79,BaseFunctionDefinition
FNDA:5,(anonymous_5)
DA:2,1
DA:3,1
DA:4,1
DA:5,1
DA:7,1
DA:8,1
DA:9,1
DA:10,1
DA:11,1
DA:12,1
DA:13,1
DA:14,1
DA:15,1
DA:16,1
DA:17,1
DA:18,1
DA:19,1
DA:20,79
DA:22,1
DA:23,5
DA:24,5
DA:26,1
DA:28,1
DA:29,1
LF:24
LH:24
BRDA:2,1,0,1
BRDA:2,1,1,1
BRDA:2,1,2,1
BRDA:3,2,0,1
BRDA:3,2,1,0
BRDA:5,3,0,0
BRDA:5,3,1,1
BRF:7
BRH:7
end_of_record
TN:
SF:V:\ts-code-generator\dist\definitions\base\ParameteredDefinition.js
FN:3,(anonymous_1)
FN:4,ParameteredDefinition
FN:7,(anonymous_3)
FNF:3
FNH:3
FNDA:1,(anonymous_1)
FNDA:122,ParameteredDefinition
FNDA:2,(anonymous_3)
DA:2,1
DA:3,1
DA:4,1
DA:5,122
DA:7,1
DA:8,2
DA:10,1
DA:12,1
LF:8
LH:8
BRF:0
BRH:0
end_of_record
TN:
SF:V:\ts-code-generator\dist\definitions\base\ReturnTypedDefinition.js
FN:3,(anonymous_1)
FN:4,ReturnTypedDefinition
FN:6,(anonymous_3)
FNF:3
FNH:3
FNDA:1,(anonymous_1)
FNDA:118,ReturnTypedDefinition
FNDA:5,(anonymous_3)
DA:2,1
DA:3,1
DA:4,1
DA:6,1
DA:7,5
DA:8,5
DA:10,1
DA:12,1
LF:8
LH:8
BRF:0
BRH:0
end_of_record
TN:
SF:V:\ts-code-generator\dist\definitions\base\OverloadSignaturedDefinition.js
FN:4,(anonymous_1)
FN:5,OverloadSignaturedDefinition
FN:8,(anonymous_3)
FN:13,(anonymous_4)
FNF:4
FNH:4
FNDA:1,(anonymous_1)
FNDA:91,OverloadSignaturedDefinition
FNDA:5,(anonymous_3)
FNDA:1,(anonymous_4)
DA:2,1
DA:3,1
DA:4,1
DA:5,1
DA:6,91
DA:8,1
DA:9,5
DA:10,5
DA:11,5
DA:13,1
DA:14,1
DA:16,1
DA:18,1
LF:13
LH:13
BRF:0
BRH:0
end_of_record
TN:
SF:V:\ts-code-generator\dist\definitions\base\BaseParameterDefinition.js
FN:2,(anonymous_1)
FN:4,__
FN:14,(anonymous_3)
FN:16,BaseParameterDefinition
FN:20,(anonymous_5)
FN:25,(anonymous_6)
FNF:6
FNH:6
FNDA:1,(anonymous_1)
FNDA:1,__
FNDA:1,(anonymous_3)
FNDA:62,BaseParameterDefinition
FNDA:7,(anonymous_5)
FNDA:2,(anonymous_6)
DA:2,1
DA:3,1
DA:4,1
DA:5,1
DA:7,1
DA:8,1
DA:9,1
DA:10,1
DA:11,1
DA:12,1
DA:13,1
DA:14,1
DA:15,1
DA:16,1
DA:17,62
DA:18,62
DA:20,1
DA:21,7
DA:22,7
DA:23,7
DA:25,1
DA:26,2
DA:28,1
DA:30,1
DA:31,1
LF:25
LH:25
BRDA:2,1,0,1
BRDA:2,1,1,1
BRDA:2,1,2,1
BRDA:3,2,0,1
BRDA:3,2,1,0
BRDA:5,3,0,0
BRDA:5,3,1,1
BRF:7
BRH:7
end_of_record
TN:
SF:V:\ts-code-generator\dist\definitions\base\ModuledDefinition.js
FN:4,(anonymous_1)
FN:5,ModuledDefinition
FN:15,(anonymous_3)
FN:18,(anonymous_4)
FN:24,(anonymous_5)
FN:30,(anonymous_6)
FN:36,(anonymous_7)
FN:42,(anonymous_8)
FN:48,(anonymous_9)
FN:54,(anonymous_10)
FN:60,(anonymous_11)
FN:63,(anonymous_12)
FN:66,(anonymous_13)
FN:69,(anonymous_14)
FN:72,(anonymous_15)
FN:75,(anonymous_16)
FN:78,(anonymous_17)
FN:81,(anonymous_18)
FN:83,(anonymous_19)
FN:86,(anonymous_20)
FN:89,(anonymous_21)
FN:92,(anonymous_22)
FN:95,(anonymous_23)
FN:98,(anonymous_24)
FN:101,(anonymous_25)
FN:107,(anonymous_26)
FN:122,(anonymous_27)
FN:123,(anonymous_28)
FN:125,(anonymous_29)
FN:128,(anonymous_30)
FN:131,(anonymous_31)
FN:135,(anonymous_32)
FNF:32
FNH:32
FNDA:1,(anonymous_1)
FNDA:85,ModuledDefinition
FNDA:1,(anonymous_3)
FNDA:8,(anonymous_4)
FNDA:7,(anonymous_5)
FNDA:8,(anonymous_6)
FNDA:7,(anonymous_7)
FNDA:13,(anonymous_8)
FNDA:6,(anonymous_9)
FNDA:7,(anonymous_10)
FNDA:3,(anonymous_11)
FNDA:3,(anonymous_12)
FNDA:3,(anonymous_13)
FNDA:3,(anonymous_14)
FNDA:3,(anonymous_15)
FNDA:3,(anonymous_16)
FNDA:13,(anonymous_17)
FNDA:17,(anonymous_18)
FNDA:1,(anonymous_19)
FNDA:1,(anonymous_20)
FNDA:1,(anonymous_21)
FNDA:1,(anonymous_22)
FNDA:1,(anonymous_23)
FNDA:1,(anonymous_24)
FNDA:9,(anonymous_25)
FNDA:9,(anonymous_26)
FNDA:11,(anonymous_27)
FNDA:32,(anonymous_28)
FNDA:71,(anonymous_29)
FNDA:3,(anonymous_30)
FNDA:10,(anonymous_31)
FNDA:9,(anonymous_32)
DA:2,1
DA:3,1
DA:4,1
DA:5,1
DA:6,85
DA:7,85
DA:8,85
DA:9,85
DA:10,85
DA:11,85
DA:12,85
DA:15,1
DA:16,1
DA:18,1
DA:19,8
DA:20,8
DA:21,8
DA:22,8
DA:24,1
DA:25,7
DA:26,7
DA:27,7
DA:28,7
DA:30,1
DA:31,8
DA:32,8
DA:33,8
DA:34,8
DA:36,1
DA:37,7
DA:38,7
DA:39,7
DA:40,7
DA:42,1
DA:43,13
DA:44,13
DA:45,13
DA:46,13
DA:48,1
DA:49,6
DA:50,6
DA:51,6
DA:52,6
DA:54,1
DA:55,7
DA:56,7
DA:57,7
DA:58,7
DA:60,1
DA:61,3
DA:63,1
DA:64,3
DA:66,1
DA:67,3
DA:69,1
DA:70,3
DA:72,1
DA:73,3
DA:75,1
DA:76,3
DA:78,1
DA:79,13
DA:81,1
DA:82,17
DA:83,1
DA:85,16
DA:86,1
DA:88,15
DA:89,1
DA:91,14
DA:92,1
DA:94,13
DA:95,1
DA:97,12
DA:98,1
DA:100,11
DA:101,11
DA:104,0
DA:107,1
DA:108,9
DA:109,9
DA:110,2
DA:113,7
DA:114,6
DA:115,6
DA:116,2
DA:119,5
DA:122,1
DA:123,32
DA:125,1
DA:126,71
DA:128,1
DA:129,3
DA:130,3
DA:131,10
DA:132,1
DA:135,2
DA:136,9
DA:137,8
DA:140,2
DA:142,2
DA:144,1
DA:146,1
LF:103
LH:102
BRDA:82,1,0,1
BRDA:82,1,1,16
BRDA:85,2,0,1
BRDA:85,2,1,15
BRDA:88,3,0,1
BRDA:88,3,1,14
BRDA:91,4,0,1
BRDA:91,4,1,13
BRDA:94,5,0,1
BRDA:94,5,1,12
BRDA:97,6,0,1
BRDA:97,6,1,11
BRDA:100,7,0,11
BRDA:100,7,1,0
BRDA:109,8,0,2
BRDA:109,8,1,7
BRDA:115,9,0,2
BRDA:115,9,1,4
BRDA:123,10,0,32
BRDA:123,10,1,32
BRDA:123,10,2,8
BRDA:131,11,0,1
BRDA:131,11,1,2
BRDA:136,12,0,8
BRDA:136,12,1,1
BRF:25
BRH:24
end_of_record
TN:
SF:V:\ts-code-generator\dist\definitions\general.js
FN:2,__export
FNF:1
FNH:1
FNDA:9,__export
DA:2,1
DA:3,9
DA:5,1
DA:6,1
DA:7,1
DA:8,1
DA:9,1
DA:10,1
DA:11,1
DA:12,1
DA:13,1
LF:11
LH:11
BRDA:3,1,0,9
BRDA:3,1,1,0
BRF:2
BRH:2
end_of_record
TN:
SF:V:\ts-code-generator\dist\definitions\general\CallSignatureDefinition.js
FN:2,(anonymous_1)
FN:4,__
FN:10,(anonymous_3)
FN:12,CallSignatureDefinition
FN:15,(anonymous_5)
FN:20,(anonymous_6)
FN:21,(anonymous_7)
FNF:7
FNH:7
FNDA:1,(anonymous_1)
FNDA:1,__
FNDA:1,(anonymous_3)
FNDA:29,CallSignatureDefinition
FNDA:3,(anonymous_5)
FNDA:11,(anonymous_6)
FNDA:6,(anonymous_7)
DA:2,1
DA:3,1
DA:4,1
DA:5,1
DA:7,1
DA:8,1
DA:9,1
DA:10,1
DA:11,1
DA:12,1
DA:13,29
DA:15,1
DA:16,3
DA:17,3
DA:18,3
DA:20,1
DA:21,11
DA:23,1
DA:25,1
DA:26,1
LF:20
LH:20
BRDA:2,1,0,1
BRDA:2,1,1,1
BRDA:2,1,2,1
BRDA:3,2,0,1
BRDA:3,2,1,0
BRDA:5,3,0,0
BRDA:5,3,1,1
BRDA:21,4,0,6
BRDA:21,4,1,6
BRF:9
BRH:9
end_of_record
TN:
SF:V:\ts-code-generator\dist\definitions\general\CallSignatureParameterDefinition.js
FN:2,(anonymous_1)
FN:4,__
FN:8,(anonymous_3)
FN:10,CallSignatureParameterDefinition
FNF:4
FNH:4
FNDA:1,(anonymous_1)
FNDA:1,__
FNDA:1,(anonymous_3)
FNDA:11,CallSignatureParameterDefinition
DA:2,1
DA:3,2
DA:4,1
DA:5,1
DA:7,1
DA:8,1
DA:9,1
DA:10,1
DA:11,11
DA:13,1
DA:15,1
LF:11
LH:11
BRDA:2,1,0,1
BRDA:2,1,1,1
BRDA:2,1,2,1
BRDA:3,2,0,2
BRDA:3,2,1,0
BRDA:5,3,0,0
BRDA:5,3,1,1
BRF:7
BRH:7
end_of_record
TN:
SF:V:\ts-code-generator\dist\definitions\general\IndexSignatureDefinition.js
FN:2,(anonymous_1)
FN:4,__
FN:10,(anonymous_3)
FN:12,IndexSignatureDefinition
FN:15,(anonymous_5)
FNF:5
FNH:5
FNDA:1,(anonymous_1)
FNDA:1,__
FNDA:1,(anonymous_3)
FNDA:10,IndexSignatureDefinition
FNDA:3,(anonymous_5)
DA:2,1
DA:3,1
DA:4,1
DA:5,1
DA:7,1
DA:8,1
DA:9,1
DA:10,1
DA:11,1
DA:12,1
DA:13,10
DA:15,1
DA:16,3
DA:17,3
DA:19,1
DA:21,1
DA:22,1
LF:17
LH:17
BRDA:2,1,0,1
BRDA:2,1,1,1
BRDA:2,1,2,1
BRDA:3,2,0,1
BRDA:3,2,1,0
BRDA:5,3,0,0
BRDA:5,3,1,1
BRF:7
BRH:7
end_of_record
TN:
SF:V:\ts-code-generator\dist\definitions\general\TypeParameterDefinition.js
FN:2,(anonymous_1)
FN:4,__
FN:9,(anonymous_3)
FN:11,TypeParameterDefinition
FN:14,(anonymous_5)
FNF:5
FNH:5
FNDA:1,(anonymous_1)
FNDA:1,__
FNDA:1,(anonymous_3)
FNDA:28,TypeParameterDefinition
FNDA:7,(anonymous_5)
DA:2,1
DA:3,1
DA:4,1
DA:5,1
DA:7,1
DA:8,1
DA:9,1
DA:10,1
DA:11,1
DA:12,28
DA:14,1
DA:15,7
DA:16,7
DA:17,7
DA:19,1
DA:21,1
DA:22,1
LF:17
LH:17
BRDA:2,1,0,1
BRDA:2,1,1,1
BRDA:2,1,2,1
BRDA:3,2,0,1
BRDA:3,2,1,0
BRDA:5,3,0,0
BRDA:5,3,1,1
BRDA:15,4,0,5
BRDA:15,4,1,2
BRF:9
BRH:9
end_of_record
TN:
SF:V:\ts-code-generator\dist\definitions\general\TypePropertyDefinition.js
FN:2,(anonymous_1)
FN:4,__
FN:8,(anonymous_3)
FN:10,TypePropertyDefinition
FNF:4
FNH:3
FNDA:1,(anonymous_1)
FNDA:1,__
FNDA:1,(anonymous_3)
FNDA:0,TypePropertyDefinition
DA:2,1
DA:3,2
DA:4,1
DA:5,1
DA:7,1
DA:8,1
DA:9,1
DA:10,1
DA:11,0
DA:13,1
DA:15,1
LF:11
LH:10
BRDA:2,1,0,1
BRDA:2,1,1,1
BRDA:2,1,2,1
BRDA:3,2,0,2
BRDA:3,2,1,0
BRDA:5,3,0,0
BRDA:5,3,1,1
BRF:7
BRH:7
end_of_record
TN:
SF:V:\ts-code-generator\dist\definitions\general\TypeAliasDefinition.js
FN:2,(anonymous_1)
FN:4,__
FN:19,(anonymous_3)
FN:21,TypeAliasDefinition
FN:24,(anonymous_5)
FNF:5
FNH:4
FNDA:1,(anonymous_1)
FNDA:1,__
FNDA:1,(anonymous_3)
FNDA:16,TypeAliasDefinition
FNDA:0,(anonymous_5)
DA:2,1
DA:3,1
DA:4,1
DA:5,1
DA:7,1
DA:8,1
DA:9,1
DA:10,1
DA:12,1
DA:13,1
DA:14,1
DA:15,1
DA:16,1
DA:17,1
DA:18,1
DA:19,1
DA:20,1
DA:21,1
DA:22,16
DA:24,1
DA:25,0
DA:26,0
DA:27,0
DA:28,0
DA:30,1
DA:32,1
DA:33,1
LF:27
LH:23
BRDA:2,1,0,1
BRDA:2,1,1,1
BRDA:2,1,2,1
BRDA:3,2,0,1
BRDA:3,2,1,0
BRDA:5,3,0,0
BRDA:5,3,1,1
BRF:7
BRH:7
end_of_record
TN:
SF:V:\ts-code-generator\dist\WriteFlags.js
FN:2,(anonymous_1)
FNF:1
FNH:1
FNDA:1,(anonymous_1)
DA:2,1
DA:3,1
DA:4,1
DA:5,1
DA:6,1
DA:7,1
DA:8,1
DA:9,1
DA:10,1
DA:11,1
DA:13,1
LF:11
LH:11
BRDA:12,1,0,1
BRDA:12,1,1,1
BRF:2
BRH:2
end_of_record
TN:
SF:V:\ts-code-generator\dist\definitions\general\DecoratorDefinition.js
FN:2,(anonymous_1)
FN:4,__
FN:10,(anonymous_3)
FN:12,DecoratorDefinition
FN:17,(anonymous_5)
FN:20,(anonymous_6)
FN:26,(anonymous_7)
FNF:7
FNH:7
FNDA:1,(anonymous_1)
FNDA:1,__
FNDA:1,(anonymous_3)
FNDA:23,DecoratorDefinition
FNDA:8,(anonymous_5)
FNDA:22,(anonymous_6)
FNDA:2,(anonymous_7)
DA:2,1
DA:3,1
DA:4,1
DA:5,1
DA:7,1
DA:8,1
DA:9,1
DA:10,1
DA:11,1
DA:12,1
DA:13,23
DA:14,23
DA:16,1
DA:18,8
DA:21,22
DA:26,1
DA:27,2
DA:28,2
DA:29,2
DA:31,1
DA:33,1
DA:34,1
LF:22
LH:22
BRDA:2,1,0,1
BRDA:2,1,1,1
BRDA:2,1,2,1
BRDA:3,2,0,1
BRDA:3,2,1,0
BRDA:5,3,0,0
BRDA:5,3,1,1
BRDA:18,4,0,8
BRDA:18,4,1,7
BRF:9
BRH:9
end_of_record
TN:
SF:V:\ts-code-generator\dist\definitions\general\ObjectPropertyDefinition.js
FN:2,(anonymous_1)
FN:4,__
FN:8,(anonymous_3)
FN:10,ObjectPropertyDefinition
FNF:4
FNH:4
FNDA:1,(anonymous_1)
FNDA:1,__
FNDA:1,(anonymous_3)
FNDA:10,ObjectPropertyDefinition
DA:2,1
DA:3,2
DA:4,1
DA:5,1
DA:7,1
DA:8,1
DA:9,1
DA:10,1
DA:11,10
DA:13,1
DA:15,1
LF:11
LH:11
BRDA:2,1,0,1
BRDA:2,1,1,1
BRDA:2,1,2,1
BRDA:3,2,0,2
BRDA:3,2,1,0
BRDA:5,3,0,0
BRDA:5,3,1,1
BRF:7
BRH:7
end_of_record
TN:
SF:V:\ts-code-generator\dist\definitions\general\UserDefinedTypeGuardDefinition.js
FN:2,(anonymous_1)
FN:4,__
FN:8,(anonymous_3)
FN:10,UserDefinedTypeGuardDefinition
FNF:4
FNH:4
FNDA:1,(anonymous_1)
FNDA:1,__
FNDA:1,(anonymous_3)
FNDA:5,UserDefinedTypeGuardDefinition
DA:2,1
DA:3,1
DA:4,1
DA:5,1
DA:7,1
DA:8,1
DA:9,1
DA:10,1
DA:11,5
DA:13,1
DA:15,1
LF:11
LH:11
BRDA:2,1,0,1
BRDA:2,1,1,1
BRDA:2,1,2,1
BRDA:3,2,0,1
BRDA:3,2,1,0
BRDA:5,3,0,0
BRDA:5,3,1,1
BRF:7
BRH:7
end_of_record
TN:
SF:V:\ts-code-generator\dist\definitions\expression.js
FN:2,__export
FNF:1
FNH:1
FNDA:5,__export
DA:2,1
DA:3,6
DA:5,1
DA:6,1
DA:7,1
DA:8,1
DA:9,1
LF:7
LH:7
BRDA:3,1,0,6
BRDA:3,1,1,0
BRF:2
BRH:2
end_of_record
TN:
SF:V:\ts-code-generator\dist\definitions\expression\base.js
FN:2,__export
FNF:1
FNH:1
FNDA:2,__export
DA:2,1
DA:3,2
DA:5,1
DA:6,1
LF:4
LH:4
BRDA:3,1,0,2
BRDA:3,1,1,0
BRF:2
BRH:2
end_of_record
TN:
SF:V:\ts-code-generator\dist\definitions\expression\base\BaseExpressionDefinition.js
FN:2,(anonymous_1)
FN:4,__
FN:8,(anonymous_3)
FN:10,BaseExpressionDefinition
FNF:4
FNH:4
FNDA:1,(anonymous_1)
FNDA:1,__
FNDA:1,(anonymous_3)
FNDA:363,BaseExpressionDefinition
DA:2,1
DA:3,1
DA:4,1
DA:5,1
DA:7,1
DA:8,1
DA:9,1
DA:10,1
DA:11,363
DA:13,1
DA:15,1
LF:11
LH:11
BRDA:2,1,0,1
BRDA:2,1,1,1
BRDA:2,1,2,1
BRDA:3,2,0,1
BRDA:3,2,1,0
BRDA:5,3,0,0
BRDA:5,3,1,1
BRF:7
BRH:7
end_of_record
TN:
SF:V:\ts-code-generator\dist\definitions\expression\base\BaseTypeDefinition.js
FN:2,(anonymous_1)
FN:4,__
FN:9,(anonymous_3)
FN:11,BaseTypeDefinition
FN:20,(anonymous_5)
FN:21,(anonymous_6)
FN:21,(anonymous_7)
FN:22,(anonymous_8)
FN:28,(anonymous_9)
FN:31,(anonymous_10)
FN:34,(anonymous_11)
FN:37,(anonymous_12)
FN:40,(anonymous_13)
FN:43,(anonymous_14)
FNF:14
FNH:10
FNDA:1,(anonymous_1)
FNDA:1,__
FNDA:1,(anonymous_3)
FNDA:324,BaseTypeDefinition
FNDA:0,(anonymous_5)
FNDA:0,(anonymous_6)
FNDA:0,(anonymous_7)
FNDA:0,(anonymous_8)
FNDA:1,(anonymous_9)
FNDA:1,(anonymous_10)
FNDA:1,(anonymous_11)
FNDA:1,(anonymous_12)
FNDA:1,(anonymous_13)
FNDA:125,(anonymous_14)
DA:2,1
DA:3,1
DA:4,1
DA:5,1
DA:7,1
DA:8,1
DA:9,1
DA:10,1
DA:11,1
DA:12,324
DA:13,324
DA:14,324
DA:15,324
DA:16,324
DA:17,324
DA:18,324
DA:20,1
DA:21,0
DA:22,0
DA:23,0
DA:24,0
DA:26,0
DA:28,1
DA:29,1
DA:31,1
DA:32,1
DA:34,1
DA:35,1
DA:37,1
DA:38,1
DA:40,1
DA:41,1
DA:43,1
DA:44,125
DA:46,1
DA:48,1
LF:36
LH:31
BRDA:2,1,0,1
BRDA:2,1,1,1
BRDA:2,1,2,1
BRDA:3,2,0,1
BRDA:3,2,1,0
BRDA:5,3,0,0
BRDA:5,3,1,1
BRDA:23,4,0,0
BRDA:23,4,1,0
BRDA:44,5,0,125
BRDA:44,5,1,119
BRDA:44,5,2,119
BRF:12
BRH:10
end_of_record
TN:
SF:V:\ts-code-generator\dist\definitions\expression\ExpressionDefinition.js
FN:2,(anonymous_1)
FN:4,__
FN:8,(anonymous_3)
FN:10,ExpressionDefinition
FNF:4
FNH:4
FNDA:1,(anonymous_1)
FNDA:1,__
FNDA:1,(anonymous_3)
FNDA:39,ExpressionDefinition
DA:2,1
DA:3,1
DA:4,1
DA:5,1
DA:7,1
DA:8,1
DA:9,1
DA:10,1
DA:11,39
DA:13,1
DA:15,1
LF:11
LH:11
BRDA:2,1,0,1
BRDA:2,1,1,1
BRDA:2,1,2,1
BRDA:3,2,0,1
BRDA:3,2,1,0
BRDA:5,3,0,0
BRDA:5,3,1,1
BRF:7
BRH:7
end_of_record
TN:
SF:V:\ts-code-generator\dist\definitions\expression\TypeDefinition.js
FN:2,(anonymous_1)
FN:4,__
FN:9,(anonymous_3)
FN:11,TypeDefinition
FN:15,(anonymous_5)
FNF:5
FNH:5
FNDA:1,(anonymous_1)
FNDA:1,__
FNDA:1,(anonymous_3)
FNDA:322,TypeDefinition
FNDA:1,(anonymous_5)
DA:2,1
DA:3,1
DA:4,1
DA:5,1
DA:7,1
DA:8,1
DA:9,1
DA:10,1
DA:11,1
DA:12,322
DA:13,322
DA:15,1
DA:16,1
DA:18,1
DA:20,1
LF:15
LH:15
BRDA:2,1,0,1
BRDA:2,1,1,1
BRDA:2,1,2,1
BRDA:3,2,0,1
BRDA:3,2,1,0
BRDA:5,3,0,0
BRDA:5,3,1,1
BRF:7
BRH:7
end_of_record
TN:
SF:V:\ts-code-generator\dist\definitions\expression\TypeNodeDefinition.js
FN:2,(anonymous_1)
FN:4,__
FN:10,(anonymous_3)
FN:12,TypeNodeDefinition
FN:14,(anonymous_5)
FN:17,(anonymous_6)
FNF:6
FNH:6
FNDA:1,(anonymous_1)
FNDA:1,__
FNDA:1,(anonymous_3)
FNDA:2,TypeNodeDefinition
FNDA:1,(anonymous_5)
FNDA:1,(anonymous_6)
DA:2,1
DA:3,1
DA:4,1
DA:5,1
DA:7,1
DA:8,1
DA:9,1
DA:10,1
DA:11,1
DA:12,1
DA:13,2
DA:14,2
DA:15,1
DA:17,2
DA:18,1
DA:21,1
DA:23,1
DA:24,1
LF:18
LH:18
BRDA:2,1,0,1
BRDA:2,1,1,1
BRDA:2,1,2,1
BRDA:3,2,0,1
BRDA:3,2,1,0
BRDA:5,3,0,0
BRDA:5,3,1,1
BRF:7
BRH:7
end_of_record
TN:
SF:V:\ts-code-generator\dist\definitions\expression\TypeFunctionParameterDefinition.js
FN:2,(anonymous_1)
FN:4,__
FN:8,(anonymous_3)
FN:10,TypeFunctionParameterDefinition
FNF:4
FNH:4
FNDA:1,(anonymous_1)
FNDA:1,__
FNDA:1,(anonymous_3)
FNDA:1,TypeFunctionParameterDefinition
DA:2,1
DA:3,2
DA:4,1
DA:5,1
DA:7,1
DA:8,1
DA:9,1
DA:10,1
DA:11,1
DA:13,1
DA:15,1
LF:11
LH:11
BRDA:2,1,0,1
BRDA:2,1,1,1
BRDA:2,1,2,1
BRDA:3,2,0,2
BRDA:3,2,1,0
BRDA:5,3,0,0
BRDA:5,3,1,1
BRF:7
BRH:7
end_of_record
TN:
SF:V:\ts-code-generator\dist\definitions\function.js
FN:2,__export
FNF:1
FNH:1
FNDA:2,__export
DA:2,1
DA:3,2
DA:5,1
DA:6,1
LF:4
LH:4
BRDA:3,1,0,2
BRDA:3,1,1,0
BRF:2
BRH:2
end_of_record
TN:
SF:V:\ts-code-generator\dist\definitions\function\FunctionDefinition.js
FN:2,(anonymous_1)
FN:4,__
FN:11,(anonymous_3)
FN:13,FunctionDefinition
FN:16,(anonymous_5)
FN:21,(anonymous_6)
FNF:6
FNH:6
FNDA:1,(anonymous_1)
FNDA:1,__
FNDA:1,(anonymous_3)
FNDA:48,FunctionDefinition
FNDA:6,(anonymous_5)
FNDA:2,(anonymous_6)
DA:2,1
DA:3,2
DA:4,1
DA:5,1
DA:7,1
DA:8,1
DA:9,1
DA:10,1
DA:11,1
DA:12,1
DA:13,1
DA:14,48
DA:16,1
DA:17,6
DA:18,6
DA:19,6
DA:21,1
DA:22,2
DA:23,2
DA:24,2
DA:25,2
DA:27,1
DA:29,1
DA:30,1
LF:24
LH:24
BRDA:2,1,0,1
BRDA:2,1,1,1
BRDA:2,1,2,1
BRDA:3,2,0,2
BRDA:3,2,1,0
BRDA:5,3,0,0
BRDA:5,3,1,1
BRF:7
BRH:7
end_of_record
TN:
SF:V:\ts-code-generator\dist\definitions\function\FunctionParameterDefinition.js
FN:2,(anonymous_1)
FN:4,__
FN:8,(anonymous_3)
FN:10,FunctionParameterDefinition
FNF:4
FNH:4
FNDA:1,(anonymous_1)
FNDA:1,__
FNDA:1,(anonymous_3)
FNDA:13,FunctionParameterDefinition
DA:2,1
DA:3,2
DA:4,1
DA:5,1
DA:7,1
DA:8,1
DA:9,1
DA:10,1
DA:11,13
DA:13,1
DA:15,1
LF:11
LH:11
BRDA:2,1,0,1
BRDA:2,1,1,1
BRDA:2,1,2,1
BRDA:3,2,0,2
BRDA:3,2,1,0
BRDA:5,3,0,0
BRDA:5,3,1,1
BRF:7
BRH:7
end_of_record
TN:
SF:V:\ts-code-generator\dist\definitions\class.js
FN:2,__export
FNF:1
FNH:1
FNDA:13,__export
DA:2,1
DA:3,16
DA:5,1
DA:6,1
DA:7,1
DA:8,1
DA:9,1
DA:10,1
DA:11,1
DA:12,1
DA:13,1
DA:14,1
DA:15,1
DA:16,1
DA:17,1
LF:15
LH:15
BRDA:3,1,0,16
BRDA:3,1,1,0
BRF:2
BRH:2
end_of_record
TN:
SF:V:\ts-code-generator\dist\definitions\class\base.js
FN:2,__export
FNF:1
FNH:1
FNDA:4,__export
DA:2,1
DA:3,4
DA:5,1
DA:6,1
DA:7,1
DA:8,1
LF:6
LH:6
BRDA:3,1,0,4
BRDA:3,1,1,0
BRF:2
BRH:2
end_of_record
TN:
SF:V:\ts-code-generator\dist\definitions\class\base\BaseClassMethodParameterDefinition.js
FN:2,(anonymous_1)
FN:4,__
FN:10,(anonymous_3)
FN:12,BaseClassMethodParameterDefinition
FNF:4
FNH:4
FNDA:1,(anonymous_1)
FNDA:1,__
FNDA:1,(anonymous_3)
FNDA:21,BaseClassMethodParameterDefinition
DA:2,1
DA:3,2
DA:4,1
DA:5,1
DA:7,1
DA:8,1
DA:9,1
DA:10,1
DA:11,1
DA:12,1
DA:13,21
DA:15,1
DA:17,1
DA:18,1
LF:14
LH:14
BRDA:2,1,0,1
BRDA:2,1,1,1
BRDA:2,1,2,1
BRDA:3,2,0,2
BRDA:3,2,1,0
BRDA:5,3,0,0
BRDA:5,3,1,1
BRF:7
BRH:7
end_of_record
TN:
SF:V:\ts-code-generator\dist\definitions\class\base\ScopedDefinition.js
FN:2,(anonymous_1)
FN:3,ScopedDefinition
FNF:2
FNH:2
FNDA:1,(anonymous_1)
FNDA:84,ScopedDefinition
DA:2,1
DA:3,1
DA:5,1
DA:7,1
LF:4
LH:4
BRF:0
BRH:0
end_of_record
TN:
SF:V:\ts-code-generator\dist\definitions\class\base\BaseClassMethodDefinition.js
FN:2,(anonymous_1)
FN:4,__
FN:10,(anonymous_3)
FN:12,BaseClassMethodDefinition
FNF:4
FNH:4
FNDA:1,(anonymous_1)
FNDA:1,__
FNDA:1,(anonymous_3)
FNDA:21,BaseClassMethodDefinition
DA:2,1
DA:3,2
DA:4,1
DA:5,1
DA:7,1
DA:8,1
DA:9,1
DA:10,1
DA:11,1
DA:12,1
DA:13,21
DA:15,1
DA:17,1
DA:18,1
LF:14
LH:14
BRDA:2,1,0,1
BRDA:2,1,1,1
BRDA:2,1,2,1
BRDA:3,2,0,2
BRDA:3,2,1,0
BRDA:5,3,0,0
BRDA:5,3,1,1
BRF:7
BRH:7
end_of_record
TN:
SF:V:\ts-code-generator\dist\definitions\class\base\BaseClassPropertyDefinition.js
FN:2,(anonymous_1)
FN:4,__
FN:10,(anonymous_3)
FN:12,BaseClassPropertyDefinition
FNF:4
FNH:4
FNDA:1,(anonymous_1)
FNDA:1,__
FNDA:1,(anonymous_3)
FNDA:30,BaseClassPropertyDefinition
DA:2,1
DA:3,2
DA:4,1
DA:5,1
DA:7,1
DA:8,1
DA:9,1
DA:10,1
DA:11,1
DA:12,1
DA:13,30
DA:15,1
DA:17,1
DA:18,1
LF:14
LH:14
BRDA:2,1,0,1
BRDA:2,1,1,1
BRDA:2,1,2,1
BRDA:3,2,0,2
BRDA:3,2,1,0
BRDA:5,3,0,0
BRDA:5,3,1,1
BRF:7
BRH:7
end_of_record
TN:
SF:V:\ts-code-generator\dist\definitions\class\ClassDefinition.js
FN:2,(anonymous_1)
FN:4,__
FN:12,(anonymous_3)
FN:14,ClassDefinition
FN:23,(anonymous_5)
FN:29,(anonymous_6)
FN:34,(anonymous_7)
FN:39,(anonymous_8)
FN:44,(anonymous_9)
FN:49,(anonymous_10)
FN:55,(anonymous_11)
FN:61,(anonymous_12)
FN:62,(anonymous_13)
FN:64,(anonymous_14)
FN:67,(anonymous_15)
FN:70,(anonymous_16)
FN:73,(anonymous_17)
FN:76,(anonymous_18)
FNF:18
FNH:17
FNDA:1,(anonymous_1)
FNDA:1,__
FNDA:1,(anonymous_3)
FNDA:58,ClassDefinition
FNDA:0,(anonymous_5)
FNDA:4,(anonymous_6)
FNDA:8,(anonymous_7)
FNDA:4,(anonymous_8)
FNDA:4,(anonymous_9)
FNDA:9,(anonymous_10)
FNDA:9,(anonymous_11)
FNDA:2,(anonymous_12)
FNDA:2,(anonymous_13)
FNDA:2,(anonymous_14)
FNDA:2,(anonymous_15)
FNDA:2,(anonymous_16)
FNDA:2,(anonymous_17)
FNDA:2,(anonymous_18)
DA:2,1
DA:3,1
DA:4,1
DA:5,1
DA:7,1
DA:8,1
DA:9,1
DA:10,1
DA:11,1
DA:12,1
DA:13,1
DA:14,1
DA:15,58
DA:16,58
DA:17,58
DA:18,58
DA:19,58
DA:20,58
DA:21,58
DA:23,1
DA:24,0
DA:25,0
DA:26,0
DA:27,0
DA:29,1
DA:30,4
DA:31,4
DA:32,4
DA:34,1
DA:35,8
DA:36,8
DA:37,8
DA:39,1
DA:40,4
DA:41,4
DA:42,4
DA:44,1
DA:45,4
DA:46,4
DA:47,4
DA:49,1
DA:50,9
DA:51,9
DA:52,9
DA:53,9
DA:55,1
DA:56,9
DA:57,9
DA:58,9
DA:59,9
DA:61,1
DA:62,2
DA:64,1
DA:65,2
DA:67,1
DA:68,2
DA:70,1
DA:71,2
DA:73,1
DA:74,2
DA:76,1
DA:77,2
DA:78,2
DA:80,1
DA:82,1
DA:83,1
LF:66
LH:62
BRDA:2,1,0,1
BRDA:2,1,1,1
BRDA:2,1,2,1
BRDA:3,2,0,1
BRDA:3,2,1,0
BRDA:5,3,0,0
BRDA:5,3,1,1
BRDA:50,4,0,7
BRDA:50,4,1,2
BRDA:56,5,0,7
BRDA:56,5,1,2
BRDA:62,6,0,1
BRDA:62,6,1,1
BRF:13
BRH:13
end_of_record
TN:
SF:V:\ts-code-generator\dist\definitions\class\ClassConstructorParameterScope.js
FN:8,(anonymous_1)
FNF:1
FNH:1
FNDA:5,(anonymous_1)
DA:2,1
DA:3,1
DA:9,5
DA:11,1
DA:13,1
DA:15,1
DA:17,1
DA:19,1
LF:8
LH:8
BRDA:9,1,0,1
BRDA:9,1,1,1
BRDA:9,1,2,1
BRDA:9,1,3,1
BRDA:9,1,4,1
BRF:5
BRH:5
end_of_record
TN:
SF:V:\ts-code-generator\dist\definitions\class\Scope.js
FNF:0
FNH:0
DA:2,1
LF:1
LH:1
BRF:0
BRH:0
end_of_record
TN:
SF:V:\ts-code-generator\dist\definitions\class\ClassMethodDefinition.js
FN:2,(anonymous_1)
FN:4,__
FN:11,(anonymous_3)
FN:13,ClassMethodDefinition
FN:16,(anonymous_5)
FNF:5
FNH:5
FNDA:1,(anonymous_1)
FNDA:1,__
FNDA:1,(anonymous_3)
FNDA:13,ClassMethodDefinition
FNDA:7,(anonymous_5)
DA:2,1
DA:3,2
DA:4,1
DA:5,1
DA:7,1
DA:8,1
DA:9,1
DA:10,1
DA:11,1
DA:12,1
DA:13,1
DA:14,13
DA:16,1
DA:17,7
DA:18,7
DA:19,7
DA:21,1
DA:23,1
DA:24,1
LF:19
LH:19
BRDA:2,1,0,1
BRDA:2,1,1,1
BRDA:2,1,2,1
BRDA:3,2,0,2
BRDA:3,2,1,0
BRDA:5,3,0,0
BRDA:5,3,1,1
BRF:7
BRH:7
end_of_record
TN:
SF:V:\ts-code-generator\dist\definitions\class\ClassMethodParameterDefinition.js
FN:2,(anonymous_1)
FN:4,__
FN:8,(anonymous_3)
FN:10,ClassMethodParameterDefinition
FNF:4
FNH:4
FNDA:1,(anonymous_1)
FNDA:1,__
FNDA:1,(anonymous_3)
FNDA:17,ClassMethodParameterDefinition
DA:2,1
DA:3,2
DA:4,1
DA:5,1
DA:7,1
DA:8,1
DA:9,1
DA:10,1
DA:11,17
DA:13,1
DA:15,1
LF:11
LH:11
BRDA:2,1,0,1
BRDA:2,1,1,1
BRDA:2,1,2,1
BRDA:3,2,0,2
BRDA:3,2,1,0
BRDA:5,3,0,0
BRDA:5,3,1,1
BRF:7
BRH:7
end_of_record
TN:
SF:V:\ts-code-generator\dist\definitions\class\ClassPropertyDefinition.js
FN:2,(anonymous_1)
FN:4,__
FN:10,(anonymous_3)
FN:12,ClassPropertyDefinition
FNF:4
FNH:4
FNDA:1,(anonymous_1)
FNDA:1,__
FNDA:1,(anonymous_3)
FNDA:23,ClassPropertyDefinition
DA:2,1
DA:3,2
DA:4,1
DA:5,1
DA:7,1
DA:8,1
DA:9,1
DA:10,1
DA:11,1
DA:12,1
DA:13,23
DA:15,1
DA:17,1
DA:18,1
LF:14
LH:14
BRDA:2,1,0,1
BRDA:2,1,1,1
BRDA:2,1,2,1
BRDA:3,2,0,2
BRDA:3,2,1,0
BRDA:5,3,0,0
BRDA:5,3,1,1
BRF:7
BRH:7
end_of_record
TN:
SF:V:\ts-code-generator\dist\definitions\class\ClassPropertyKind.js
FN:2,(anonymous_1)
FNF:1
FNH:1
FNDA:1,(anonymous_1)
DA:2,1
DA:3,1
DA:4,1
DA:5,1
DA:6,1
DA:8,1
LF:6
LH:6
BRDA:7,1,0,1
BRDA:7,1,1,1
BRF:2
BRH:2
end_of_record
TN:
SF:V:\ts-code-generator\dist\definitions\class\ClassConstructorDefinition.js
FN:2,(anonymous_1)
FN:4,__
FN:11,(anonymous_3)
FN:13,ClassConstructorDefinition
FN:16,(anonymous_5)
FNF:5
FNH:5
FNDA:1,(anonymous_1)
FNDA:1,__
FNDA:1,(anonymous_3)
FNDA:12,ClassConstructorDefinition
FNDA:2,(anonymous_5)
DA:2,1
DA:3,1
DA:4,1
DA:5,1
DA:7,1
DA:8,1
DA:9,1
DA:10,1
DA:11,1
DA:12,1
DA:13,1
DA:14,12
DA:16,1
DA:17,2
DA:18,2
DA:19,2
DA:21,1
DA:23,1
DA:24,1
LF:19
LH:19
BRDA:2,1,0,1
BRDA:2,1,1,1
BRDA:2,1,2,1
BRDA:3,2,0,1
BRDA:3,2,1,0
BRDA:5,3,0,0
BRDA:5,3,1,1
BRF:7
BRH:7
end_of_record
TN:
SF:V:\ts-code-generator\dist\definitions\class\ClassConstructorParameterDefinition.js
FN:2,(anonymous_1)
FN:4,__
FN:11,(anonymous_3)
FN:13,ClassConstructorParameterDefinition
FN:16,(anonymous_5)
FN:25,(anonymous_6)
FN:27,(anonymous_7)
FNF:7
FNH:4
FNDA:1,(anonymous_1)
FNDA:1,__
FNDA:1,(anonymous_3)
FNDA:11,ClassConstructorParameterDefinition
FNDA:0,(anonymous_5)
FNDA:0,(anonymous_6)
FNDA:0,(anonymous_7)
DA:2,1
DA:3,2
DA:4,1
DA:5,1
DA:7,1
DA:8,1
DA:9,1
DA:10,1
DA:11,1
DA:12,1
DA:13,1
DA:14,11
DA:16,1
DA:17,0
DA:18,0
DA:25,0
DA:27,0
DA:30,0
DA:32,1
DA:34,1
DA:35,1
LF:21
LH:16
BRDA:2,1,0,1
BRDA:2,1,1,1
BRDA:2,1,2,1
BRDA:3,2,0,2
BRDA:3,2,1,0
BRDA:5,3,0,0
BRDA:5,3,1,1
BRDA:24,4,0,0
BRDA:24,4,1,0
BRF:9
BRH:7
end_of_record
TN:
SF:V:\ts-code-generator\dist\definitions\class\ClassStaticMethodDefinition.js
FN:2,(anonymous_1)
FN:4,__
FN:9,(anonymous_3)
FN:11,ClassStaticMethodDefinition
FN:14,(anonymous_5)
FNF:5
FNH:5
FNDA:1,(anonymous_1)
FNDA:1,__
FNDA:1,(anonymous_3)
FNDA:8,ClassStaticMethodDefinition
FNDA:2,(anonymous_5)
DA:2,1
DA:3,2
DA:4,1
DA:5,1
DA:7,1
DA:8,1
DA:9,1
DA:10,1
DA:11,1
DA:12,8
DA:14,1
DA:15,2
DA:16,2
DA:17,2
DA:19,1
DA:21,1
LF:16
LH:16
BRDA:2,1,0,1
BRDA:2,1,1,1
BRDA:2,1,2,1
BRDA:3,2,0,2
BRDA:3,2,1,0
BRDA:5,3,0,0
BRDA:5,3,1,1
BRF:7
BRH:7
end_of_record
TN:
SF:V:\ts-code-generator\dist\definitions\class\ClassStaticPropertyDefinition.js
FN:2,(anonymous_1)
FN:4,__
FN:8,(anonymous_3)
FN:10,ClassStaticPropertyDefinition
FNF:4
FNH:4
FNDA:1,(anonymous_1)
FNDA:1,__
FNDA:1,(anonymous_3)
FNDA:7,ClassStaticPropertyDefinition
DA:2,1
DA:3,2
DA:4,1
DA:5,1
DA:7,1
DA:8,1
DA:9,1
DA:10,1
DA:11,7
DA:13,1
DA:15,1
LF:11
LH:11
BRDA:2,1,0,1
BRDA:2,1,1,1
BRDA:2,1,2,1
BRDA:3,2,0,2
BRDA:3,2,1,0
BRDA:5,3,0,0
BRDA:5,3,1,1
BRF:7
BRH:7
end_of_record
TN:
SF:V:\ts-code-generator\dist\definitions\class\ClassStaticMethodParameterDefinition.js
FN:2,(anonymous_1)
FN:4,__
FN:8,(anonymous_3)
FN:10,ClassStaticMethodParameterDefinition
FNF:4
FNH:4
FNDA:1,(anonymous_1)
FNDA:1,__
FNDA:1,(anonymous_3)
FNDA:4,ClassStaticMethodParameterDefinition
DA:2,1
DA:3,2
DA:4,1
DA:5,1
DA:7,1
DA:8,1
DA:9,1
DA:10,1
DA:11,4
DA:13,1
DA:15,1
LF:11
LH:11
BRDA:2,1,0,1
BRDA:2,1,1,1
BRDA:2,1,2,1
BRDA:3,2,0,2
BRDA:3,2,1,0
BRDA:5,3,0,0
BRDA:5,3,1,1
BRF:7
BRH:7
end_of_record
TN:
SF:V:\ts-code-generator\dist\definitions\interface.js
FN:2,__export
FNF:1
FNH:1
FNDA:4,__export
DA:2,1
DA:3,4
DA:5,1
DA:6,1
DA:7,1
DA:8,1
LF:6
LH:6
BRDA:3,1,0,4
BRDA:3,1,1,0
BRF:2
BRH:2
end_of_record
TN:
SF:V:\ts-code-generator\dist\definitions\interface\InterfaceDefinition.js
FN:2,(anonymous_1)
FN:4,__
FN:11,(anonymous_3)
FN:13,InterfaceDefinition
FN:22,(anonymous_5)
FN:27,(anonymous_6)
FN:33,(anonymous_7)
FN:38,(anonymous_8)
FN:43,(anonymous_9)
FN:48,(anonymous_10)
FN:53,(anonymous_11)
FN:56,(anonymous_12)
FN:59,(anonymous_13)
FN:62,(anonymous_14)
FN:65,(anonymous_15)
FN:68,(anonymous_16)
FNF:16
FNH:15
FNDA:1,(anonymous_1)
FNDA:1,__
FNDA:1,(anonymous_3)
FNDA:35,InterfaceDefinition
FNDA:4,(anonymous_5)
FNDA:5,(anonymous_6)
FNDA:4,(anonymous_7)
FNDA:4,(anonymous_8)
FNDA:4,(anonymous_9)
FNDA:4,(anonymous_10)
FNDA:1,(anonymous_11)
FNDA:1,(anonymous_12)
FNDA:2,(anonymous_13)
FNDA:1,(anonymous_14)
FNDA:2,(anonymous_15)
FNDA:0,(anonymous_16)
DA:2,1
DA:3,1
DA:4,1
DA:5,1
DA:7,1
DA:8,1
DA:9,1
DA:10,1
DA:11,1
DA:12,1
DA:13,1
DA:14,35
DA:15,35
DA:16,35
DA:17,35
DA:18,35
DA:19,35
DA:20,35
DA:22,1
DA:23,4
DA:24,4
DA:25,4
DA:27,1
DA:28,5
DA:29,5
DA:30,5
DA:31,5
DA:33,1
DA:34,4
DA:35,4
DA:36,4
DA:38,1
DA:39,4
DA:40,4
DA:41,4
DA:43,1
DA:44,4
DA:45,4
DA:46,4
DA:48,1
DA:49,4
DA:50,4
DA:51,4
DA:53,1
DA:54,1
DA:56,1
DA:57,1
DA:59,1
DA:60,2
DA:62,1
DA:63,1
DA:65,1
DA:66,2
DA:68,1
DA:69,0
DA:70,0
DA:71,0
DA:72,0
DA:74,1
DA:76,1
DA:77,1
LF:61
LH:57
BRDA:2,1,0,1
BRDA:2,1,1,1
BRDA:2,1,2,1
BRDA:3,2,0,1
BRDA:3,2,1,0
BRDA:5,3,0,0
BRDA:5,3,1,1
BRDA:28,4,0,3
BRDA:28,4,1,2
BRF:9
BRH:9
end_of_record
TN:
SF:V:\ts-code-generator\dist\definitions\interface\InterfaceMethodParameterDefinition.js
FN:2,(anonymous_1)
FN:4,__
FN:8,(anonymous_3)
FN:10,InterfaceMethodParameterDefinition
FNF:4
FNH:4
FNDA:1,(anonymous_1)
FNDA:1,__
FNDA:1,(anonymous_3)
FNDA:5,InterfaceMethodParameterDefinition
DA:2,1
DA:3,2
DA:4,1
DA:5,1
DA:7,1
DA:8,1
DA:9,1
DA:10,1
DA:11,5
DA:13,1
DA:15,1
LF:11
LH:11
BRDA:2,1,0,1
BRDA:2,1,1,1
BRDA:2,1,2,1
BRDA:3,2,0,2
BRDA:3,2,1,0
BRDA:5,3,0,0
BRDA:5,3,1,1
BRF:7
BRH:7
end_of_record
TN:
SF:V:\ts-code-generator\dist\definitions\interface\InterfaceMethodDefinition.js
FN:2,(anonymous_1)
FN:4,__
FN:9,(anonymous_3)
FN:11,InterfaceMethodDefinition
FN:14,(anonymous_5)
FNF:5
FNH:5
FNDA:1,(anonymous_1)
FNDA:1,__
FNDA:1,(anonymous_3)
FNDA:10,InterfaceMethodDefinition
FNDA:2,(anonymous_5)
DA:2,1
DA:3,2
DA:4,1
DA:5,1
DA:7,1
DA:8,1
DA:9,1
DA:10,1
DA:11,1
DA:12,10
DA:14,1
DA:15,2
DA:16,2
DA:17,2
DA:19,1
DA:21,1
LF:16
LH:16
BRDA:2,1,0,1
BRDA:2,1,1,1
BRDA:2,1,2,1
BRDA:3,2,0,2
BRDA:3,2,1,0
BRDA:5,3,0,0
BRDA:5,3,1,1
BRF:7
BRH:7
end_of_record
TN:
SF:V:\ts-code-generator\dist\definitions\interface\InterfacePropertyDefinition.js
FN:2,(anonymous_1)
FN:4,__
FN:9,(anonymous_3)
FN:11,InterfacePropertyDefinition
FNF:4
FNH:4
FNDA:1,(anonymous_1)
FNDA:1,__
FNDA:1,(anonymous_3)
FNDA:9,InterfacePropertyDefinition
DA:2,1
DA:3,2
DA:4,1
DA:5,1
DA:7,1
DA:8,1
DA:9,1
DA:10,1
DA:11,1
DA:12,9
DA:14,1
DA:16,1
DA:17,1
LF:13
LH:13
BRDA:2,1,0,1
BRDA:2,1,1,1
BRDA:2,1,2,1
BRDA:3,2,0,2
BRDA:3,2,1,0
BRDA:5,3,0,0
BRDA:5,3,1,1
BRF:7
BRH:7
end_of_record
TN:
SF:V:\ts-code-generator\dist\definitions\enum.js
FN:2,__export
FNF:1
FNH:1
FNDA:2,__export
DA:2,1
DA:3,2
DA:5,1
DA:6,1
LF:4
LH:4
BRDA:3,1,0,2
BRDA:3,1,1,0
BRF:2
BRH:2
end_of_record
TN:
SF:V:\ts-code-generator\dist\definitions\enum\EnumDefinition.js
FN:2,(anonymous_1)
FN:4,__
FN:11,(anonymous_3)
FN:13,EnumDefinition
FN:17,(anonymous_5)
FN:22,(anonymous_6)
FN:25,(anonymous_7)
FNF:7
FNH:7
FNDA:1,(anonymous_1)
FNDA:1,__
FNDA:1,(anonymous_3)
FNDA:24,EnumDefinition
FNDA:7,(anonymous_5)
FNDA:2,(anonymous_6)
FNDA:3,(anonymous_7)
DA:2,1
DA:3,1
DA:4,1
DA:5,1
DA:7,1
DA:8,1
DA:9,1
DA:10,1
DA:11,1
DA:12,1
DA:13,1
DA:14,24
DA:15,24
DA:17,1
DA:18,7
DA:19,7
DA:20,7
DA:22,1
DA:23,2
DA:25,1
DA:26,3
DA:27,3
DA:28,3
DA:29,3
DA:31,1
DA:33,1
DA:34,1
LF:27
LH:27
BRDA:2,1,0,1
BRDA:2,1,1,1
BRDA:2,1,2,1
BRDA:3,2,0,1
BRDA:3,2,1,0
BRDA:5,3,0,0
BRDA:5,3,1,1
BRF:7
BRH:7
end_of_record
TN:
SF:V:\ts-code-generator\dist\definitions\enum\EnumMemberDefinition.js
FN:2,(anonymous_1)
FN:4,__
FN:9,(anonymous_3)
FN:11,EnumMemberDefinition
FNF:4
FNH:4
FNDA:1,(anonymous_1)
FNDA:1,__
FNDA:1,(anonymous_3)
FNDA:13,EnumMemberDefinition
DA:2,1
DA:3,1
DA:4,1
DA:5,1
DA:7,1
DA:8,1
DA:9,1
DA:10,1
DA:11,1
DA:12,13
DA:14,1
DA:16,1
DA:17,1
LF:13
LH:13
BRDA:2,1,0,1
BRDA:2,1,1,1
BRDA:2,1,2,1
BRDA:3,2,0,1
BRDA:3,2,1,0
BRDA:5,3,0,0
BRDA:5,3,1,1
BRF:7
BRH:7
end_of_record
TN:
SF:V:\ts-code-generator\dist\definitions\namespace.js
FN:2,__export
FNF:1
FNH:1
FNDA:2,__export
DA:2,1
DA:3,2
DA:5,1
DA:6,1
LF:4
LH:4
BRDA:3,1,0,2
BRDA:3,1,1,0
BRF:2
BRH:2
end_of_record
TN:
SF:V:\ts-code-generator\dist\definitions\namespace\NamespaceDeclarationType.js
FNF:0
FNH:0
DA:2,1
LF:1
LH:1
BRF:0
BRH:0
end_of_record
TN:
SF:V:\ts-code-generator\dist\definitions\namespace\NamespaceDefinition.js
FN:2,(anonymous_1)
FN:4,__
FN:11,(anonymous_3)
FN:13,NamespaceDefinition
FN:16,(anonymous_5)
FNF:5
FNH:5
FNDA:1,(anonymous_1)
FNDA:1,__
FNDA:1,(anonymous_3)
FNDA:48,NamespaceDefinition
FNDA:2,(anonymous_5)
DA:2,1
DA:3,1
DA:4,1
DA:5,1
DA:7,1
DA:8,1
DA:9,1
DA:10,1
DA:11,1
DA:12,1
DA:13,1
DA:14,48
DA:16,1
DA:17,2
DA:18,2
DA:19,2
DA:20,2
DA:21,2
DA:23,1
DA:25,1
DA:26,1
LF:21
LH:21
BRDA:2,1,0,1
BRDA:2,1,1,1
BRDA:2,1,2,1
BRDA:3,2,0,1
BRDA:3,2,1,0
BRDA:5,3,0,0
BRDA:5,3,1,1
BRF:7
BRH:7
end_of_record
TN:
SF:V:\ts-code-generator\dist\definitions\file.js
FN:2,__export
FNF:1
FNH:1
FNDA:6,__export
DA:2,1
DA:3,6
DA:5,1
DA:6,1
DA:7,1
DA:8,1
DA:9,1
DA:10,1
LF:8
LH:8
BRDA:3,1,0,6
BRDA:3,1,1,0
BRF:2
BRH:2
end_of_record
TN:
SF:V:\ts-code-generator\dist\definitions\file\FileDefinition.js
FN:2,(anonymous_1)
FN:4,__
FN:13,(anonymous_3)
FN:15,FileDefinition
FN:20,(anonymous_5)
FN:26,(anonymous_6)
FN:31,(anonymous_7)
FN:42,(anonymous_8)
FN:45,(anonymous_9)
FN:48,(anonymous_10)
FN:50,(anonymous_11)
FN:51,(anonymous_12)
FN:59,(anonymous_13)
FN:65,(anonymous_14)
FN:71,(anonymous_15)
FN:79,(anonymous_16)
FNF:16
FNH:12
FNDA:1,(anonymous_1)
FNDA:1,__
FNDA:1,(anonymous_3)
FNDA:37,FileDefinition
FNDA:8,(anonymous_5)
FNDA:4,(anonymous_6)
FNDA:9,(anonymous_7)
FNDA:1,(anonymous_8)
FNDA:1,(anonymous_9)
FNDA:2,(anonymous_10)
FNDA:1,(anonymous_11)
FNDA:0,(anonymous_12)
FNDA:7,(anonymous_13)
FNDA:0,(anonymous_14)
FNDA:0,(anonymous_15)
FNDA:0,(anonymous_16)
DA:2,1
DA:3,1
DA:4,1
DA:5,1
DA:7,1
DA:8,1
DA:9,1
DA:10,1
DA:11,1
DA:12,1
DA:13,1
DA:14,1
DA:15,1
DA:16,37
DA:17,37
DA:18,37
DA:20,1
DA:21,8
DA:22,7
DA:23,7
DA:24,7
DA:26,1
DA:27,4
DA:28,4
DA:29,4
DA:31,1
DA:32,9
DA:33,4
DA:35,5
DA:36,5
DA:37,5
DA:38,5
DA:39,5
DA:40,5
DA:42,1
DA:43,1
DA:45,1
DA:46,1
DA:48,1
DA:49,2
DA:50,2
DA:51,1
DA:52,0
DA:53,0
DA:57,2
DA:59,1
DA:60,7
DA:61,7
DA:62,7
DA:63,7
DA:65,1
DA:66,0
DA:67,0
DA:68,0
DA:69,0
DA:70,0
DA:71,0
DA:72,0
DA:73,0
DA:75,0
DA:77,0
DA:79,0
DA:80,0
DA:81,0
DA:83,0
DA:85,1
DA:87,1
DA:88,1
LF:68
LH:52
BRDA:2,1,0,1
BRDA:2,1,1,1
BRDA:2,1,2,1
BRDA:3,2,0,1
BRDA:3,2,1,0
BRDA:5,3,0,0
BRDA:5,3,1,1
BRDA:32,4,0,4
BRDA:32,4,1,5
BRDA:32,5,0,9
BRDA:32,5,1,7
BRDA:52,6,0,0
BRDA:52,6,1,0
BRDA:68,7,0,0
BRDA:68,7,1,0
BRDA:68,8,0,0
BRDA:68,8,1,0
BRF:17
BRH:11
end_of_record
TN:
SF:V:\ts-code-generator\dist\writeDefinition.js
FN:6,writeDefinition
FNF:1
FNH:0
FNDA:0,writeDefinition
DA:2,1
DA:3,1
DA:4,1
DA:5,1
DA:6,1
DA:7,0
DA:8,0
DA:9,0
DA:10,0
DA:11,0
DA:12,0
DA:13,0
DA:14,0
DA:15,0
DA:16,0
DA:17,0
DA:18,0
DA:19,0
DA:20,0
DA:21,0
DA:22,0
DA:23,0
DA:24,0
DA:26,0
DA:28,1
LF:25
LH:6
BRDA:7,1,0,0
BRDA:7,1,1,0
BRDA:9,2,0,0
BRDA:9,2,1,0
BRDA:11,3,0,0
BRDA:11,3,1,0
BRDA:13,4,0,0
BRDA:13,4,1,0
BRDA:15,5,0,0
BRDA:15,5,1,0
BRDA:17,6,0,0
BRDA:17,6,1,0
BRDA:19,7,0,0
BRDA:19,7,1,0
BRDA:21,8,0,0
BRDA:21,8,1,0
BRDA:23,9,0,0
BRDA:23,9,1,0
BRF:18
BRH:0
end_of_record
TN:
SF:V:\ts-code-generator\dist\definitions\file\ImportDefinition.js
FN:2,(anonymous_1)
FN:4,__
FN:10,(anonymous_3)
FN:12,ImportDefinition
FN:17,(anonymous_5)
FN:22,(anonymous_6)
FN:25,(anonymous_7)
FN:28,(anonymous_8)
FN:33,(anonymous_9)
FNF:9
FNH:9
FNDA:1,(anonymous_1)
FNDA:1,__
FNDA:1,(anonymous_3)
FNDA:23,ImportDefinition
FNDA:10,(anonymous_5)
FNDA:1,(anonymous_6)
FNDA:1,(anonymous_7)
FNDA:5,(anonymous_8)
FNDA:1,(anonymous_9)
DA:2,1
DA:3,1
DA:4,1
DA:5,1
DA:7,1
DA:8,1
DA:9,1
DA:10,1
DA:11,1
DA:12,1
DA:13,23
DA:14,23
DA:15,23
DA:17,1
DA:18,10
DA:19,10
DA:20,10
DA:22,1
DA:23,1
DA:25,1
DA:26,1
DA:28,1
DA:29,5
DA:30,5
DA:31,5
DA:33,1
DA:34,1
DA:35,1
DA:36,1
DA:37,1
DA:39,1
DA:41,1
LF:32
LH:32
BRDA:2,1,0,1
BRDA:2,1,1,1
BRDA:2,1,2,1
BRDA:3,2,0,1
BRDA:3,2,1,0
BRDA:5,3,0,0
BRDA:5,3,1,1
BRF:7
BRH:7
end_of_record
TN:
SF:V:\ts-code-generator\dist\definitions\file\ReExportDefinition.js
FN:2,(anonymous_1)
FN:4,__
FN:10,(anonymous_3)
FN:12,ReExportDefinition
FN:17,(anonymous_5)
FN:19,(anonymous_6)
FN:24,(anonymous_7)
FN:25,(anonymous_8)
FN:28,(anonymous_9)
FN:33,(anonymous_10)
FN:36,(anonymous_11)
FN:39,(anonymous_12)
FNF:12
FNH:9
FNDA:1,(anonymous_1)
FNDA:1,__
FNDA:1,(anonymous_3)
FNDA:12,ReExportDefinition
FNDA:1,(anonymous_5)
FNDA:0,(anonymous_6)
FNDA:0,(anonymous_7)
FNDA:0,(anonymous_8)
FNDA:5,(anonymous_9)
FNDA:1,(anonymous_10)
FNDA:1,(anonymous_11)
FNDA:1,(anonymous_12)
DA:2,1
DA:3,1
DA:4,1
DA:5,1
DA:7,1
DA:8,1
DA:9,1
DA:10,1
DA:11,1
DA:12,1
DA:13,12
DA:14,12
DA:15,12
DA:17,1
DA:18,1
DA:19,1
DA:20,0
DA:21,0
DA:24,1
DA:25,1
DA:26,1
DA:28,1
DA:29,5
DA:30,5
DA:31,5
DA:33,1
DA:34,1
DA:36,1
DA:37,1
DA:39,1
DA:40,1
DA:41,1
DA:42,1
DA:43,1
DA:45,1
DA:47,1
LF:36
LH:34
BRDA:2,1,0,1
BRDA:2,1,1,1
BRDA:2,1,2,1
BRDA:3,2,0,1
BRDA:3,2,1,0
BRDA:5,3,0,0
BRDA:5,3,1,1
BRDA:20,4,0,0
BRDA:20,4,1,0
BRF:9
BRH:7
end_of_record
TN:
SF:V:\ts-code-generator\dist\definitions\file\NamedImportPartDefinition.js
FN:2,(anonymous_1)
FN:4,__
FN:8,(anonymous_3)
FN:10,NamedImportPartDefinition
FNF:4
FNH:4
FNDA:1,(anonymous_1)
FNDA:1,__
FNDA:1,(anonymous_3)
FNDA:25,NamedImportPartDefinition
DA:2,1
DA:3,1
DA:4,1
DA:5,1
DA:7,1
DA:8,1
DA:9,1
DA:10,1
DA:11,25
DA:12,25
DA:14,1
DA:16,1
LF:12
LH:12
BRDA:2,1,0,1
BRDA:2,1,1,1
BRDA:2,1,2,1
BRDA:3,2,0,1
BRDA:3,2,1,0
BRDA:5,3,0,0
BRDA:5,3,1,1
BRF:7
BRH:7
end_of_record
TN:
SF:V:\ts-code-generator\dist\definitions\file\StarImportPartDefinition.js
FN:2,(anonymous_1)
FN:4,__
FN:8,(anonymous_3)
FN:10,StarImportPartDefinition
FNF:4
FNH:3
FNDA:1,(anonymous_1)
FNDA:1,__
FNDA:1,(anonymous_3)
FNDA:0,StarImportPartDefinition
DA:2,1
DA:3,1
DA:4,1
DA:5,1
DA:7,1
DA:8,1
DA:9,1
DA:10,1
DA:11,0
DA:12,0
DA:14,1
DA:16,1
LF:12
LH:10
BRDA:2,1,0,1
BRDA:2,1,1,1
BRDA:2,1,2,1
BRDA:3,2,0,1
BRDA:3,2,1,0
BRDA:5,3,0,0
BRDA:5,3,1,1
BRF:7
BRH:7
end_of_record
TN:
SF:V:\ts-code-generator\dist\definitions\file\DefaultImportPartDefinition.js
FN:2,(anonymous_1)
FN:4,__
FN:8,(anonymous_3)
FN:10,DefaultImportPartDefinition
FNF:4
FNH:4
FNDA:1,(anonymous_1)
FNDA:1,__
FNDA:1,(anonymous_3)
FNDA:7,DefaultImportPartDefinition
DA:2,1
DA:3,1
DA:4,1
DA:5,1
DA:7,1
DA:8,1
DA:9,1
DA:10,1
DA:11,7
DA:12,7
DA:14,1
DA:16,1
LF:12
LH:12
BRDA:2,1,0,1
BRDA:2,1,1,1
BRDA:2,1,2,1
BRDA:3,2,0,1
BRDA:3,2,1,0
BRDA:5,3,0,0
BRDA:5,3,1,1
BRF:7
BRH:7
end_of_record
TN:
SF:V:\ts-code-generator\dist\definitions\variable.js
FN:2,__export
FNF:1
FNH:1
FNDA:2,__export
DA:2,1
DA:3,2
DA:5,1
DA:6,1
LF:4
LH:4
BRDA:3,1,0,2
BRDA:3,1,1,0
BRF:2
BRH:2
end_of_record
TN:
SF:V:\ts-code-generator\dist\definitions\variable\VariableDefinition.js
FN:2,(anonymous_1)
FN:4,__
FN:11,(anonymous_3)
FN:13,VariableDefinition
FN:16,(anonymous_5)
FNF:5
FNH:5
FNDA:1,(anonymous_1)
FNDA:1,__
FNDA:1,(anonymous_3)
FNDA:32,VariableDefinition
FNDA:5,(anonymous_5)
DA:2,1
DA:3,1
DA:4,1
DA:5,1
DA:7,1
DA:8,1
DA:9,1
DA:10,1
DA:11,1
DA:12,1
DA:13,1
DA:14,32
DA:16,1
DA:17,5
DA:18,5
DA:19,5
DA:20,5
DA:22,1
DA:24,1
DA:25,1
LF:20
LH:20
BRDA:2,1,0,1
BRDA:2,1,1,1
BRDA:2,1,2,1
BRDA:3,2,0,1
BRDA:3,2,1,0
BRDA:5,3,0,0
BRDA:5,3,1,1
BRF:7
BRH:7
end_of_record
TN:
SF:V:\ts-code-generator\dist\definitions\variable\VariableDeclarationType.js
FNF:0
FNH:0
DA:2,1
LF:1
LH:1
BRF:0
BRH:0
end_of_record
TN:
SF:V:\ts-code-generator\dist\definitions\GlobalDefinition.js
FN:4,(anonymous_1)
FN:5,GlobalDefinition
FN:8,(anonymous_3)
FN:28,(anonymous_4)
FN:33,(anonymous_5)
FN:37,(anonymous_6)
FN:41,(anonymous_7)
FN:45,(anonymous_8)
FNF:8
FNH:1
FNDA:1,(anonymous_1)
FNDA:0,GlobalDefinition
FNDA:0,(anonymous_3)
FNDA:0,(anonymous_4)
FNDA:0,(anonymous_5)
FNDA:0,(anonymous_6)
FNDA:0,(anonymous_7)
FNDA:0,(anonymous_8)
DA:2,1
DA:3,1
DA:4,1
DA:5,1
DA:6,0
DA:8,1
DA:9,0
DA:10,0
DA:11,0
DA:14,0
DA:15,0
DA:16,0
DA:18,0
DA:25,0
DA:28,1
DA:29,0
DA:30,0
DA:31,0
DA:33,1
DA:34,0
DA:35,0
DA:37,0
DA:39,0
DA:41,1
DA:42,0
DA:43,0
DA:45,1
DA:46,0
DA:47,0
DA:48,0
DA:49,0
DA:55,0
DA:57,1
DA:59,1
LF:34
LH:11
BRDA:10,1,0,0
BRDA:10,1,1,0
BRDA:14,2,0,0
BRDA:14,2,1,0
BRDA:15,3,0,0
BRDA:15,3,1,0
BRDA:15,4,0,0
BRDA:15,4,1,0
BRDA:20,5,0,0
BRDA:20,5,1,0
BRDA:21,6,0,0
BRDA:21,6,1,0
BRDA:21,7,0,0
BRDA:21,7,1,0
BRDA:35,8,0,0
BRDA:35,8,1,0
BRDA:43,9,0,0
BRDA:43,9,1,0
BRDA:48,10,0,0
BRDA:48,10,1,0
BRF:20
BRH:0
end_of_record
TN:
SF:V:\ts-code-generator\dist\writers\BaseDefinitionWriter.js
FN:2,(anonymous_1)
FN:3,BaseDefinitionWriter
FN:6,(anonymous_3)
FNF:3
FNH:3
FNDA:1,(anonymous_1)
FNDA:100,BaseDefinitionWriter
FNDA:125,(anonymous_3)
DA:2,1
DA:3,1
DA:4,100
DA:6,1
DA:7,125
DA:8,74
DA:9,125
DA:10,125
DA:11,74
DA:13,1
DA:15,1
LF:11
LH:11
BRDA:7,1,0,74
BRDA:7,1,1,51
BRDA:10,2,0,74
BRDA:10,2,1,51
BRF:4
BRH:4
end_of_record
TN:
SF:V:\ts-code-generator\dist\writers\CallSignatureWriter.js
FN:2,(anonymous_1)
FN:3,CallSignatureWriter
FN:10,(anonymous_3)
FN:12,(anonymous_4)
FNF:4
FNH:4
FNDA:1,(anonymous_1)
FNDA:12,CallSignatureWriter
FNDA:1,(anonymous_3)
FNDA:1,(anonymous_4)
DA:2,1
DA:3,1
DA:4,12
DA:5,12
DA:6,12
DA:7,12
DA:8,12
DA:10,1
DA:11,1
DA:12,1
DA:13,1
DA:14,1
DA:15,1
DA:18,1
DA:20,1
LF:15
LH:15
BRF:0
BRH:0
end_of_record
TN:
SF:V:\ts-code-generator\dist\writers\DecoratorWriter.js
FN:3,(anonymous_1)
FN:4,DecoratorWriter
FN:8,(anonymous_3)
FN:12,(anonymous_4)
FN:19,(anonymous_5)
FN:22,(anonymous_6)
FNF:6
FNH:6
FNDA:1,(anonymous_1)
FNDA:15,DecoratorWriter
FNDA:4,(anonymous_3)
FNDA:3,(anonymous_4)
FNDA:2,(anonymous_5)
FNDA:3,(anonymous_6)
DA:2,1
DA:3,1
DA:4,1
DA:5,15
DA:6,15
DA:8,1
DA:9,4
DA:10,4
DA:11,1
DA:12,3
DA:13,3
DA:14,3
DA:15,3
DA:16,2
DA:19,1
DA:20,2
DA:21,2
DA:22,2
DA:23,3
DA:24,3
DA:26,2
DA:28,1
DA:30,1
LF:23
LH:23
BRDA:10,1,0,1
BRDA:10,1,1,3
BRDA:15,2,0,2
BRDA:15,2,1,1
BRF:4
BRH:4
end_of_record
TN:
SF:V:\ts-code-generator\dist\writers\DecoratorsWriter.js
FN:2,(anonymous_1)
FN:3,DecoratorsWriter
FN:7,(anonymous_3)
FN:12,(anonymous_4)
FNF:4
FNH:4
FNDA:1,(anonymous_1)
FNDA:13,DecoratorsWriter
FNDA:13,(anonymous_3)
FNDA:3,(anonymous_4)
DA:2,1
DA:3,1
DA:4,13
DA:5,13
DA:7,1
DA:8,13
DA:9,13
DA:10,13
DA:11,7
DA:12,6
DA:13,3
DA:14,3
DA:15,3
DA:17,0
DA:20,1
DA:22,1
LF:16
LH:15
BRDA:9,1,0,13
BRDA:9,1,1,0
BRDA:10,2,0,7
BRDA:10,2,1,6
BRDA:14,3,0,3
BRDA:14,3,1,0
BRF:6
BRH:4
end_of_record
TN:
SF:V:\ts-code-generator\dist\writers\DocumentationedWriter.js
FN:2,(anonymous_1)
FN:3,DocumentationedWriter
FN:6,(anonymous_3)
FN:15,(anonymous_4)
FN:18,(anonymous_5)
FNF:5
FNH:5
FNDA:1,(anonymous_1)
FNDA:24,DocumentationedWriter
FNDA:47,(anonymous_3)
FNDA:1,(anonymous_4)
FNDA:3,(anonymous_5)
DA:2,1
DA:3,1
DA:4,24
DA:6,1
DA:7,47
DA:8,41
DA:9,6
DA:10,1
DA:12,5
DA:13,6
DA:15,1
DA:16,1
DA:17,1
DA:18,1
DA:19,3
DA:20,3
DA:21,2
DA:22,3
DA:24,1
DA:26,1
DA:28,1
LF:21
LH:21
BRDA:7,1,0,41
BRDA:7,1,1,6
BRDA:7,2,0,47
BRDA:7,2,1,46
BRDA:9,3,0,1
BRDA:9,3,1,5
BRDA:20,4,0,2
BRDA:20,4,1,1
BRF:8
BRH:8
end_of_record
TN:
SF:V:\ts-code-generator\dist\writers\AmbientableWriter.js
FN:2,(anonymous_1)
FN:3,AmbientableWriter
FN:6,(anonymous_3)
FNF:3
FNH:3
FNDA:1,(anonymous_1)
FNDA:21,AmbientableWriter
FNDA:42,(anonymous_3)
DA:2,1
DA:3,1
DA:4,21
DA:6,1
DA:7,42
DA:9,1
DA:11,1
LF:7
LH:7
BRF:0
BRH:0
end_of_record
TN:
SF:V:\ts-code-generator\dist\writers\TypeWriter.js
FN:3,(anonymous_1)
FN:4,TypeWriter
FN:7,(anonymous_3)
FN:11,(anonymous_4)
FN:15,(anonymous_5)
FNF:5
FNH:5
FNDA:1,(anonymous_1)
FNDA:31,TypeWriter
FNDA:13,(anonymous_3)
FNDA:7,(anonymous_4)
FNDA:25,(anonymous_5)
DA:2,1
DA:3,1
DA:4,1
DA:5,31
DA:7,1
DA:8,13
DA:9,13
DA:11,1
DA:12,7
DA:13,7
DA:15,1
DA:16,25
DA:17,25
DA:18,13
DA:19,25
DA:21,1
DA:23,1
LF:17
LH:17
BRDA:17,1,0,13
BRDA:17,1,1,12
BRDA:17,2,0,25
BRDA:17,2,1,22
BRDA:17,2,2,19
BRF:5
BRH:5
end_of_record
TN:
SF:V:\ts-code-generator\dist\writers\AsyncableWriter.js
FN:2,(anonymous_1)
FN:3,AsyncableWriter
FN:6,(anonymous_3)
FNF:3
FNH:3
FNDA:1,(anonymous_1)
FNDA:13,AsyncableWriter
FNDA:9,(anonymous_3)
DA:2,1
DA:3,1
DA:4,13
DA:6,1
DA:7,9
DA:9,1
DA:11,1
LF:7
LH:7
BRF:0
BRH:0
end_of_record
TN:
SF:V:\ts-code-generator\dist\writers\ClassConstructorWriter.js
FN:3,(anonymous_1)
FN:4,ClassConstructorWriter
FN:12,(anonymous_3)
FN:15,(anonymous_4)
FN:17,(anonymous_5)
FN:18,(anonymous_6)
FN:28,(anonymous_7)
FNF:7
FNH:7
FNDA:1,(anonymous_1)
FNDA:15,ClassConstructorWriter
FNDA:4,(anonymous_3)
FNDA:2,(anonymous_4)
FNDA:2,(anonymous_5)
FNDA:2,(anonymous_6)
FNDA:4,(anonymous_7)
DA:2,1
DA:3,1
DA:4,1
DA:5,15
DA:6,15
DA:7,15
DA:8,15
DA:9,15
DA:10,15
DA:12,1
DA:13,4
DA:15,1
DA:16,2
DA:17,2
DA:18,2
DA:19,2
DA:20,2
DA:21,2
DA:23,2
DA:24,2
DA:25,2
DA:28,1
DA:29,4
DA:30,4
DA:31,4
DA:33,1
DA:35,1
LF:27
LH:27
BRDA:13,1,0,4
BRDA:13,1,1,3
BRDA:13,1,2,2
BRF:3
BRH:3
end_of_record
TN:
SF:V:\ts-code-generator\dist\writers\ClassConstructorParameterScopeWriter.js
FN:3,(anonymous_1)
FN:4,ClassConstructorParameterScopeWriter
FN:7,(anonymous_3)
FNF:3
FNH:3
FNDA:1,(anonymous_1)
FNDA:16,ClassConstructorParameterScopeWriter
FNDA:5,(anonymous_3)
DA:2,1
DA:3,1
DA:4,1
DA:5,16
DA:7,1
DA:8,5
DA:10,1
DA:11,1
DA:13,1
DA:14,1
DA:16,1
DA:17,1
DA:19,2
DA:22,1
DA:24,1
LF:15
LH:15
BRDA:8,1,0,1
BRDA:8,1,1,1
BRDA:8,1,2,1
BRDA:8,1,3,2
BRF:4
BRH:4
end_of_record
TN:
SF:V:\ts-code-generator\dist\writers\ExpressionWriter.js
FN:3,(anonymous_1)
FN:4,ExpressionWriter
FN:7,(anonymous_3)
FN:13,(anonymous_4)
FN:18,(anonymous_5)
FNF:5
FNH:5
FNDA:1,(anonymous_1)
FNDA:26,ExpressionWriter
FNDA:6,(anonymous_3)
FNDA:7,(anonymous_4)
FNDA:13,(anonymous_5)
DA:2,1
DA:3,1
DA:4,1
DA:5,26
DA:7,1
DA:8,6
DA:9,4
DA:10,2
DA:11,2
DA:13,1
DA:14,7
DA:15,4
DA:16,3
DA:18,1
DA:19,13
DA:21,1
DA:23,1
LF:17
LH:17
BRDA:8,1,0,4
BRDA:8,1,1,2
BRDA:14,2,0,4
BRDA:14,2,1,3
BRDA:19,3,0,13
BRDA:19,3,1,11
BRF:6
BRH:6
end_of_record
TN:
SF:V:\ts-code-generator\dist\writers\TypeWithDefaultExpressionWriter.js
FN:2,(anonymous_1)
FN:3,TypeWithDefaultExpressionWriter
FN:8,(anonymous_3)
FN:15,(anonymous_4)
FN:22,(anonymous_5)
FN:25,(anonymous_6)
FNF:6
FNH:6
FNDA:1,(anonymous_1)
FNDA:21,TypeWithDefaultExpressionWriter
FNDA:9,(anonymous_3)
FNDA:3,(anonymous_4)
FNDA:9,(anonymous_5)
FNDA:4,(anonymous_6)
DA:2,1
DA:3,1
DA:4,21
DA:5,21
DA:6,21
DA:8,1
DA:9,9
DA:10,9
DA:11,2
DA:13,7
DA:15,1
DA:16,3
DA:17,3
DA:18,2
DA:19,3
DA:20,2
DA:22,1
DA:23,9
DA:25,1
DA:26,4
DA:28,1
DA:30,1
LF:22
LH:22
BRDA:10,1,0,2
BRDA:10,1,1,7
BRDA:17,2,0,2
BRDA:17,2,1,1
BRDA:17,3,0,3
BRDA:17,3,1,2
BRDA:19,4,0,2
BRDA:19,4,1,1
BRF:8
BRH:8
end_of_record
TN:
SF:V:\ts-code-generator\dist\writers\VariableDeclarationTypeWriter.js
FN:3,(anonymous_1)
FN:4,VariableDeclarationTypeWriter
FN:7,(anonymous_3)
FNF:3
FNH:3
FNDA:1,(anonymous_1)
FNDA:18,VariableDeclarationTypeWriter
FNDA:11,(anonymous_3)
DA:2,1
DA:3,1
DA:4,1
DA:5,18
DA:7,1
DA:8,11
DA:10,4
DA:11,4
DA:13,2
DA:14,2
DA:16,5
DA:17,5
DA:20,1
DA:22,1
LF:14
LH:14
BRDA:8,1,0,4
BRDA:8,1,1,2
BRDA:8,1,2,5
BRF:3
BRH:3
end_of_record
TN:
SF:V:\ts-code-generator\dist\writers\VariableWriter.js
FN:2,(anonymous_1)
FN:3,VariableWriter
FN:12,(anonymous_3)
FN:14,(anonymous_4)
FNF:4
FNH:4
FNDA:1,(anonymous_1)
FNDA:15,VariableWriter
FNDA:8,(anonymous_3)
FNDA:8,(anonymous_4)
DA:2,1
DA:3,1
DA:4,15
DA:5,15
DA:6,15
DA:7,15
DA:8,15
DA:9,15
DA:10,15
DA:12,1
DA:13,8
DA:14,8
DA:15,8
DA:16,8
DA:17,8
DA:18,8
DA:19,8
DA:20,8
DA:21,8
DA:24,1
DA:26,1
LF:21
LH:21
BRF:0
BRH:0
end_of_record
TN:
SF:V:\ts-code-generator\dist\writers\ScopeWriter.js
FN:3,(anonymous_1)
FN:4,ScopeWriter
FN:7,(anonymous_3)
FNF:3
FNH:3
FNDA:1,(anonymous_1)
FNDA:16,ScopeWriter
FNDA:5,(anonymous_3)
DA:2,1
DA:3,1
DA:4,1
DA:5,16
DA:7,1
DA:8,5
DA:10,1
DA:11,1
DA:13,1
DA:14,1
DA:16,3
DA:19,1
DA:21,1
LF:13
LH:13
BRDA:8,1,0,1
BRDA:8,1,1,1
BRDA:8,1,2,3
BRF:3
BRH:3
end_of_record
TN:
SF:V:\ts-code-generator\dist\writers\TypeParameterWriter.js
FN:2,(anonymous_1)
FN:3,TypeParameterWriter
FN:8,(anonymous_3)
FN:10,(anonymous_4)
FNF:4
FNH:4
FNDA:1,(anonymous_1)
FNDA:13,TypeParameterWriter
FNDA:2,(anonymous_3)
FNDA:2,(anonymous_4)
DA:2,1
DA:3,1
DA:4,13
DA:5,13
DA:6,13
DA:8,1
DA:9,2
DA:10,2
DA:11,2
DA:12,2
DA:13,1
DA:14,1
DA:18,1
DA:20,1
LF:14
LH:14
BRDA:12,1,0,1
BRDA:12,1,1,1
BRF:2
BRH:2
end_of_record
TN:
SF:V:\ts-code-generator\dist\writers\TypeParametersWriter.js
FN:2,(anonymous_1)
FN:3,TypeParametersWriter
FN:7,(anonymous_3)
FN:14,(anonymous_4)
FN:16,(anonymous_5)
FNF:5
FNH:5
FNDA:1,(anonymous_1)
FNDA:13,TypeParametersWriter
FNDA:20,(anonymous_3)
FNDA:2,(anonymous_4)
FNDA:3,(anonymous_5)
DA:2,1
DA:3,1
DA:4,13
DA:5,13
DA:7,1
DA:8,20
DA:9,18
DA:10,2
DA:11,2
DA:12,2
DA:14,1
DA:15,2
DA:16,2
DA:17,3
DA:18,3
DA:21,1
DA:23,1
LF:17
LH:17
BRDA:8,1,0,18
BRDA:8,1,1,2
BRF:2
BRH:2
end_of_record
TN:
SF:V:\ts-code-generator\dist\writers\TypeAliasWriter.js
FN:2,(anonymous_1)
FN:3,TypeAliasWriter
FN:12,(anonymous_3)
FN:14,(anonymous_4)
FNF:4
FNH:4
FNDA:1,(anonymous_1)
FNDA:10,TypeAliasWriter
FNDA:3,(anonymous_3)
FNDA:3,(anonymous_4)
DA:2,1
DA:3,1
DA:4,10
DA:5,10
DA:6,10
DA:7,10
DA:8,10
DA:9,10
DA:10,10
DA:12,1
DA:13,3
DA:14,3
DA:15,3
DA:16,3
DA:17,3
DA:18,3
DA:19,3
DA:20,3
DA:21,3
DA:24,1
DA:26,1
LF:21
LH:21
BRF:0
BRH:0
end_of_record
TN:
SF:V:\ts-code-generator\dist\writers\NamedImportPartWriter.js
FN:2,(anonymous_1)
FN:3,NamedImportPartWriter
FN:7,(anonymous_3)
FN:9,(anonymous_4)
FNF:4
FNH:4
FNDA:1,(anonymous_1)
FNDA:11,NamedImportPartWriter
FNDA:3,(anonymous_3)
FNDA:3,(anonymous_4)
DA:2,1
DA:3,1
DA:4,11
DA:5,11
DA:7,1
DA:8,3
DA:9,3
DA:10,3
DA:11,3
DA:12,3
DA:13,1
DA:16,1
DA:18,1
LF:13
LH:13
BRDA:12,1,0,1
BRDA:12,1,1,2
BRDA:12,2,0,3
BRDA:12,2,1,2
BRF:4
BRH:4
end_of_record
TN:
SF:V:\ts-code-generator\dist\writers\NamedImportPartsWriter.js
FN:2,(anonymous_1)
FN:3,NamedImportPartsWriter
FN:7,(anonymous_3)
FN:14,(anonymous_4)
FN:16,(anonymous_5)
FNF:5
FNH:5
FNDA:1,(anonymous_1)
FNDA:11,NamedImportPartsWriter
FNDA:3,(anonymous_3)
FNDA:2,(anonymous_4)
FNDA:3,(anonymous_5)
DA:2,1
DA:3,1
DA:4,11
DA:5,11
DA:7,1
DA:8,3
DA:9,1
DA:10,2
DA:11,2
DA:12,2
DA:14,1
DA:15,2
DA:16,2
DA:17,3
DA:18,3
DA:21,1
DA:23,1
LF:17
LH:17
BRDA:8,1,0,1
BRDA:8,1,1,2
BRF:2
BRH:2
end_of_record
TN:
SF:V:\ts-code-generator\dist\writers\ReExportWriter.js
FN:2,(anonymous_1)
FN:3,ReExportWriter
FN:8,(anonymous_3)
FN:10,(anonymous_4)
FNF:4
FNH:4
FNDA:1,(anonymous_1)
FNDA:10,ReExportWriter
FNDA:3,(anonymous_3)
FNDA:3,(anonymous_4)
DA:2,1
DA:3,1
DA:4,10
DA:5,10
DA:6,10
DA:8,1
DA:9,3
DA:10,3
DA:11,3
DA:12,3
DA:13,1
DA:15,2
DA:16,3
DA:17,3
DA:20,1
DA:22,1
LF:16
LH:16
BRDA:12,1,0,1
BRDA:12,1,1,2
BRDA:12,2,0,3
BRDA:12,2,1,0
BRF:4
BRH:3
end_of_record
TN:
SF:V:\ts-code-generator\dist\writers\ParameterWriter.js
FN:4,(anonymous_1)
FN:5,ParameterWriter
FN:12,(anonymous_3)
FN:14,(anonymous_4)
FN:29,(anonymous_5)
FN:32,(anonymous_6)
FN:35,(anonymous_7)
FN:41,(anonymous_8)
FNF:8
FNH:8
FNDA:1,(anonymous_1)
FNDA:23,ParameterWriter
FNDA:12,(anonymous_3)
FNDA:12,(anonymous_4)
FNDA:2,(anonymous_5)
FNDA:12,(anonymous_6)
FNDA:12,(anonymous_7)
FNDA:10,(anonymous_8)
DA:2,1
DA:3,1
DA:4,1
DA:5,1
DA:6,23
DA:7,23
DA:8,23
DA:9,23
DA:10,23
DA:12,1
DA:13,12
DA:14,12
DA:15,12
DA:16,10
DA:17,12
DA:18,2
DA:19,1
DA:20,2
DA:22,12
DA:23,2
DA:24,12
DA:25,12
DA:26,12
DA:29,1
DA:30,2
DA:32,1
DA:33,12
DA:35,1
DA:36,12
DA:37,12
DA:38,12
DA:39,2
DA:41,1
DA:42,10
DA:43,4
DA:44,6
DA:46,1
DA:48,1
LF:38
LH:38
BRDA:15,1,0,10
BRDA:15,1,1,2
BRDA:17,2,0,2
BRDA:17,2,1,10
BRDA:18,3,0,1
BRDA:18,3,1,1
BRDA:22,4,0,2
BRDA:22,4,1,10
BRDA:33,5,0,2
BRDA:33,5,1,10
BRDA:36,6,0,12
BRDA:36,6,1,4
BRDA:37,7,0,12
BRDA:37,7,1,2
BRDA:38,8,0,2
BRDA:38,8,1,10
BRDA:38,9,0,12
BRDA:38,9,1,3
BRDA:42,10,0,4
BRDA:42,10,1,6
BRDA:42,11,0,10
BRDA:42,11,1,6
BRF:22
BRH:22
end_of_record
TN:
SF:V:\ts-code-generator\dist\writers\ParametersWriter.js
FN:2,(anonymous_1)
FN:3,ParametersWriter
FN:9,(anonymous_3)
FN:14,(anonymous_4)
FN:20,(anonymous_5)
FN:26,(anonymous_6)
FNF:6
FNH:6
FNDA:1,(anonymous_1)
FNDA:16,ParametersWriter
FNDA:12,(anonymous_3)
FNDA:6,(anonymous_4)
FNDA:6,(anonymous_5)
FNDA:12,(anonymous_6)
DA:2,1
DA:3,1
DA:4,16
DA:5,16
DA:6,16
DA:7,16
DA:9,1
DA:10,12
DA:11,12
DA:12,12
DA:13,12
DA:14,12
DA:15,6
DA:16,6
DA:18,12
DA:20,1
DA:21,6
DA:22,5
DA:24,1
DA:26,1
DA:27,12
DA:28,10
DA:29,2
DA:30,2
DA:32,1
DA:34,1
LF:26
LH:26
BRDA:15,1,0,6
BRDA:15,1,1,4
BRDA:21,2,0,5
BRDA:21,2,1,1
BRDA:27,3,0,10
BRDA:27,3,1,2
BRF:6
BRH:6
end_of_record
TN:
SF:V:\ts-code-generator\dist\writers\DefaultExpressionedWriter.js
FN:4,(anonymous_1)
FN:5,DefaultExpressionedWriter
FN:9,(anonymous_3)
FN:14,(anonymous_4)
FNF:4
FNH:4
FNDA:1,(anonymous_1)
FNDA:20,DefaultExpressionedWriter
FNDA:5,(anonymous_3)
FNDA:12,(anonymous_4)
DA:2,1
DA:3,1
DA:4,1
DA:5,1
DA:6,20
DA:7,20
DA:9,1
DA:10,5
DA:11,5
DA:12,2
DA:14,1
DA:15,12
DA:19,1
DA:21,1
LF:14
LH:14
BRDA:11,1,0,2
BRDA:11,1,1,3
BRDA:15,2,0,12
BRDA:15,2,1,11
BRDA:15,2,2,4
BRF:5
BRH:5
end_of_record
TN:
SF:V:\ts-code-generator\dist\writers\ParameterWithDestructuringWriter.js
FN:2,(anonymous_1)
FN:3,ParameterWithDestructuringWriter
FN:9,(anonymous_3)
FN:11,(anonymous_4)
FN:17,(anonymous_5)
FN:19,(anonymous_6)
FN:20,(anonymous_7)
FN:28,(anonymous_8)
FN:30,(anonymous_9)
FN:31,(anonymous_10)
FN:41,(anonymous_11)
FNF:11
FNH:11
FNDA:1,(anonymous_1)
FNDA:13,ParameterWithDestructuringWriter
FNDA:2,(anonymous_3)
FNDA:2,(anonymous_4)
FNDA:2,(anonymous_5)
FNDA:2,(anonymous_6)
FNDA:3,(anonymous_7)
FNDA:2,(anonymous_8)
FNDA:2,(anonymous_9)
FNDA:3,(anonymous_10)
FNDA:4,(anonymous_11)
DA:2,1
DA:3,1
DA:4,13
DA:5,13
DA:6,13
DA:7,13
DA:9,1
DA:10,2
DA:11,2
DA:12,2
DA:13,2
DA:14,2
DA:17,1
DA:18,2
DA:19,2
DA:20,2
DA:21,3
DA:22,3
DA:23,3
DA:24,1
DA:28,1
DA:29,2
DA:30,2
DA:31,2
DA:32,3
DA:33,3
DA:34,3
DA:35,3
DA:36,3
DA:37,3
DA:41,1
DA:42,4
DA:43,4
DA:44,4
DA:46,1
DA:48,1
LF:36
LH:36
BRDA:23,1,0,1
BRDA:23,1,1,2
BRF:2
BRH:2
end_of_record
TN:
SF:V:\ts-code-generator\dist\writers\IndexSignatureWriter.js
FN:2,(anonymous_1)
FN:3,IndexSignatureWriter
FN:8,(anonymous_3)
FN:10,(anonymous_4)
FNF:4
FNH:4
FNDA:1,(anonymous_1)
FNDA:11,IndexSignatureWriter
FNDA:2,(anonymous_3)
FNDA:2,(anonymous_4)
DA:2,1
DA:3,1
DA:4,11
DA:5,11
DA:6,11
DA:8,1
DA:9,2
DA:10,2
DA:11,2
DA:12,2
DA:13,2
DA:14,2
DA:15,2
DA:16,2
DA:19,1
DA:21,1
LF:16
LH:16
BRF:0
BRH:0
end_of_record
TN:
SF:V:\ts-code-generator\dist\writers\ExtendsImplementsClauseWriter.js
FN:2,(anonymous_1)
FN:3,ExtendsImplementsClauseWriter
FN:6,(anonymous_3)
FN:12,(anonymous_4)
FN:18,(anonymous_5)
FN:24,(anonymous_6)
FN:26,(anonymous_7)
FN:31,(anonymous_8)
FNF:8
FNH:8
FNDA:1,(anonymous_1)
FNDA:15,ExtendsImplementsClauseWriter
FNDA:12,(anonymous_3)
FNDA:7,(anonymous_4)
FNDA:19,(anonymous_5)
FNDA:6,(anonymous_6)
FNDA:8,(anonymous_7)
FNDA:8,(anonymous_8)
DA:2,1
DA:3,1
DA:4,15
DA:6,1
DA:7,12
DA:12,1
DA:13,7
DA:18,1
DA:19,19
DA:20,13
DA:21,6
DA:22,6
DA:24,1
DA:25,6
DA:26,6
DA:27,8
DA:28,8
DA:31,1
DA:32,8
DA:34,1
DA:36,1
LF:21
LH:21
BRDA:19,1,0,13
BRDA:19,1,1,6
BRF:2
BRH:2
end_of_record
TN:
SF:V:\ts-code-generator\dist\writers\ImportWriter.js
FN:2,(anonymous_1)
FN:3,ImportWriter
FN:7,(anonymous_3)
FN:9,(anonymous_4)
FN:11,(anonymous_5)
FN:28,(anonymous_6)
FN:31,(anonymous_7)
FN:34,(anonymous_8)
FN:37,(anonymous_9)
FNF:9
FNH:9
FNDA:1,(anonymous_1)
FNDA:17,ImportWriter
FNDA:10,(anonymous_3)
FNDA:10,(anonymous_4)
FNDA:10,(anonymous_5)
FNDA:3,(anonymous_6)
FNDA:4,(anonymous_7)
FNDA:4,(anonymous_8)
FNDA:5,(anonymous_9)
DA:2,1
DA:3,1
DA:4,17
DA:5,17
DA:7,1
DA:8,10
DA:9,10
DA:11,1
DA:12,10
DA:13,10
DA:14,10
DA:15,10
DA:16,10
DA:17,4
DA:18,4
DA:20,10
DA:21,3
DA:22,7
DA:23,4
DA:24,10
DA:25,8
DA:26,10
DA:28,1
DA:29,3
DA:31,1
DA:32,4
DA:34,1
DA:35,4
DA:36,4
DA:37,4
DA:38,5
DA:39,5
DA:40,5
DA:41,5
DA:42,1
DA:44,4
DA:46,1
DA:48,1
LF:38
LH:38
BRDA:13,1,0,10
BRDA:13,1,1,3
BRDA:14,2,0,10
BRDA:14,2,1,0
BRDA:16,3,0,4
BRDA:16,3,1,6
BRDA:18,4,0,4
BRDA:18,4,1,2
BRDA:20,5,0,3
BRDA:20,5,1,7
BRDA:22,6,0,4
BRDA:22,6,1,3
BRDA:24,7,0,8
BRDA:24,7,1,2
BRDA:24,8,0,10
BRDA:24,8,1,6
BRDA:24,8,2,5
BRDA:37,9,0,4
BRDA:37,9,1,0
BRDA:41,10,0,1
BRDA:41,10,1,4
BRDA:41,11,0,5
BRDA:41,11,1,2
BRF:23
BRH:21
end_of_record
TN:
SF:V:\ts-code-generator\dist\writers\PropertyWriter.js
FN:3,(anonymous_1)
FN:4,PropertyWriter
FN:13,(anonymous_3)
FN:20,(anonymous_4)
FN:23,(anonymous_5)
FN:26,(anonymous_6)
FN:28,(anonymous_7)
FN:36,(anonymous_8)
FN:46,(anonymous_9)
FN:54,(anonymous_10)
FN:64,(anonymous_11)
FN:70,(anonymous_12)
FN:81,(anonymous_13)
FN:87,(anonymous_14)
FN:91,(anonymous_15)
FNF:15
FNH:15
FNDA:1,(anonymous_1)
FNDA:24,PropertyWriter
FNDA:32,(anonymous_3)
FNDA:8,(anonymous_4)
FNDA:38,(anonymous_5)
FNDA:15,(anonymous_6)
FNDA:15,(anonymous_7)
FNDA:7,(anonymous_8)
FNDA:8,(anonymous_9)
FNDA:6,(anonymous_10)
FNDA:4,(anonymous_11)
FNDA:6,(anonymous_12)
FNDA:4,(anonymous_13)
FNDA:15,(anonymous_14)
FNDA:19,(anonymous_15)
DA:2,1
DA:3,1
DA:4,1
DA:5,24
DA:6,24
DA:7,24
DA:8,24
DA:9,24
DA:10,24
DA:11,24
DA:13,1
DA:14,32
DA:15,2
DA:16,30
DA:17,30
DA:18,30
DA:20,1
DA:21,8
DA:23,1
DA:24,38
DA:26,1
DA:27,15
DA:28,15
DA:29,15
DA:30,15
DA:31,8
DA:33,7
DA:36,1
DA:37,7
DA:38,7
DA:39,7
DA:40,7
DA:41,1
DA:43,6
DA:44,7
DA:46,1
DA:47,8
DA:48,6
DA:49,8
DA:50,6
DA:51,6
DA:54,1
DA:55,6
DA:56,6
DA:57,6
DA:58,6
DA:59,6
DA:60,6
DA:61,6
DA:62,2
DA:64,4
DA:65,4
DA:66,3
DA:70,1
DA:71,6
DA:72,6
DA:73,6
DA:74,6
DA:75,6
DA:76,6
DA:77,6
DA:78,6
DA:79,2
DA:81,4
DA:82,4
DA:83,3
DA:87,1
DA:88,15
DA:89,15
DA:91,1
DA:92,19
DA:93,18
DA:94,18
DA:95,17
DA:96,18
DA:98,19
DA:100,1
DA:102,1
LF:78
LH:78
BRDA:14,1,0,2
BRDA:14,1,1,30
BRDA:16,2,0,30
BRDA:16,2,1,20
BRDA:17,3,0,30
BRDA:17,3,1,20
BRDA:18,4,0,30
BRDA:18,4,1,26
BRDA:18,4,2,18
BRDA:21,5,0,8
BRDA:21,5,1,6
BRDA:30,6,0,8
BRDA:30,6,1,7
BRDA:30,7,0,15
BRDA:30,7,1,13
BRDA:30,7,2,8
BRDA:40,8,0,1
BRDA:40,8,1,6
BRDA:47,9,0,6
BRDA:47,9,1,2
BRDA:49,10,0,6
BRDA:49,10,1,2
BRDA:61,11,0,2
BRDA:61,11,1,4
BRDA:65,12,0,3
BRDA:65,12,1,1
BRDA:78,13,0,2
BRDA:78,13,1,4
BRDA:82,14,0,3
BRDA:82,14,1,1
BRDA:92,15,0,18
BRDA:92,15,1,1
BRDA:92,16,0,19
BRDA:92,16,1,2
BRDA:94,17,0,17
BRDA:94,17,1,1
BRDA:98,18,0,19
BRDA:98,18,1,11
BRF:38
BRH:38
end_of_record
TN:
SF:V:\ts-code-generator\dist\writers\FunctionBodyWriter.js
FN:4,(anonymous_1)
FN:5,FunctionBodyWriter
FN:8,(anonymous_3)
FN:20,(anonymous_4)
FN:26,(anonymous_5)
FN:29,(anonymous_6)
FN:31,(anonymous_7)
FNF:7
FNH:7
FNDA:1,(anonymous_1)
FNDA:17,FunctionBodyWriter
FNDA:20,(anonymous_3)
FNDA:13,(anonymous_4)
FNDA:6,(anonymous_5)
FNDA:7,(anonymous_6)
FNDA:7,(anonymous_7)
DA:2,1
DA:3,1
DA:4,1
DA:5,1
DA:6,17
DA:8,1
DA:9,20
DA:10,1
DA:12,19
DA:13,19
DA:14,19
DA:15,19
DA:16,19
DA:17,19
DA:20,1
DA:21,13
DA:22,7
DA:24,6
DA:26,1
DA:27,6
DA:29,1
DA:30,7
DA:31,7
DA:32,7
DA:33,1
DA:36,1
DA:38,1
LF:27
LH:27
BRDA:9,1,0,1
BRDA:9,1,1,19
BRDA:14,2,0,19
BRDA:14,2,1,14
BRDA:15,3,0,19
BRDA:15,3,1,18
BRDA:16,4,0,19
BRDA:16,4,1,18
BRDA:16,4,2,13
BRDA:17,5,0,19
BRDA:17,5,1,18
BRDA:21,6,0,7
BRDA:21,6,1,6
BRDA:32,7,0,1
BRDA:32,7,1,6
BRF:15
BRH:15
end_of_record
TN:
SF:V:\ts-code-generator\dist\writers\FunctionReturnTypeWriter.js
FN:2,(anonymous_1)
FN:3,FunctionReturnTypeWriter
FN:8,(anonymous_3)
FNF:3
FNH:3
FNDA:1,(anonymous_1)
FNDA:17,FunctionReturnTypeWriter
FNDA:13,(anonymous_3)
DA:2,1
DA:3,1
DA:4,17
DA:5,17
DA:6,17
DA:8,1
DA:9,13
DA:10,3
DA:11,10
DA:12,4
DA:14,1
DA:16,1
LF:12
LH:12
BRDA:9,1,0,3
BRDA:9,1,1,10
BRDA:10,2,0,3
BRDA:10,2,1,1
BRDA:11,3,0,4
BRDA:11,3,1,6
BRDA:11,4,0,10
BRDA:11,4,1,7
BRF:8
BRH:8
end_of_record
TN:
SF:V:\ts-code-generator\dist\writers\FunctionWriter.js
FN:4,(anonymous_1)
FN:5,FunctionWriter
FN:20,(anonymous_3)
FN:22,(anonymous_4)
FN:24,(anonymous_5)
FN:37,(anonymous_6)
FN:44,(anonymous_7)
FN:60,(anonymous_8)
FN:64,(anonymous_9)
FNF:9
FNH:9
FNDA:1,(anonymous_1)
FNDA:19,FunctionWriter
FNDA:15,(anonymous_3)
FNDA:15,(anonymous_4)
FNDA:3,(anonymous_5)
FNDA:14,(anonymous_6)
FNDA:17,(anonymous_7)
FNDA:3,(anonymous_8)
FNDA:3,(anonymous_9)
DA:2,1
DA:3,1
DA:4,1
DA:5,1
DA:6,19
DA:7,19
DA:8,19
DA:9,19
DA:10,19
DA:11,19
DA:12,19
DA:13,19
DA:14,19
DA:15,19
DA:16,19
DA:17,19
DA:18,19
DA:20,1
DA:21,15
DA:22,15
DA:23,15
DA:24,15
DA:25,3
DA:26,3
DA:27,3
DA:28,3
DA:30,15
DA:31,14
DA:32,14
DA:33,14
DA:37,1
DA:38,14
DA:39,14
DA:40,14
DA:41,14
DA:42,14
DA:44,1
DA:45,17
DA:46,14
DA:47,14
DA:50,3
DA:51,3
DA:52,3
DA:54,17
DA:55,17
DA:56,17
DA:57,17
DA:58,17
DA:60,1
DA:61,3
DA:62,1
DA:64,1
DA:65,3
DA:66,1
DA:68,1
DA:70,1
LF:56
LH:56
BRDA:23,1,0,15
BRDA:23,1,1,2
BRDA:24,2,0,15
BRDA:24,2,1,0
BRDA:30,3,0,14
BRDA:30,3,1,1
BRDA:45,4,0,14
BRDA:45,4,1,3
BRDA:61,5,0,1
BRDA:61,5,1,2
BRDA:65,6,0,1
BRDA:65,6,1,2
BRF:12
BRH:11
end_of_record
TN:
SF:V:\ts-code-generator\dist\writers\InterfaceWriter.js
FN:2,(anonymous_1)
FN:3,InterfaceWriter
FN:16,(anonymous_3)
FN:18,(anonymous_4)
FN:20,(anonymous_5)
FN:29,(anonymous_6)
FN:37,(anonymous_7)
FN:39,(anonymous_8)
FN:45,(anonymous_9)
FN:47,(anonymous_10)
FN:52,(anonymous_11)
FN:54,(anonymous_12)
FN:59,(anonymous_13)
FN:61,(anonymous_14)
FN:66,(anonymous_15)
FN:68,(anonymous_16)
FNF:16
FNH:16
FNDA:1,(anonymous_1)
FNDA:11,InterfaceWriter
FNDA:7,(anonymous_3)
FNDA:7,(anonymous_4)
FNDA:7,(anonymous_5)
FNDA:7,(anonymous_6)
FNDA:7,(anonymous_7)
FNDA:2,(anonymous_8)
FNDA:7,(anonymous_9)
FNDA:2,(anonymous_10)
FNDA:7,(anonymous_11)
FNDA:2,(anonymous_12)
FNDA:7,(anonymous_13)
FNDA:2,(anonymous_14)
FNDA:7,(anonymous_15)
FNDA:2,(anonymous_16)
DA:2,1
DA:3,1
DA:4,11
DA:5,11
DA:6,11
DA:7,11
DA:8,11
DA:9,11
DA:10,11
DA:11,11
DA:12,11
DA:13,11
DA:14,11
DA:16,1
DA:17,7
DA:18,7
DA:19,7
DA:20,7
DA:21,7
DA:22,7
DA:23,7
DA:24,7
DA:25,7
DA:29,1
DA:30,7
DA:31,7
DA:32,7
DA:33,7
DA:34,7
DA:35,7
DA:37,1
DA:38,7
DA:39,7
DA:40,2
DA:41,2
DA:42,2
DA:45,1
DA:46,7
DA:47,7
DA:48,2
DA:49,2
DA:52,1
DA:53,7
DA:54,7
DA:55,2
DA:56,2
DA:59,1
DA:60,7
DA:61,7
DA:62,2
DA:63,2
DA:66,1
DA:67,7
DA:68,7
DA:69,2
DA:70,2
DA:73,1
DA:75,1
LF:58
LH:58
BRF:0
BRH:0
end_of_record
TN:
SF:V:\ts-code-generator\dist\writers\ClassWriter.js
FN:5,(anonymous_1)
FN:6,ClassWriter
[...]
FN:2,(anonymous_1)
FN:4,__
FN:12,(anonymous_3)
FN:14,StructureClassMethodBinder
FNF:4
FNH:4
FNDA:1,(anonymous_1)
FNDA:1,__
FNDA:1,(anonymous_3)
FNDA:8,StructureClassMethodBinder
DA:2,1
DA:3,1
DA:4,1
DA:5,1
DA:7,1
DA:8,1
DA:9,1
DA:10,1
DA:11,1
DA:12,1
DA:13,1
DA:14,1
DA:15,8
DA:17,1
DA:19,1
LF:15
LH:15
BRDA:2,1,0,1
BRDA:2,1,1,1
BRDA:2,1,2,1
BRDA:3,2,0,0
BRDA:3,2,1,0
BRDA:5,3,0,0
BRDA:5,3,1,1
BRF:7
BRH:7
end_of_record
TN:
SF:V:\ts-code-generator\dist\binders\structure\class\StructureClassMethodParameterBinder.js
FN:2,(anonymous_1)
FN:4,__
FN:9,(anonymous_3)
FN:11,StructureClassMethodParameterBinder
FNF:4
FNH:4
FNDA:1,(anonymous_1)
FNDA:1,__
FNDA:1,(anonymous_3)
FNDA:9,StructureClassMethodParameterBinder
DA:2,1
DA:3,1
DA:4,1
DA:5,1
DA:7,1
DA:8,1
DA:9,1
DA:10,1
DA:11,1
DA:12,9
DA:14,1
DA:16,1
LF:12
LH:12
BRDA:2,1,0,1
BRDA:2,1,1,1
BRDA:2,1,2,1
BRDA:3,2,0,0
BRDA:3,2,1,0
BRDA:5,3,0,0
BRDA:5,3,1,1
BRF:7
BRH:7
end_of_record
TN:
SF:V:\ts-code-generator\dist\binders\structure\class\StructureClassPropertyBinder.js
FN:2,(anonymous_1)
FN:4,__
FN:11,(anonymous_3)
FN:13,StructureClassPropertyBinder
FN:17,(anonymous_5)
FN:20,(anonymous_6)
FN:23,(anonymous_7)
FNF:7
FNH:7
FNDA:1,(anonymous_1)
FNDA:1,__
FNDA:1,(anonymous_3)
FNDA:10,StructureClassPropertyBinder
FNDA:10,(anonymous_5)
FNDA:10,(anonymous_6)
FNDA:10,(anonymous_7)
DA:2,1
DA:3,1
DA:4,1
DA:5,1
DA:7,1
DA:8,1
DA:9,1
DA:10,1
DA:11,1
DA:12,1
DA:13,1
DA:14,10
DA:15,10
DA:17,1
DA:18,10
DA:20,1
DA:21,10
DA:23,1
DA:24,10
DA:26,1
DA:28,1
LF:21
LH:21
BRDA:2,1,0,1
BRDA:2,1,1,1
BRDA:2,1,2,1
BRDA:3,2,0,0
BRDA:3,2,1,0
BRDA:5,3,0,0
BRDA:5,3,1,1
BRDA:18,4,0,10
BRDA:18,4,1,9
BRDA:21,5,0,10
BRDA:21,5,1,9
BRDA:24,6,0,10
BRDA:24,6,1,9
BRF:13
BRH:13
end_of_record
TN:
SF:V:\ts-code-generator\dist\binders\structure\class\StructureClassStaticMethodBinder.js
FN:2,(anonymous_1)
FN:4,__
FN:11,(anonymous_3)
FN:13,StructureClassStaticMethodBinder
FNF:4
FNH:4
FNDA:1,(anonymous_1)
FNDA:1,__
FNDA:1,(anonymous_3)
FNDA:7,StructureClassStaticMethodBinder
DA:2,1
DA:3,1
DA:4,1
DA:5,1
DA:7,1
DA:8,1
DA:9,1
DA:10,1
DA:11,1
DA:12,1
DA:13,1
DA:14,7
DA:16,1
DA:18,1
LF:14
LH:14
BRDA:2,1,0,1
BRDA:2,1,1,1
BRDA:2,1,2,1
BRDA:3,2,0,0
BRDA:3,2,1,0
BRDA:5,3,0,0
BRDA:5,3,1,1
BRF:7
BRH:7
end_of_record
TN:
SF:V:\ts-code-generator\dist\binders\structure\class\StructureClassStaticMethodParameterBinder.js
FN:2,(anonymous_1)
FN:4,__
FN:9,(anonymous_3)
FN:11,StructureClassStaticMethodParameterBinder
FNF:4
FNH:4
FNDA:1,(anonymous_1)
FNDA:1,__
FNDA:1,(anonymous_3)
FNDA:4,StructureClassStaticMethodParameterBinder
DA:2,1
DA:3,1
DA:4,1
DA:5,1
DA:7,1
DA:8,1
DA:9,1
DA:10,1
DA:11,1
DA:12,4
DA:14,1
DA:16,1
LF:12
LH:12
BRDA:2,1,0,1
BRDA:2,1,1,1
BRDA:2,1,2,1
BRDA:3,2,0,0
BRDA:3,2,1,0
BRDA:5,3,0,0
BRDA:5,3,1,1
BRF:7
BRH:7
end_of_record
TN:
SF:V:\ts-code-generator\dist\binders\structure\class\StructureClassStaticPropertyBinder.js
FN:2,(anonymous_1)
FN:4,__
FN:9,(anonymous_3)
FN:11,StructureClassStaticPropertyBinder
FNF:4
FNH:4
FNDA:1,(anonymous_1)
FNDA:1,__
FNDA:1,(anonymous_3)
FNDA:6,StructureClassStaticPropertyBinder
DA:2,1
DA:3,1
DA:4,1
DA:5,1
DA:7,1
DA:8,1
DA:9,1
DA:10,1
DA:11,1
DA:12,6
DA:14,1
DA:16,1
LF:12
LH:12
BRDA:2,1,0,1
BRDA:2,1,1,1
BRDA:2,1,2,1
BRDA:3,2,0,0
BRDA:3,2,1,0
BRDA:5,3,0,0
BRDA:5,3,1,1
BRF:7
BRH:7
end_of_record
TN:
SF:V:\ts-code-generator\dist\binders\structure\enum.js
FN:2,__export
FNF:1
FNH:1
FNDA:2,__export
DA:2,1
DA:3,2
DA:5,1
DA:6,1
LF:4
LH:4
BRDA:3,1,0,2
BRDA:3,1,1,0
BRF:2
BRH:2
end_of_record
TN:
SF:V:\ts-code-generator\dist\binders\structure\enum\StructureEnumBinder.js
FN:2,(anonymous_1)
FN:4,__
FN:9,(anonymous_3)
FN:11,StructureEnumBinder
FN:16,(anonymous_5)
FN:19,(anonymous_6)
FN:21,(anonymous_7)
FNF:7
FNH:7
FNDA:1,(anonymous_1)
FNDA:1,__
FNDA:1,(anonymous_3)
FNDA:18,StructureEnumBinder
FNDA:18,(anonymous_5)
FNDA:18,(anonymous_6)
FNDA:4,(anonymous_7)
DA:2,1
DA:3,1
DA:4,1
DA:5,1
DA:7,1
DA:8,1
DA:9,1
DA:10,1
DA:11,1
DA:12,18
DA:13,18
DA:14,18
DA:16,1
DA:17,18
DA:19,1
DA:20,18
DA:21,18
DA:23,1
DA:25,1
LF:19
LH:19
BRDA:2,1,0,1
BRDA:2,1,1,1
BRDA:2,1,2,1
BRDA:3,2,0,0
BRDA:3,2,1,0
BRDA:5,3,0,0
BRDA:5,3,1,1
BRDA:17,4,0,18
BRDA:17,4,1,15
BRDA:21,5,0,18
BRDA:21,5,1,16
BRF:11
BRH:11
end_of_record
TN:
SF:V:\ts-code-generator\dist\binders\structure\enum\StructureEnumMemberBinder.js
FN:2,(anonymous_1)
FN:4,__
FN:9,(anonymous_3)
FN:11,StructureEnumMemberBinder
FN:15,(anonymous_5)
FNF:5
FNH:5
FNDA:1,(anonymous_1)
FNDA:1,__
FNDA:1,(anonymous_3)
FNDA:12,StructureEnumMemberBinder
FNDA:12,(anonymous_5)
DA:2,1
DA:3,1
DA:4,1
DA:5,1
DA:7,1
DA:8,1
DA:9,1
DA:10,1
DA:11,1
DA:12,12
DA:13,12
DA:15,1
DA:16,12
DA:18,1
DA:20,1
LF:15
LH:15
BRDA:2,1,0,1
BRDA:2,1,1,1
BRDA:2,1,2,1
BRDA:3,2,0,0
BRDA:3,2,1,0
BRDA:5,3,0,0
BRDA:5,3,1,1
BRF:7
BRH:7
end_of_record
TN:
SF:V:\ts-code-generator\dist\binders\structure\file.js
FN:2,__export
FNF:1
FNH:1
FNDA:5,__export
DA:2,1
DA:3,5
DA:5,1
DA:6,1
DA:7,1
DA:8,1
DA:9,1
LF:7
LH:7
BRDA:3,1,0,5
BRDA:3,1,1,0
BRF:2
BRH:2
end_of_record
TN:
SF:V:\ts-code-generator\dist\binders\structure\file\StructureFileBinder.js
FN:2,(anonymous_1)
FN:4,__
FN:9,(anonymous_3)
FN:11,StructureFileBinder
FN:16,(anonymous_5)
FN:19,(anonymous_6)
FN:22,(anonymous_7)
FN:24,(anonymous_8)
FN:26,(anonymous_9)
FN:28,(anonymous_10)
FNF:10
FNH:10
FNDA:1,(anonymous_1)
FNDA:1,__
FNDA:1,(anonymous_3)
FNDA:32,StructureFileBinder
FNDA:32,(anonymous_5)
FNDA:32,(anonymous_6)
FNDA:32,(anonymous_7)
FNDA:2,(anonymous_8)
FNDA:32,(anonymous_9)
FNDA:2,(anonymous_10)
DA:2,1
DA:3,1
DA:4,1
DA:5,1
DA:7,1
DA:8,1
DA:9,1
DA:10,1
DA:11,1
DA:12,32
DA:13,32
DA:14,32
DA:16,1
DA:17,32
DA:19,1
DA:20,32
DA:22,1
DA:23,32
DA:24,32
DA:26,1
DA:27,32
DA:28,32
DA:30,1
DA:32,1
LF:24
LH:24
BRDA:2,1,0,1
BRDA:2,1,1,1
BRDA:2,1,2,1
BRDA:3,2,0,0
BRDA:3,2,1,0
BRDA:5,3,0,0
BRDA:5,3,1,1
BRDA:17,4,0,32
BRDA:17,4,1,17
BRDA:24,5,0,32
BRDA:24,5,1,30
BRDA:28,6,0,32
BRDA:28,6,1,30
BRF:13
BRH:13
end_of_record
TN:
SF:V:\ts-code-generator\dist\binders\structure\file\StructureImportBinder.js
FN:2,(anonymous_1)
FN:4,__
FN:10,(anonymous_3)
FN:12,StructureImportBinder
FN:17,(anonymous_5)
FN:20,(anonymous_6)
FN:23,(anonymous_7)
FN:26,(anonymous_8)
FN:29,(anonymous_9)
FN:37,(anonymous_10)
FN:39,(anonymous_11)
FN:41,(anonymous_12)
FNF:12
FNH:12
FNDA:1,(anonymous_1)
FNDA:1,__
FNDA:1,(anonymous_3)
FNDA:10,StructureImportBinder
FNDA:10,(anonymous_5)
FNDA:10,(anonymous_6)
FNDA:10,(anonymous_7)
FNDA:4,(anonymous_8)
FNDA:10,(anonymous_9)
FNDA:6,(anonymous_10)
FNDA:2,(anonymous_11)
FNDA:4,(anonymous_12)
DA:2,1
DA:3,1
DA:4,1
DA:5,1
DA:7,1
DA:8,1
DA:9,1
DA:10,1
DA:11,1
DA:12,1
DA:13,10
DA:14,10
DA:15,10
DA:17,1
DA:18,10
DA:20,1
DA:21,10
DA:23,1
DA:24,10
DA:26,1
DA:27,4
DA:29,1
DA:30,10
DA:31,2
DA:34,8
DA:37,1
DA:38,6
DA:39,6
DA:41,1
DA:42,4
DA:44,1
DA:46,1
LF:32
LH:32
BRDA:2,1,0,1
BRDA:2,1,1,1
BRDA:2,1,2,1
BRDA:3,2,0,0
BRDA:3,2,1,0
BRDA:5,3,0,0
BRDA:5,3,1,1
BRDA:21,4,0,10
BRDA:21,4,1,0
BRDA:27,5,0,4
BRDA:27,5,1,0
BRDA:30,6,0,2
BRDA:30,6,1,8
BRDA:39,7,0,6
BRDA:39,7,1,4
BRF:15
BRH:13
end_of_record
TN:
SF:V:\ts-code-generator\dist\binders\structure\file\StructureReExportBinder.js
FN:2,(anonymous_1)
FN:4,__
FN:10,(anonymous_3)
FN:12,StructureReExportBinder
FN:17,(anonymous_5)
FN:20,(anonymous_6)
FN:23,(anonymous_7)
FN:26,(anonymous_8)
FN:28,(anonymous_9)
FN:30,(anonymous_10)
FNF:10
FNH:10
FNDA:1,(anonymous_1)
FNDA:1,__
FNDA:1,(anonymous_3)
FNDA:7,StructureReExportBinder
FNDA:7,(anonymous_5)
FNDA:7,(anonymous_6)
FNDA:7,(anonymous_7)
FNDA:1,(anonymous_8)
FNDA:2,(anonymous_9)
FNDA:6,(anonymous_10)
DA:2,1
DA:3,1
DA:4,1
DA:5,1
DA:7,1
DA:8,1
DA:9,1
DA:10,1
DA:11,1
DA:12,1
DA:13,7
DA:14,7
DA:15,7
DA:17,1
DA:18,7
DA:20,1
DA:21,7
DA:23,1
DA:24,7
DA:26,1
DA:27,1
DA:28,2
DA:30,1
DA:31,6
DA:33,1
DA:35,1
LF:26
LH:26
BRDA:2,1,0,1
BRDA:2,1,1,1
BRDA:2,1,2,1
BRDA:3,2,0,0
BRDA:3,2,1,0
BRDA:5,3,0,0
BRDA:5,3,1,1
BRDA:21,4,0,7
BRDA:21,4,1,0
BRDA:28,5,0,1
BRDA:28,5,1,0
BRF:11
BRH:9
end_of_record
TN:
SF:V:\ts-code-generator\dist\binders\structure\file\StructureDefaultImportPartBinder.js
FN:2,(anonymous_1)
FN:4,__
FN:9,(anonymous_3)
FN:11,StructureDefaultImportPartBinder
FN:15,(anonymous_5)
FN:18,(anonymous_6)
FN:21,(anonymous_7)
FNF:7
FNH:7
FNDA:1,(anonymous_1)
FNDA:1,__
FNDA:1,(anonymous_3)
FNDA:7,StructureDefaultImportPartBinder
FNDA:7,(anonymous_5)
FNDA:7,(anonymous_6)
FNDA:7,(anonymous_7)
DA:2,1
DA:3,1
DA:4,1
DA:5,1
DA:7,1
DA:8,1
DA:9,1
DA:10,1
DA:11,1
DA:12,7
DA:13,7
DA:15,1
DA:16,7
DA:18,1
DA:19,7
DA:21,1
DA:22,7
DA:24,1
DA:26,1
LF:19
LH:19
BRDA:2,1,0,1
BRDA:2,1,1,1
BRDA:2,1,2,1
BRDA:3,2,0,0
BRDA:3,2,1,0
BRDA:5,3,0,0
BRDA:5,3,1,1
BRF:7
BRH:7
end_of_record
TN:
SF:V:\ts-code-generator\dist\binders\structure\file\StructureNamedImportPartBinder.js
FN:2,(anonymous_1)
FN:4,__
FN:9,(anonymous_3)
FN:11,StructureNamedImportPartBinder
FN:15,(anonymous_5)
FN:18,(anonymous_6)
FN:21,(anonymous_7)
FN:24,(anonymous_8)
FNF:8
FNH:8
FNDA:1,(anonymous_1)
FNDA:1,__
FNDA:1,(anonymous_3)
FNDA:22,StructureNamedImportPartBinder
FNDA:22,(anonymous_5)
FNDA:22,(anonymous_6)
FNDA:22,(anonymous_7)
FNDA:22,(anonymous_8)
DA:2,1
DA:3,1
DA:4,1
DA:5,1
DA:7,1
DA:8,1
DA:9,1
DA:10,1
DA:11,1
DA:12,22
DA:13,22
DA:15,1
DA:16,22
DA:18,1
DA:19,22
DA:21,1
DA:22,22
DA:24,1
DA:25,22
DA:27,1
DA:29,1
LF:21
LH:21
BRDA:2,1,0,1
BRDA:2,1,1,1
BRDA:2,1,2,1
BRDA:3,2,0,0
BRDA:3,2,1,0
BRDA:5,3,0,0
BRDA:5,3,1,1
BRDA:19,4,0,22
BRDA:19,4,1,14
BRF:9
BRH:9
end_of_record
TN:
SF:V:\ts-code-generator\dist\binders\structure\function.js
FN:2,__export
FNF:1
FNH:1
FNDA:2,__export
DA:2,1
DA:3,2
DA:5,1
DA:6,1
LF:4
LH:4
BRDA:3,1,0,2
BRDA:3,1,1,0
BRF:2
BRH:2
end_of_record
TN:
SF:V:\ts-code-generator\dist\binders\structure\function\StructureFunctionBinder.js
FN:2,(anonymous_1)
FN:4,__
FN:11,(anonymous_3)
FN:13,StructureFunctionBinder
FNF:4
FNH:4
FNDA:1,(anonymous_1)
FNDA:1,__
FNDA:1,(anonymous_3)
FNDA:23,StructureFunctionBinder
DA:2,1
DA:3,1
DA:4,1
DA:5,1
DA:7,1
DA:8,1
DA:9,1
DA:10,1
DA:11,1
DA:12,1
DA:13,1
DA:14,23
DA:16,1
DA:18,1
LF:14
LH:14
BRDA:2,1,0,1
BRDA:2,1,1,1
BRDA:2,1,2,1
BRDA:3,2,0,0
BRDA:3,2,1,0
BRDA:5,3,0,0
BRDA:5,3,1,1
BRF:7
BRH:7
end_of_record
TN:
SF:V:\ts-code-generator\dist\binders\structure\function\StructureFunctionParameterBinder.js
FN:2,(anonymous_1)
FN:4,__
FN:9,(anonymous_3)
FN:11,StructureFunctionParameterBinder
FNF:4
FNH:4
FNDA:1,(anonymous_1)
FNDA:1,__
FNDA:1,(anonymous_3)
FNDA:10,StructureFunctionParameterBinder
DA:2,1
DA:3,1
DA:4,1
DA:5,1
DA:7,1
DA:8,1
DA:9,1
DA:10,1
DA:11,1
DA:12,10
DA:14,1
DA:16,1
LF:12
LH:12
BRDA:2,1,0,1
BRDA:2,1,1,1
BRDA:2,1,2,1
BRDA:3,2,0,0
BRDA:3,2,1,0
BRDA:5,3,0,0
BRDA:5,3,1,1
BRF:7
BRH:7
end_of_record
TN:
SF:V:\ts-code-generator\dist\binders\structure\general.js
FN:2,__export
FNF:1
FNH:1
FNDA:8,__export
DA:2,1
DA:3,8
DA:5,1
DA:6,1
DA:7,1
DA:8,1
DA:9,1
DA:10,1
DA:11,1
DA:12,1
LF:10
LH:10
BRDA:3,1,0,8
BRDA:3,1,1,0
BRF:2
BRH:2
end_of_record
TN:
SF:V:\ts-code-generator\dist\binders\structure\general\StructureCallSignatureBinder.js
FN:2,(anonymous_1)
FN:4,__
FN:11,(anonymous_3)
FN:13,StructureCallSignatureBinder
FNF:4
FNH:4
FNDA:1,(anonymous_1)
FNDA:1,__
FNDA:1,(anonymous_3)
FNDA:27,StructureCallSignatureBinder
DA:2,1
DA:3,1
DA:4,1
DA:5,1
DA:7,1
DA:8,1
DA:9,1
DA:10,1
DA:11,1
DA:12,1
DA:13,1
DA:14,27
DA:16,1
DA:18,1
LF:14
LH:14
BRDA:2,1,0,1
BRDA:2,1,1,1
BRDA:2,1,2,1
BRDA:3,2,0,0
BRDA:3,2,1,0
BRDA:5,3,0,0
BRDA:5,3,1,1
BRF:7
BRH:7
end_of_record
TN:
SF:V:\ts-code-generator\dist\binders\structure\general\StructureCallSignatureParameterBinder.js
FN:2,(anonymous_1)
FN:4,__
FN:9,(anonymous_3)
FN:11,StructureCallSignatureParameterBinder
FNF:4
FNH:4
FNDA:1,(anonymous_1)
FNDA:1,__
FNDA:1,(anonymous_3)
FNDA:10,StructureCallSignatureParameterBinder
DA:2,1
DA:3,1
DA:4,1
DA:5,1
DA:7,1
DA:8,1
DA:9,1
DA:10,1
DA:11,1
DA:12,10
DA:14,1
DA:16,1
LF:12
LH:12
BRDA:2,1,0,1
BRDA:2,1,1,1
BRDA:2,1,2,1
BRDA:3,2,0,0
BRDA:3,2,1,0
BRDA:5,3,0,0
BRDA:5,3,1,1
BRF:7
BRH:7
end_of_record
TN:
SF:V:\ts-code-generator\dist\binders\structure\general\StructureDecoratorBinder.js
FN:2,(anonymous_1)
FN:4,__
FN:9,(anonymous_3)
FN:11,StructureDecoratorBinder
FN:16,(anonymous_5)
FN:18,(anonymous_6)
FN:18,(anonymous_7)
FN:20,(anonymous_8)
FNF:8
FNH:8
FNDA:1,(anonymous_1)
FNDA:1,__
FNDA:1,(anonymous_3)
FNDA:22,StructureDecoratorBinder
FNDA:22,(anonymous_5)
FNDA:7,(anonymous_6)
FNDA:7,(anonymous_7)
FNDA:22,(anonymous_8)
DA:2,1
DA:3,1
DA:4,1
DA:5,1
DA:7,1
DA:8,1
DA:9,1
DA:10,1
DA:11,1
DA:12,22
DA:13,22
DA:14,22
DA:16,1
DA:17,22
DA:18,22
DA:20,1
DA:21,22
DA:23,1
DA:25,1
LF:19
LH:19
BRDA:2,1,0,1
BRDA:2,1,1,1
BRDA:2,1,2,1
BRDA:3,2,0,0
BRDA:3,2,1,0
BRDA:5,3,0,0
BRDA:5,3,1,1
BRDA:18,4,0,22
BRDA:18,4,1,17
BRDA:21,5,0,22
BRDA:21,5,1,21
BRF:11
BRH:11
end_of_record
TN:
SF:V:\ts-code-generator\dist\binders\structure\general\StructureIndexSignatureBinder.js
FN:2,(anonymous_1)
FN:4,__
FN:9,(anonymous_3)
FN:11,StructureIndexSignatureBinder
FN:16,(anonymous_5)
FN:19,(anonymous_6)
FNF:6
FNH:6
FNDA:1,(anonymous_1)
FNDA:1,__
FNDA:1,(anonymous_3)
FNDA:7,StructureIndexSignatureBinder
FNDA:7,(anonymous_5)
FNDA:7,(anonymous_6)
DA:2,1
DA:3,1
DA:4,1
DA:5,1
DA:7,1
DA:8,1
DA:9,1
DA:10,1
DA:11,1
DA:12,7
DA:13,7
DA:14,7
DA:16,1
DA:17,7
DA:19,1
DA:21,7
DA:23,1
DA:25,1
LF:18
LH:18
BRDA:2,1,0,1
BRDA:2,1,1,1
BRDA:2,1,2,1
BRDA:3,2,0,0
BRDA:3,2,1,0
BRDA:5,3,0,0
BRDA:5,3,1,1
BRDA:17,4,0,7
BRDA:17,4,1,0
BRDA:21,5,0,7
BRDA:21,5,1,3
BRF:11
BRH:10
end_of_record
TN:
SF:V:\ts-code-generator\dist\binders\structure\general\StructureObjectPropertyBinder.js
FN:2,(anonymous_1)
FN:4,__
FN:9,(anonymous_3)
FN:11,StructureObjectPropertyBinder
FNF:4
FNH:4
FNDA:1,(anonymous_1)
FNDA:1,__
FNDA:1,(anonymous_3)
FNDA:10,StructureObjectPropertyBinder
DA:2,1
DA:3,1
DA:4,1
DA:5,1
DA:7,1
DA:8,1
DA:9,1
DA:10,1
DA:11,1
DA:12,10
DA:14,1
DA:16,1
LF:12
LH:12
BRDA:2,1,0,1
BRDA:2,1,1,1
BRDA:2,1,2,1
BRDA:3,2,0,0
BRDA:3,2,1,0
BRDA:5,3,0,0
BRDA:5,3,1,1
BRF:7
BRH:7
end_of_record
TN:
SF:V:\ts-code-generator\dist\binders\structure\general\StructureTypeAliasBinder.js
FN:2,(anonymous_1)
FN:4,__
FN:16,(anonymous_3)
FN:18,StructureTypeAliasBinder
FNF:4
FNH:4
FNDA:1,(anonymous_1)
FNDA:1,__
FNDA:1,(anonymous_3)
FNDA:13,StructureTypeAliasBinder
DA:2,1
DA:3,1
DA:4,1
DA:5,1
DA:7,1
DA:8,1
DA:9,1
DA:10,1
DA:11,1
DA:12,1
DA:13,1
DA:14,1
DA:15,1
DA:16,1
DA:17,1
DA:18,1
DA:19,13
DA:21,1
DA:23,1
LF:19
LH:19
BRDA:2,1,0,1
BRDA:2,1,1,1
BRDA:2,1,2,1
BRDA:3,2,0,0
BRDA:3,2,1,0
BRDA:5,3,0,0
BRDA:5,3,1,1
BRF:7
BRH:7
end_of_record
TN:
SF:V:\ts-code-generator\dist\binders\structure\general\StructureTypeParameterBinder.js
FN:2,(anonymous_1)
FN:4,__
FN:10,(anonymous_3)
FN:12,StructureTypeParameterBinder
FN:17,(anonymous_5)
FNF:5
FNH:5
FNDA:1,(anonymous_1)
FNDA:1,__
FNDA:1,(anonymous_3)
FNDA:20,StructureTypeParameterBinder
FNDA:20,(anonymous_5)
DA:2,1
DA:3,1
DA:4,1
DA:5,1
DA:7,1
DA:8,1
DA:9,1
DA:10,1
DA:11,1
DA:12,1
DA:13,20
DA:14,20
DA:15,20
DA:17,1
DA:18,20
DA:20,1
DA:22,1
LF:17
LH:17
BRDA:2,1,0,1
BRDA:2,1,1,1
BRDA:2,1,2,1
BRDA:3,2,0,0
BRDA:3,2,1,0
BRDA:5,3,0,0
BRDA:5,3,1,1
BRDA:18,4,0,17
BRDA:18,4,1,3
BRF:9
BRH:9
end_of_record
TN:
SF:V:\ts-code-generator\dist\binders\structure\general\StructureUserDefinedTypeGuardBinder.js
FN:2,(anonymous_1)
FN:4,__
FN:9,(anonymous_3)
FN:11,StructureUserDefinedTypeGuardBinder
FN:16,(anonymous_5)
FN:19,(anonymous_6)
FNF:6
FNH:6
FNDA:1,(anonymous_1)
FNDA:1,__
FNDA:1,(anonymous_3)
FNDA:5,StructureUserDefinedTypeGuardBinder
FNDA:5,(anonymous_5)
FNDA:5,(anonymous_6)
DA:2,1
DA:3,1
DA:4,1
DA:5,1
DA:7,1
DA:8,1
DA:9,1
DA:10,1
DA:11,1
DA:12,5
DA:13,5
DA:14,5
DA:16,1
DA:17,5
DA:19,1
DA:20,5
DA:22,1
DA:24,1
LF:18
LH:18
BRDA:2,1,0,1
BRDA:2,1,1,1
BRDA:2,1,2,1
BRDA:3,2,0,0
BRDA:3,2,1,0
BRDA:5,3,0,0
BRDA:5,3,1,1
BRDA:17,4,0,5
BRDA:17,4,1,2
BRF:9
BRH:9
end_of_record
TN:
SF:V:\ts-code-generator\dist\binders\structure\interface.js
FN:2,__export
FNF:1
FNH:1
FNDA:4,__export
DA:2,1
DA:3,4
DA:5,1
DA:6,1
DA:7,1
DA:8,1
LF:6
LH:6
BRDA:3,1,0,4
BRDA:3,1,1,0
BRF:2
BRH:2
end_of_record
TN:
SF:V:\ts-code-generator\dist\binders\structure\interface\StructureInterfaceBinder.js
FN:2,(anonymous_1)
FN:4,__
FN:10,(anonymous_3)
FN:12,StructureInterfaceBinder
FN:17,(anonymous_5)
FN:19,(anonymous_6)
FN:21,(anonymous_7)
FN:24,(anonymous_8)
FN:25,(anonymous_9)
FN:26,(anonymous_10)
FN:27,(anonymous_11)
FN:28,(anonymous_12)
FNF:12
FNH:12
FNDA:1,(anonymous_1)
FNDA:1,__
FNDA:1,(anonymous_3)
FNDA:20,StructureInterfaceBinder
FNDA:20,(anonymous_5)
FNDA:1,(anonymous_6)
FNDA:20,(anonymous_7)
FNDA:3,(anonymous_8)
FNDA:3,(anonymous_9)
FNDA:3,(anonymous_10)
FNDA:2,(anonymous_11)
FNDA:3,(anonymous_12)
DA:2,1
DA:3,1
DA:4,1
DA:5,1
DA:7,1
DA:8,1
DA:9,1
DA:10,1
DA:11,1
DA:12,1
DA:13,20
DA:14,20
DA:15,20
DA:17,1
DA:18,20
DA:19,20
DA:21,1
DA:22,20
DA:23,20
DA:24,20
DA:25,20
DA:26,20
DA:27,20
DA:28,20
DA:29,20
DA:30,0
DA:32,1
DA:34,1
LF:28
LH:27
BRDA:2,1,0,1
BRDA:2,1,1,1
BRDA:2,1,2,1
BRDA:3,2,0,0
BRDA:3,2,1,0
BRDA:5,3,0,0
BRDA:5,3,1,1
BRDA:19,4,0,20
BRDA:19,4,1,19
BRDA:24,5,0,20
BRDA:24,5,1,18
BRDA:25,6,0,20
BRDA:25,6,1,18
BRDA:26,7,0,20
BRDA:26,7,1,18
BRDA:27,8,0,20
BRDA:27,8,1,19
BRDA:28,9,0,20
BRDA:28,9,1,18
BRF:19
BRH:19
end_of_record
TN:
SF:V:\ts-code-generator\dist\binders\structure\interface\StructureInterfaceMethodBinder.js
FN:2,(anonymous_1)
FN:4,__
FN:11,(anonymous_3)
FN:13,StructureInterfaceMethodBinder
FNF:4
FNH:4
FNDA:1,(anonymous_1)
FNDA:1,__
FNDA:1,(anonymous_3)
FNDA:8,StructureInterfaceMethodBinder
DA:2,1
DA:3,1
DA:4,1
DA:5,1
DA:7,1
DA:8,1
DA:9,1
DA:10,1
DA:11,1
DA:12,1
DA:13,1
DA:14,8
DA:16,1
DA:18,1
LF:14
LH:14
BRDA:2,1,0,1
BRDA:2,1,1,1
BRDA:2,1,2,1
BRDA:3,2,0,0
BRDA:3,2,1,0
BRDA:5,3,0,0
BRDA:5,3,1,1
BRF:7
BRH:7
end_of_record
TN:
SF:V:\ts-code-generator\dist\binders\structure\interface\StructureInterfaceMethodParameterBinder.js
FN:2,(anonymous_1)
FN:4,__
FN:9,(anonymous_3)
FN:11,StructureInterfaceMethodParameterBinder
FNF:4
FNH:4
FNDA:1,(anonymous_1)
FNDA:1,__
FNDA:1,(anonymous_3)
FNDA:4,StructureInterfaceMethodParameterBinder
DA:2,1
DA:3,1
DA:4,1
DA:5,1
DA:7,1
DA:8,1
DA:9,1
DA:10,1
DA:11,1
DA:12,4
DA:14,1
DA:16,1
LF:12
LH:12
BRDA:2,1,0,1
BRDA:2,1,1,1
BRDA:2,1,2,1
BRDA:3,2,0,0
BRDA:3,2,1,0
BRDA:5,3,0,0
BRDA:5,3,1,1
BRF:7
BRH:7
end_of_record
TN:
SF:V:\ts-code-generator\dist\binders\structure\interface\StructureInterfacePropertyBinder.js
FN:2,(anonymous_1)
FN:4,__
FN:9,(anonymous_3)
FN:11,StructureInterfacePropertyBinder
FNF:4
FNH:4
FNDA:1,(anonymous_1)
FNDA:1,__
FNDA:1,(anonymous_3)
FNDA:8,StructureInterfacePropertyBinder
DA:2,1
DA:3,1
DA:4,1
DA:5,1
DA:7,1
DA:8,1
DA:9,1
DA:10,1
DA:11,1
DA:12,8
DA:14,1
DA:16,1
LF:12
LH:12
BRDA:2,1,0,1
BRDA:2,1,1,1
BRDA:2,1,2,1
BRDA:3,2,0,0
BRDA:3,2,1,0
BRDA:5,3,0,0
BRDA:5,3,1,1
BRF:7
BRH:7
end_of_record
TN:
SF:V:\ts-code-generator\dist\binders\structure\namespace.js
FN:2,__export
FNF:1
FNH:1
FNDA:1,__export
DA:2,1
DA:3,1
DA:5,1
LF:3
LH:3
BRDA:3,1,0,1
BRDA:3,1,1,0
BRF:2
BRH:2
end_of_record
TN:
SF:V:\ts-code-generator\dist\binders\structure\namespace\StructureNamespaceBinder.js
FN:2,(anonymous_1)
FN:4,__
FN:10,(anonymous_3)
FN:12,StructureNamespaceBinder
FN:16,(anonymous_5)
FNF:5
FNH:5
FNDA:1,(anonymous_1)
FNDA:1,__
FNDA:1,(anonymous_3)
FNDA:31,StructureNamespaceBinder
FNDA:31,(anonymous_5)
DA:2,1
DA:3,1
DA:4,1
DA:5,1
DA:7,1
DA:8,1
DA:9,1
DA:10,1
DA:11,1
DA:12,1
DA:13,31
DA:14,31
DA:16,1
DA:17,31
DA:19,1
DA:21,1
LF:16
LH:16
BRDA:2,1,0,1
BRDA:2,1,1,1
BRDA:2,1,2,1
BRDA:3,2,0,0
BRDA:3,2,1,0
BRDA:5,3,0,0
BRDA:5,3,1,1
BRDA:17,4,0,31
BRDA:17,4,1,29
BRF:9
BRH:9
end_of_record
TN:
SF:V:\ts-code-generator\dist\binders\structure\variable.js
FN:2,__export
FNF:1
FNH:1
FNDA:1,__export
DA:2,1
DA:3,1
DA:5,1
LF:3
LH:3
BRDA:3,1,0,1
BRDA:3,1,1,0
BRF:2
BRH:2
end_of_record
TN:
SF:V:\ts-code-generator\dist\binders\structure\variable\StructureVariableBinder.js
FN:2,(anonymous_1)
FN:4,__
FN:10,(anonymous_3)
FN:12,StructureVariableBinder
FN:16,(anonymous_5)
FNF:5
FNH:5
FNDA:1,(anonymous_1)
FNDA:1,__
FNDA:1,(anonymous_3)
FNDA:24,StructureVariableBinder
FNDA:24,(anonymous_5)
DA:2,1
DA:3,1
DA:4,1
DA:5,1
DA:7,1
DA:8,1
DA:9,1
DA:10,1
DA:11,1
DA:12,1
DA:13,24
DA:14,24
DA:16,1
DA:17,24
DA:19,1
DA:21,1
LF:16
LH:16
BRDA:2,1,0,1
BRDA:2,1,1,1
BRDA:2,1,2,1
BRDA:3,2,0,0
BRDA:3,2,1,0
BRDA:5,3,0,0
BRDA:5,3,1,1
BRDA:17,4,0,24
BRDA:17,4,1,18
BRF:9
BRH:9
end_of_record
